#
# A fatal error has been detected by the Java Runtime Environment:
#
#  SIGSEGV (0xb) at pc=0x00007fb9df430a18, pid=10512, tid=0x00007fb9a2c16700
#
# JRE version: Java(TM) SE Runtime Environment (8.0_92-b14) (build 1.8.0_92-b14)
# Java VM: Java HotSpot(TM) 64-Bit Server VM (25.92-b14 mixed mode linux-amd64 compressed oops)
# Problematic frame:
# V  [libjvm.so+0xa28a18]  SymbolTable::unlink(int*, int*)+0x78
#
# Failed to write core dump. Core dumps have been disabled. To enable core dumping, try "ulimit -c unlimited" before starting Java again
#
# If you would like to submit a bug report, please visit:
#   http://bugreport.java.com/bugreport/crash.jsp
#

---------------  T H R E A D  ---------------

Current thread (0x00007fb9d8080800):  VMThread [stack: 0x00007fb9a2b16000,0x00007fb9a2c17000] [id=10527]

siginfo: si_signo: 11 (SIGSEGV), si_code: 1 (SEGV_MAPERR), si_addr: 0x00007fbb61ced380

Registers:
RAX=0x00007fbb61ced378, RBX=0x00007fbb61ced378, RCX=0x00007fb960000048, RDX=0x00007fb9d802e350
RSP=0x00007fb9a2c155f0, RBP=0x00007fb9a2c15620, RSI=0x00000000ffffffff, RDI=0x00007fb961d8f970
R8 =0x00007fb961d94760, R9 =0x0000000000000000, R10=0x0000000000000001, R11=0x00007fb9df3855c0
R12=0x00007fb961d8be48, R13=0x00007fb9a2c1579c, R14=0x00007fb9a2c15798, R15=0x0000000000011028
RIP=0x00007fb9df430a18, EFLAGS=0x0000000000010206, CSGSFS=0x0000000000000033, ERR=0x0000000000000004
  TRAPNO=0x000000000000000e

Top of Stack: (sp=0x00007fb9a2c155f0)
0x00007fb9a2c155f0:   0000000000027158 00007fb9a2c15798
0x00007fb9a2c15600:   00007fb9a2c1579c 00007fb9a2c15680
0x00007fb9a2c15610:   0000000000000008 00007fb9a2c15740
0x00007fb9a2c15620:   00007fb9a2c157d0 00007fb9df38742c
0x00007fb9a2c15630:   00007fb9df9c13a0 00007fb900000008
0x00007fb9a2c15640:   00007fb9a2c15790 00007fb9a2c156e0
0x00007fb9a2c15650:   00007fb9a2c15710 00007fb9df9c1420
0x00007fb9a2c15660:   0000000000000000 0000000000000670
0x00007fb9a2c15670:   000000000000011d 0000000000000027
0x00007fb9a2c15680:   00007fb9df5180f1 00007fb9dfb00100
0x00007fb9a2c15690:   00007fb9df9c13a0 00000003c2eff498
0x00007fb9a2c156a0:   0000000cc230f8aa 00007fb9a2c15700
0x00007fb9a2c156b0:   00007fb9df550406 00000001a2c10100
0x00007fb9a2c156c0:   00007fb9df9c13a0 00000003c2ed8b1a
0x00007fb9a2c156d0:   0000000cc228c9f6 00007fb9d807fe90
0x00007fb9a2c156e0:   0000000000000000 0000000000000670
0x00007fb9a2c156f0:   000000000000011d 0000000000000027
0x00007fb9a2c15700:   0000000cbb34ee76 00000000236151c9
0x00007fb9a2c15710:   00007fb9df5503ef 00007fb9a2c10100
0x00007fb9a2c15720:   00007fb9df9c13a0 00000003c0e0a96a
0x00007fb9a2c15730:   0000000cbb343c91 00007fb9a2c15780
0x00007fb9a2c15740:   00007fb9df9675b0 00007fb900000008
0x00007fb9a2c15750:   00007fb9d807c7d0 0000000100000008
0x00007fb9a2c15760:   00007fb9df965010 00007fb9d807bf00
0x00007fb9a2c15770:   00007fb9d807d140 00007fb9d807fe90
0x00007fb9a2c15780:   00007fb9df965040 00007fb9d807d140
0x00007fb9a2c15790:   00007fb9d800a001 0000ac2f00000029
0x00007fb9a2c157a0:   0000000000002854 00007fb9d807be70
0x00007fb9a2c157b0:   00007fb9d807bf20 0000000000000000
0x00007fb9a2c157c0:   00007fb9d807fe90 00007fb9d8017ea0
0x00007fb9a2c157d0:   00007fb9a2c15af0 00007fb9df38c58e
0x00007fb9a2c157e0:   0000000300000001 0000000c00000001 

Instructions: (pc=0x00007fb9df430a18)
0x00007fb9df4309f8:   52 48 8b 15 b0 20 59 00 48 8b 42 08 4c 01 f8 48
0x00007fb9df430a08:   8b 18 48 85 db 74 e0 49 89 c4 66 0f 1f 44 00 00
0x00007fb9df430a18:   f6 43 08 01 75 c2 48 8b 7b 10 41 83 45 00 01 0f
0x00007fb9df430a28:   b7 47 02 66 85 c0 74 40 4c 8d 63 08 49 8b 04 24 

Register to memory mapping:

RAX=0x00007fbb61ced378 is an unknown value
RBX=0x00007fbb61ced378 is an unknown value
RCX=0x00007fb960000048 is an unknown value
RDX=0x00007fb9d802e350 is an unknown value
RSP=0x00007fb9a2c155f0 is an unknown value
RBP=0x00007fb9a2c15620 is an unknown value
RSI=0x00000000ffffffff is an unallocated location in the heap
RDI=0x00007fb961d8f970 is an unknown value
R8 =0x00007fb961d94760 is an unknown value
R9 =0x0000000000000000 is an unknown value
R10=0x0000000000000001 is an unknown value
R11=0x00007fb9df3855c0: <offset 0x97d5c0> in /opt/java/jdk1.8.0_92/jre/lib/amd64/server/libjvm.so at 0x00007fb9dea08000
R12=0x00007fb961d8be48 is an unknown value
R13=0x00007fb9a2c1579c is an unknown value
R14=0x00007fb9a2c15798 is an unknown value
R15=0x0000000000011028 is an unknown value


Stack: [0x00007fb9a2b16000,0x00007fb9a2c17000],  sp=0x00007fb9a2c155f0,  free space=1021k
Native frames: (J=compiled Java code, j=interpreted, Vv=VM code, C=native code)
V  [libjvm.so+0xa28a18]  SymbolTable::unlink(int*, int*)+0x78
V  [libjvm.so+0x97f42c]  PSParallelCompact::marking_phase(ParCompactionManager*, bool, ParallelOldTracer*)+0x51c
V  [libjvm.so+0x98458e]  PSParallelCompact::invoke_no_policy(bool)+0x40e
V  [libjvm.so+0x984e03]  PSParallelCompact::invoke(bool)+0x63
V  [libjvm.so+0x482564]  CollectedHeap::collect_as_vm_thread(GCCause::Cause)+0x114
V  [libjvm.so+0xabead1]  VM_CollectForMetadataAllocation::doit()+0x161
V  [libjvm.so+0xac6aa5]  VM_Operation::evaluate()+0x55
V  [libjvm.so+0xac4e7a]  VMThread::evaluate_operation(VM_Operation*)+0xba
V  [libjvm.so+0xac51fe]  VMThread::loop()+0x1ce
V  [libjvm.so+0xac5670]  VMThread::run()+0x70
V  [libjvm.so+0x91fad8]  java_start(Thread*)+0x108

VM_Operation (0x00007fb9a021ab40): CollectForMetadataAllocation, mode: safepoint, requested by thread 0x00007fb9d9787800


---------------  P R O C E S S  ---------------

Java Threads: ( => current thread )
  0x00007fb961dd7000 JavaThread "Scheduler-1781668126" [_thread_blocked, id=10644, stack(0x00007fb959d90000,0x00007fb959e91000)]
  0x00007fb9d9552000 JavaThread "PathWatcher-Thread[/home/rubn/Documentos/java/aplicaciones/maven/MVP (+43)]" daemon [_thread_blocked, id=10629, stack(0x00007fb95a091000,0x00007fb95a192000)]
  0x00007fb9d94e6000 JavaThread "Thread-18" daemon [_thread_blocked, id=10628, stack(0x00007fb95a192000,0x00007fb95a293000)]
  0x00007fb9d9378000 JavaThread "Atmosphere-Shared-DispatchOp-0" daemon [_thread_blocked, id=10627, stack(0x00007fb95a493000,0x00007fb95a594000)]
  0x00007fb934001000 JavaThread "Atmosphere-Scheduler-1" daemon [_thread_blocked, id=10626, stack(0x00007fb95a594000,0x00007fb95a695000)]
  0x00007fb9d9376000 JavaThread "Atmosphere-Scheduler-0" daemon [_thread_blocked, id=10625, stack(0x00007fb95a695000,0x00007fb95a796000)]
  0x00007fb9d9075800 JavaThread "org.eclipse.jetty.server.session.HashSessionManager@4cb702ceTimer" daemon [_thread_blocked, id=10624, stack(0x00007fb95b127000,0x00007fb95b228000)]
  0x00007fb93c001000 JavaThread "qtp1650327539-36" [_thread_in_native, id=10619, stack(0x00007fb95b026000,0x00007fb95b127000)]
  0x00007fb9d8a2d800 JavaThread "qtp1650327539-34" [_thread_blocked, id=10617, stack(0x00007fb95b428000,0x00007fb95b529000)]
  0x00007fb9d8f94000 JavaThread "qtp1650327539-33" [_thread_in_native, id=10616, stack(0x00007fb95b529000,0x00007fb95b62a000)]
  0x00007fb9d8f92000 JavaThread "qtp1650327539-32" [_thread_in_native, id=10615, stack(0x00007fb95b62a000,0x00007fb95b72b000)]
  0x00007fb9d8f90800 JavaThread "qtp1650327539-31-acceptor-0@70922bad-ServerConnector@7364eed1{HTTP/1.1,[http/1.1]}{0.0.0.0:8080}" [_thread_in_native, id=10614, stack(0x00007fb95b72b000,0x00007fb95b82c000)]
  0x00007fb9d8f8e800 JavaThread "qtp1650327539-30" [_thread_in_native, id=10613, stack(0x00007fb95b82c000,0x00007fb95b92d000)]
  0x00007fb9d9789000 JavaThread "qtp1650327539-29" [_thread_blocked, id=10612, stack(0x00007fb95b92d000,0x00007fb95ba2e000)]
  0x00007fb9d9787800 JavaThread "qtp1650327539-28" [_thread_blocked, id=10611, stack(0x00007fb9a0120000,0x00007fb9a0221000)]
  0x00007fb9d8f8d000 JavaThread "qtp1650327539-27" [_thread_blocked, id=10610, stack(0x00007fb9a001f000,0x00007fb9a0120000)]
  0x00007fb9d8d8b000 JavaThread "resolver-5" daemon [_thread_blocked, id=10564, stack(0x00007fb9a0221000,0x00007fb9a0322000)]
  0x00007fb9d8d89000 JavaThread "resolver-4" daemon [_thread_blocked, id=10563, stack(0x00007fb9a0322000,0x00007fb9a0423000)]
  0x00007fb9d8d86000 JavaThread "resolver-3" daemon [_thread_blocked, id=10562, stack(0x00007fb9a0423000,0x00007fb9a0524000)]
  0x00007fb9d8d85800 JavaThread "resolver-2" daemon [_thread_blocked, id=10561, stack(0x00007fb9a0625000,0x00007fb9a0726000)]
  0x00007fb9d8d83800 JavaThread "resolver-1" daemon [_thread_blocked, id=10560, stack(0x00007fb9a0524000,0x00007fb9a0625000)]
  0x00007fb9d8d7f800 JavaThread "process reaper" daemon [_thread_blocked, id=10539, stack(0x00007fb9a0726000,0x00007fb9a075f000)]
  0x00007fb9d80d3800 JavaThread "Service Thread" daemon [_thread_blocked, id=10535, stack(0x00007fb9a1c2c000,0x00007fb9a1d2d000)]
  0x00007fb9d80c8800 JavaThread "C1 CompilerThread3" daemon [_thread_blocked, id=10534, stack(0x00007fb9a1d2d000,0x00007fb9a1e2e000)]
  0x00007fb9d80c6000 JavaThread "C2 CompilerThread2" daemon [_thread_blocked, id=10533, stack(0x00007fb9a1e2e000,0x00007fb9a1f2f000)]
  0x00007fb9d80c4000 JavaThread "C2 CompilerThread1" daemon [_thread_blocked, id=10532, stack(0x00007fb9a1f2f000,0x00007fb9a2030000)]
  0x00007fb9d80c1800 JavaThread "C2 CompilerThread0" daemon [_thread_blocked, id=10531, stack(0x00007fb9a2030000,0x00007fb9a2131000)]
  0x00007fb9d80c0000 JavaThread "Signal Dispatcher" daemon [_thread_blocked, id=10530, stack(0x00007fb9a2131000,0x00007fb9a2232000)]
  0x00007fb9d808d000 JavaThread "Finalizer" daemon [_thread_blocked, id=10529, stack(0x00007fb9a2914000,0x00007fb9a2a15000)]
  0x00007fb9d8088000 JavaThread "Reference Handler" daemon [_thread_blocked, id=10528, stack(0x00007fb9a2a15000,0x00007fb9a2b16000)]
  0x00007fb9d800a000 JavaThread "main" [_thread_blocked, id=10518, stack(0x00007fb9e04f2000,0x00007fb9e05f3000)]

Other Threads:
=>0x00007fb9d8080800 VMThread [stack: 0x00007fb9a2b16000,0x00007fb9a2c17000] [id=10527]
  0x00007fb9d80d6800 WatcherThread [stack: 0x00007fb9a1b2b000,0x00007fb9a1c2c000] [id=10536]

VM state:at safepoint (normal execution)

VM Mutex/Monitor currently owned by a thread:  ([mutex/lock_event])
[0x00007fb9d8006400] Threads_lock - owner thread: 0x00007fb9d8080800
[0x00007fb9d8006900] Heap_lock - owner thread: 0x00007fb9d9787800

Heap:
 PSYoungGen      total 267776K, used 13796K [0x00000000d7100000, 0x00000000f5180000, 0x0000000100000000)
  eden space 253952K, 0% used [0x00000000d7100000,0x00000000d7100000,0x00000000e6900000)
  from space 13824K, 99% used [0x00000000e6900000,0x00000000e76791e8,0x00000000e7680000)
  to   space 30720K, 0% used [0x00000000f3380000,0x00000000f3380000,0x00000000f5180000)
 ParOldGen       total 64512K, used 46299K [0x0000000085200000, 0x0000000089100000, 0x00000000d7100000)
  object space 64512K, 71% used [0x0000000085200000,0x0000000087f36f50,0x0000000089100000)
 Metaspace       used 34418K, capacity 35156K, committed 35496K, reserved 1081344K
  class space    used 4234K, capacity 4490K, committed 4520K, reserved 1048576K

Card table byte_map: [0x00007fb9dcecf000,0x00007fb9dd2a7000] byte_map_base: 0x00007fb9dcaa6000

Marking Bits: (ParMarkBitMap*) 0x00007fb9df9c14c0
 Begin Bits: [0x00007fb9a4290000, 0x00007fb9a6148000)
 End Bits:   [0x00007fb9a6148000, 0x00007fb9a8000000)

Polling page: 0x00007fb9e0610000

CodeCache: size=245760Kb used=15538Kb max_used=15545Kb free=230221Kb
 bounds [0x00007fb9c9000000, 0x00007fb9c9f50000, 0x00007fb9d8000000]
 total_blobs=4963 nmethods=4523 adapters=353
 compilation: enabled

Compilation events (10 events):
Event: 16,050 Thread 0x00007fb9d80c8800 5362       3       elemental.json.impl.JreJsonArray::length (8 bytes)
Event: 16,050 Thread 0x00007fb9d80c8800 nmethod 5362 0x00007fb9c9f38c50 code [0x00007fb9c9f38dc0, 0x00007fb9c9f38fb0]
Event: 16,052 Thread 0x00007fb9d80c8800 5363       3       java.util.logging.LogManager::getLogManager (16 bytes)
Event: 16,052 Thread 0x00007fb9d80c8800 nmethod 5363 0x00007fb9c954ed90 code [0x00007fb9c954ef00, 0x00007fb9c954f108]
Event: 16,058 Thread 0x00007fb9d80c8800 5364       3       com.vaadin.ui.AbstractComponent::getState (8 bytes)
Event: 16,058 Thread 0x00007fb9d80c8800 nmethod 5364 0x00007fb9c954e790 code [0x00007fb9c954e920, 0x00007fb9c954ec88]
Event: 16,058 Thread 0x00007fb9d80c8800 5365       3       com.vaadin.server.AbstractClientConnector::getState (6 bytes)
Event: 16,059 Thread 0x00007fb9d80c8800 nmethod 5365 0x00007fb9c9f3bf10 code [0x00007fb9c9f3c080, 0x00007fb9c9f3c288]
Event: 16,064 Thread 0x00007fb9d80c8800 5366       3       com.vaadin.server.AbstractClientConnector::markAsDirty (55 bytes)
Event: 16,065 Thread 0x00007fb9d80c8800 nmethod 5366 0x00007fb9c9f3b910 code [0x00007fb9c9f3baa0, 0x00007fb9c9f3bdf8]

GC Heap History (10 events):
Event: 1,693 GC heap after
Heap after GC invocations=4 (full 0):
 PSYoungGen      total 132096K, used 5104K [0x00000000d7100000, 0x00000000df700000, 0x0000000100000000)
  eden space 126976K, 0% used [0x00000000d7100000,0x00000000d7100000,0x00000000ded00000)
  from space 5120K, 99% used [0x00000000df200000,0x00000000df6fc030,0x00000000df700000)
  to   space 5120K, 0% used [0x00000000ded00000,0x00000000ded00000,0x00000000df200000)
 ParOldGen       total 84992K, used 9249K [0x0000000085200000, 0x000000008a500000, 0x00000000d7100000)
  object space 84992K, 10% used [0x0000000085200000,0x0000000085b086a8,0x000000008a500000)
 Metaspace       used 15337K, capacity 15678K, committed 15744K, reserved 1062912K
  class space    used 1819K, capacity 1919K, committed 1920K, reserved 1048576K
}
Event: 4,496 GC heap before
{Heap before GC invocations=5 (full 0):
 PSYoungGen      total 132096K, used 132080K [0x00000000d7100000, 0x00000000df700000, 0x0000000100000000)
  eden space 126976K, 100% used [0x00000000d7100000,0x00000000ded00000,0x00000000ded00000)
  from space 5120K, 99% used [0x00000000df200000,0x00000000df6fc030,0x00000000df700000)
  to   space 5120K, 0% used [0x00000000ded00000,0x00000000ded00000,0x00000000df200000)
 ParOldGen       total 84992K, used 9249K [0x0000000085200000, 0x000000008a500000, 0x00000000d7100000)
  object space 84992K, 10% used [0x0000000085200000,0x0000000085b086a8,0x000000008a500000)
 Metaspace       used 19512K, capacity 20212K, committed 20480K, reserved 1067008K
  class space    used 2297K, capacity 2514K, committed 2560K, reserved 1048576K
Event: 4,512 GC heap after
Heap after GC invocations=5 (full 0):
 PSYoungGen      total 132096K, used 5104K [0x00000000d7100000, 0x00000000e8500000, 0x0000000100000000)
  eden space 126976K, 0% used [0x00000000d7100000,0x00000000d7100000,0x00000000ded00000)
  from space 5120K, 99% used [0x00000000ded00000,0x00000000df1fc010,0x00000000df200000)
  to   space 14336K, 0% used [0x00000000e7700000,0x00000000e7700000,0x00000000e8500000)
 ParOldGen       total 84992K, used 17390K [0x0000000085200000, 0x000000008a500000, 0x00000000d7100000)
  object space 84992K, 20% used [0x0000000085200000,0x00000000862fb948,0x000000008a500000)
 Metaspace       used 19512K, capacity 20212K, committed 20480K, reserved 1067008K
  class space    used 2297K, capacity 2514K, committed 2560K, reserved 1048576K
}
Event: 4,724 GC heap before
{Heap before GC invocations=6 (full 0):
 PSYoungGen      total 132096K, used 59185K [0x00000000d7100000, 0x00000000e8500000, 0x0000000100000000)
  eden space 126976K, 42% used [0x00000000d7100000,0x00000000da5d0478,0x00000000ded00000)
  from space 5120K, 99% used [0x00000000ded00000,0x00000000df1fc010,0x00000000df200000)
  to   space 14336K, 0% used [0x00000000e7700000,0x00000000e7700000,0x00000000e8500000)
 ParOldGen       total 84992K, used 17390K [0x0000000085200000, 0x000000008a500000, 0x00000000d7100000)
  object space 84992K, 20% used [0x0000000085200000,0x00000000862fb948,0x000000008a500000)
 Metaspace       used 20419K, capacity 21092K, committed 21296K, reserved 1069056K
  class space    used 2397K, capacity 2618K, committed 2688K, reserved 1048576K
Event: 4,753 GC heap after
Heap after GC invocations=6 (full 0):
 PSYoungGen      total 267264K, used 8369K [0x00000000d7100000, 0x00000000e8400000, 0x0000000100000000)
  eden space 253952K, 0% used [0x00000000d7100000,0x00000000d7100000,0x00000000e6900000)
  from space 13312K, 62% used [0x00000000e7700000,0x00000000e7f2c688,0x00000000e8400000)
  to   space 13824K, 0% used [0x00000000e6900000,0x00000000e6900000,0x00000000e7680000)
 ParOldGen       total 84992K, used 17390K [0x0000000085200000, 0x000000008a500000, 0x00000000d7100000)
  object space 84992K, 20% used [0x0000000085200000,0x00000000862fb948,0x000000008a500000)
 Metaspace       used 20419K, capacity 21092K, committed 21296K, reserved 1069056K
  class space    used 2397K, capacity 2618K, committed 2688K, reserved 1048576K
}
Event: 4,753 GC heap before
{Heap before GC invocations=7 (full 1):
 PSYoungGen      total 267264K, used 8369K [0x00000000d7100000, 0x00000000e8400000, 0x0000000100000000)
  eden space 253952K, 0% used [0x00000000d7100000,0x00000000d7100000,0x00000000e6900000)
  from space 13312K, 62% used [0x00000000e7700000,0x00000000e7f2c688,0x00000000e8400000)
  to   space 13824K, 0% used [0x00000000e6900000,0x00000000e6900000,0x00000000e7680000)
 ParOldGen       total 84992K, used 17390K [0x0000000085200000, 0x000000008a500000, 0x00000000d7100000)
  object space 84992K, 20% used [0x0000000085200000,0x00000000862fb948,0x000000008a500000)
 Metaspace       used 20419K, capacity 21092K, committed 21296K, reserved 1069056K
  class space    used 2397K, capacity 2618K, committed 2688K, reserved 1048576K
Event: 4,822 GC heap after
Heap after GC invocations=7 (full 1):
 PSYoungGen      total 267264K, used 0K [0x00000000d7100000, 0x00000000e8400000, 0x0000000100000000)
  eden space 253952K, 0% used [0x00000000d7100000,0x00000000d7100000,0x00000000e6900000)
  from space 13312K, 0% used [0x00000000e7700000,0x00000000e7700000,0x00000000e8400000)
  to   space 13824K, 0% used [0x00000000e6900000,0x00000000e6900000,0x00000000e7680000)
 ParOldGen       total 64512K, used 16041K [0x0000000085200000, 0x0000000089100000, 0x00000000d7100000)
  object space 64512K, 24% used [0x0000000085200000,0x00000000861aa5c0,0x0000000089100000)
 Metaspace       used 20419K, capacity 21092K, committed 21296K, reserved 1069056K
  class space    used 2397K, capacity 2618K, committed 2688K, reserved 1048576K
}
Event: 16,075 GC heap before
{Heap before GC invocations=8 (full 1):
 PSYoungGen      total 267264K, used 201661K [0x00000000d7100000, 0x00000000e8400000, 0x0000000100000000)
  eden space 253952K, 79% used [0x00000000d7100000,0x00000000e35ef570,0x00000000e6900000)
  from space 13312K, 0% used [0x00000000e7700000,0x00000000e7700000,0x00000000e8400000)
  to   space 13824K, 0% used [0x00000000e6900000,0x00000000e6900000,0x00000000e7680000)
 ParOldGen       total 64512K, used 16041K [0x0000000085200000, 0x0000000089100000, 0x00000000d7100000)
  object space 64512K, 24% used [0x0000000085200000,0x00000000861aa5c0,0x0000000089100000)
 Metaspace       used 34418K, capacity 35156K, committed 35496K, reserved 1081344K
  class space    used 4234K, capacity 4490K, committed 4520K, reserved 1048576K
Event: 16,121 GC heap after
Heap after GC invocations=8 (full 1):
 PSYoungGen      total 267776K, used 13796K [0x00000000d7100000, 0x00000000f5180000, 0x0000000100000000)
  eden space 253952K, 0% used [0x00000000d7100000,0x00000000d7100000,0x00000000e6900000)
  from space 13824K, 99% used [0x00000000e6900000,0x00000000e76791e8,0x00000000e7680000)
  to   space 30720K, 0% used [0x00000000f3380000,0x00000000f3380000,0x00000000f5180000)
 ParOldGen       total 64512K, used 46299K [0x0000000085200000, 0x0000000089100000, 0x00000000d7100000)
  object space 64512K, 71% used [0x0000000085200000,0x0000000087f36f50,0x0000000089100000)
 Metaspace       used 34418K, capacity 35156K, committed 35496K, reserved 1081344K
  class space    used 4234K, capacity 4490K, committed 4520K, reserved 1048576K
}
Event: 16,121 GC heap before
{Heap before GC invocations=9 (full 2):
 PSYoungGen      total 267776K, used 13796K [0x00000000d7100000, 0x00000000f5180000, 0x0000000100000000)
  eden space 253952K, 0% used [0x00000000d7100000,0x00000000d7100000,0x00000000e6900000)
  from space 13824K, 99% used [0x00000000e6900000,0x00000000e76791e8,0x00000000e7680000)
  to   space 30720K, 0% used [0x00000000f3380000,0x00000000f3380000,0x00000000f5180000)
 ParOldGen       total 64512K, used 46299K [0x0000000085200000, 0x0000000089100000, 0x00000000d7100000)
  object space 64512K, 71% used [0x0000000085200000,0x0000000087f36f50,0x0000000089100000)
 Metaspace       used 34418K, capacity 35156K, committed 35496K, reserved 1081344K
  class space    used 4234K, capacity 4490K, committed 4520K, reserved 1048576K

Deoptimization events (10 events):
Event: 12,733 Thread 0x00007fb9d9787800 Uncommon trap: reason=class_check action=maybe_recompile pc=0x00007fb9c96fc2c0 method=java.util.Collections$UnmodifiableMap$UnmodifiableEntrySet$UnmodifiableEntry.getKey()Ljava/lang/Object; @ 4
Event: 12,733 Thread 0x00007fb9d9787800 Uncommon trap: reason=class_check action=maybe_recompile pc=0x00007fb9c96f65c0 method=java.util.Collections$UnmodifiableMap$UnmodifiableEntrySet$UnmodifiableEntry.getValue()Ljava/lang/Object; @ 4
Event: 12,733 Thread 0x00007fb9d9787800 Uncommon trap: reason=class_check action=maybe_recompile pc=0x00007fb9c96fc58c method=java.util.Collections$UnmodifiableMap$UnmodifiableEntrySet$1.hasNext()Z @ 4
Event: 12,733 Thread 0x00007fb9d9787800 Uncommon trap: reason=class_check action=maybe_recompile pc=0x00007fb9c9717a44 method=java.util.Collections$UnmodifiableMap$UnmodifiableEntrySet$1.next()Ljava/util/Map$Entry; @ 8
Event: 12,733 Thread 0x00007fb9d9787800 Uncommon trap: reason=class_check action=maybe_recompile pc=0x00007fb9c96fc2c0 method=java.util.Collections$UnmodifiableMap$UnmodifiableEntrySet$UnmodifiableEntry.getKey()Ljava/lang/Object; @ 4
Event: 12,733 Thread 0x00007fb9d9787800 Uncommon trap: reason=class_check action=maybe_recompile pc=0x00007fb9c96f65c0 method=java.util.Collections$UnmodifiableMap$UnmodifiableEntrySet$UnmodifiableEntry.getValue()Ljava/lang/Object; @ 4
Event: 12,733 Thread 0x00007fb9d9787800 Uncommon trap: reason=class_check action=maybe_recompile pc=0x00007fb9c96fc58c method=java.util.Collections$UnmodifiableMap$UnmodifiableEntrySet$1.hasNext()Z @ 4
Event: 12,733 Thread 0x00007fb9d9787800 Uncommon trap: reason=class_check action=maybe_recompile pc=0x00007fb9c9717a44 method=java.util.Collections$UnmodifiableMap$UnmodifiableEntrySet$1.next()Ljava/util/Map$Entry; @ 8
Event: 12,733 Thread 0x00007fb9d9787800 Uncommon trap: reason=class_check action=maybe_recompile pc=0x00007fb9c96fc2c0 method=java.util.Collections$UnmodifiableMap$UnmodifiableEntrySet$UnmodifiableEntry.getKey()Ljava/lang/Object; @ 4
Event: 12,733 Thread 0x00007fb9d9787800 Uncommon trap: reason=class_check action=maybe_recompile pc=0x00007fb9c96f65c0 method=java.util.Collections$UnmodifiableMap$UnmodifiableEntrySet$UnmodifiableEntry.getValue()Ljava/lang/Object; @ 4

Internal exceptions (10 events):
Event: 14,766 Thread 0x00007fb9d9789000 Exception <a 'sun/nio/fs/UnixException'> (0x00000000e33b3db8) thrown at [/HUDSON/workspace/8-2-build-linux-amd64/jdk8u92/6642/hotspot/src/share/vm/prims/jni.cpp, line 709]
Event: 14,766 Thread 0x00007fb9d9789000 Exception <a 'sun/nio/fs/UnixException'> (0x00000000e33b4658) thrown at [/HUDSON/workspace/8-2-build-linux-amd64/jdk8u92/6642/hotspot/src/share/vm/prims/jni.cpp, line 709]
Event: 14,766 Thread 0x00007fb9d9789000 Exception <a 'sun/nio/fs/UnixException'> (0x00000000e33b4ef8) thrown at [/HUDSON/workspace/8-2-build-linux-amd64/jdk8u92/6642/hotspot/src/share/vm/prims/jni.cpp, line 709]
Event: 14,766 Thread 0x00007fb9d9789000 Exception <a 'sun/nio/fs/UnixException'> (0x00000000e33b5918) thrown at [/HUDSON/workspace/8-2-build-linux-amd64/jdk8u92/6642/hotspot/src/share/vm/prims/jni.cpp, line 709]
Event: 14,804 Thread 0x00007fb9d8f8d000 Exception <a 'sun/nio/fs/UnixException'> (0x00000000e2eac900) thrown at [/HUDSON/workspace/8-2-build-linux-amd64/jdk8u92/6642/hotspot/src/share/vm/prims/jni.cpp, line 709]
Event: 14,804 Thread 0x00007fb9d8f8d000 Exception <a 'sun/nio/fs/UnixException'> (0x00000000e2ead7b0) thrown at [/HUDSON/workspace/8-2-build-linux-amd64/jdk8u92/6642/hotspot/src/share/vm/prims/jni.cpp, line 709]
Event: 14,804 Thread 0x00007fb9d8f8d000 Exception <a 'sun/nio/fs/UnixException'> (0x00000000e2eadf30) thrown at [/HUDSON/workspace/8-2-build-linux-amd64/jdk8u92/6642/hotspot/src/share/vm/prims/jni.cpp, line 709]
Event: 14,804 Thread 0x00007fb9d8f8d000 Exception <a 'sun/nio/fs/UnixException'> (0x00000000e2eae740) thrown at [/HUDSON/workspace/8-2-build-linux-amd64/jdk8u92/6642/hotspot/src/share/vm/prims/jni.cpp, line 709]
Event: 14,804 Thread 0x00007fb9d8f8d000 Exception <a 'sun/nio/fs/UnixException'> (0x00000000e2eaefe0) thrown at [/HUDSON/workspace/8-2-build-linux-amd64/jdk8u92/6642/hotspot/src/share/vm/prims/jni.cpp, line 709]
Event: 14,804 Thread 0x00007fb9d8f8d000 Exception <a 'sun/nio/fs/UnixException'> (0x00000000e2eaf880) thrown at [/HUDSON/workspace/8-2-build-linux-amd64/jdk8u92/6642/hotspot/src/share/vm/prims/jni.cpp, line 709]

Events (10 events):
Event: 16,062 loading class com/vaadin/data/Property$ValueChangeEvent done
Event: 16,062 loading class com/vaadin/data/Property$ValueChangeEvent
Event: 16,062 loading class com/vaadin/data/Property$ValueChangeEvent done
Event: 16,062 loading class com/vaadin/data/Property$ValueChangeListener
Event: 16,062 loading class com/vaadin/data/Property$ValueChangeListener done
Event: 16,067 Executing VM operation: RevokeBias
Event: 16,068 Executing VM operation: RevokeBias done
Event: 16,073 Executing VM operation: BulkRevokeBias
Event: 16,073 Executing VM operation: BulkRevokeBias done
Event: 16,075 Executing VM operation: CollectForMetadataAllocation


Dynamic libraries:
00400000-00401000 r-xp 00000000 08:06 11142707                           /opt/java/jdk1.8.0_92/bin/java
00600000-00601000 rw-p 00000000 08:06 11142707                           /opt/java/jdk1.8.0_92/bin/java
023a5000-023c6000 rw-p 00000000 00:00 0                                  [heap]
85200000-89100000 rw-p 00000000 00:00 0 
89100000-d7100000 ---p 00000000 00:00 0 
d7100000-f5180000 rw-p 00000000 00:00 0 
f5180000-100000000 ---p 00000000 00:00 0 
100000000-10046a000 rw-p 00000000 00:00 0 
10046a000-140000000 ---p 00000000 00:00 0 
7fb918000000-7fb918021000 rw-p 00000000 00:00 0 
7fb918021000-7fb91c000000 ---p 00000000 00:00 0 
7fb920000000-7fb920021000 rw-p 00000000 00:00 0 
7fb920021000-7fb924000000 ---p 00000000 00:00 0 
7fb924000000-7fb924021000 rw-p 00000000 00:00 0 
7fb924021000-7fb928000000 ---p 00000000 00:00 0 
7fb928000000-7fb928021000 rw-p 00000000 00:00 0 
7fb928021000-7fb92c000000 ---p 00000000 00:00 0 
7fb92c000000-7fb92c021000 rw-p 00000000 00:00 0 
7fb92c021000-7fb930000000 ---p 00000000 00:00 0 
7fb930000000-7fb93111f000 rw-p 00000000 00:00 0 
7fb93111f000-7fb934000000 ---p 00000000 00:00 0 
7fb934000000-7fb934021000 rw-p 00000000 00:00 0 
7fb934021000-7fb938000000 ---p 00000000 00:00 0 
7fb938000000-7fb938b91000 rw-p 00000000 00:00 0 
7fb938b91000-7fb93c000000 ---p 00000000 00:00 0 
7fb93c000000-7fb93c021000 rw-p 00000000 00:00 0 
7fb93c021000-7fb940000000 ---p 00000000 00:00 0 
7fb940000000-7fb9404e4000 rw-p 00000000 00:00 0 
7fb9404e4000-7fb944000000 ---p 00000000 00:00 0 
7fb944000000-7fb94541d000 rw-p 00000000 00:00 0 
7fb94541d000-7fb948000000 ---p 00000000 00:00 0 
7fb948000000-7fb9488db000 rw-p 00000000 00:00 0 
7fb9488db000-7fb94c000000 ---p 00000000 00:00 0 
7fb94c000000-7fb94cee9000 rw-p 00000000 00:00 0 
7fb94cee9000-7fb950000000 ---p 00000000 00:00 0 
7fb950000000-7fb950c09000 rw-p 00000000 00:00 0 
7fb950c09000-7fb954000000 ---p 00000000 00:00 0 
7fb954000000-7fb9568c9000 rw-p 00000000 00:00 0 
7fb9568c9000-7fb958000000 ---p 00000000 00:00 0 
7fb959b90000-7fb959bd0000 rw-p 00000000 00:00 0 
7fb959bd0000-7fb959d90000 ---p 00000000 00:00 0 
7fb959d90000-7fb959d93000 ---p 00000000 00:00 0 
7fb959d93000-7fb95a091000 rw-p 00000000 00:00 0 
7fb95a091000-7fb95a094000 ---p 00000000 00:00 0 
7fb95a094000-7fb95a192000 rw-p 00000000 00:00 0 
7fb95a192000-7fb95a195000 ---p 00000000 00:00 0 
7fb95a195000-7fb95a493000 rw-p 00000000 00:00 0 
7fb95a493000-7fb95a496000 ---p 00000000 00:00 0 
7fb95a496000-7fb95a594000 rw-p 00000000 00:00 0 
7fb95a594000-7fb95a597000 ---p 00000000 00:00 0 
7fb95a597000-7fb95a695000 rw-p 00000000 00:00 0 
7fb95a695000-7fb95a698000 ---p 00000000 00:00 0 
7fb95a698000-7fb95a996000 rw-p 00000000 00:00 0 
7fb95a996000-7fb95a9ac000 r-xp 00000000 08:06 16519528                   /lib/x86_64-linux-gnu/libgcc_s.so.1
7fb95a9ac000-7fb95abab000 ---p 00016000 08:06 16519528                   /lib/x86_64-linux-gnu/libgcc_s.so.1
7fb95abab000-7fb95abac000 r--p 00015000 08:06 16519528                   /lib/x86_64-linux-gnu/libgcc_s.so.1
7fb95abac000-7fb95abad000 rw-p 00016000 08:06 16519528                   /lib/x86_64-linux-gnu/libgcc_s.so.1
7fb95abad000-7fb95adad000 rw-p 00000000 00:00 0 
7fb95adb2000-7fb95adb3000 rw-p 00000000 00:00 0 
7fb95adb3000-7fb95adb8000 r--s 002f9000 08:06 11143422                   /opt/java/jdk1.8.0_92/jre/lib/charsets.jar
7fb95adb8000-7fb95add4000 r--s 00393000 08:06 11143642                   /opt/java/jdk1.8.0_92/jre/lib/ext/cldrdata.jar
7fb95add4000-7fb95adda000 r--s 0003f000 08:06 11143650                   /opt/java/jdk1.8.0_92/jre/lib/ext/sunjce_provider.jar
7fb95adda000-7fb95ae0c000 r-xp 00000000 08:06 11143515                   /opt/java/jdk1.8.0_92/jre/lib/amd64/libsunec.so
7fb95ae0c000-7fb95b00b000 ---p 00032000 08:06 11143515                   /opt/java/jdk1.8.0_92/jre/lib/amd64/libsunec.so
7fb95b00b000-7fb95b011000 rw-p 00031000 08:06 11143515                   /opt/java/jdk1.8.0_92/jre/lib/amd64/libsunec.so
7fb95b011000-7fb95b021000 rw-p 00000000 00:00 0 
7fb95b021000-7fb95b022000 r--s 00009000 08:06 11143649                   /opt/java/jdk1.8.0_92/jre/lib/ext/sunec.jar
7fb95b022000-7fb95b026000 r--s 0003a000 08:06 11143651                   /opt/java/jdk1.8.0_92/jre/lib/ext/sunpkcs11.jar
7fb95b026000-7fb95b029000 ---p 00000000 00:00 0 
7fb95b029000-7fb95b127000 rw-p 00000000 00:00 0 
7fb95b127000-7fb95b12a000 ---p 00000000 00:00 0 
7fb95b12a000-7fb95b428000 rw-p 00000000 00:00 0 
7fb95b428000-7fb95b42b000 ---p 00000000 00:00 0 
7fb95b42b000-7fb95b529000 rw-p 00000000 00:00 0 
7fb95b529000-7fb95b52c000 ---p 00000000 00:00 0 
7fb95b52c000-7fb95b62a000 rw-p 00000000 00:00 0 
7fb95b62a000-7fb95b62d000 ---p 00000000 00:00 0 
7fb95b62d000-7fb95b72b000 rw-p 00000000 00:00 0 
7fb95b72b000-7fb95b72e000 ---p 00000000 00:00 0 
7fb95b72e000-7fb95b82c000 rw-p 00000000 00:00 0 
7fb95b82c000-7fb95b82f000 ---p 00000000 00:00 0 
7fb95b82f000-7fb95b92d000 rw-p 00000000 00:00 0 
7fb95b92d000-7fb95b930000 ---p 00000000 00:00 0 
7fb95b930000-7fb95bc2e000 rw-p 00000000 00:00 0 
7fb95bc2e000-7fb95bc37000 r-xp 00000000 08:06 11143502                   /opt/java/jdk1.8.0_92/jre/lib/amd64/libmanagement.so
7fb95bc37000-7fb95be36000 ---p 00009000 08:06 11143502                   /opt/java/jdk1.8.0_92/jre/lib/amd64/libmanagement.so
7fb95be36000-7fb95be37000 rw-p 00008000 08:06 11143502                   /opt/java/jdk1.8.0_92/jre/lib/amd64/libmanagement.so
7fb95be37000-7fb95be39000 r--s 00006000 08:07 8011998                    /home/rubn/.m2/repository/javax/transaction/javax.transaction-api/1.2/javax.transaction-api-1.2.jar
7fb95be39000-7fb95be3e000 r--s 0002e000 08:07 8012507                    /home/rubn/.m2/repository/org/apache/taglibs/taglibs-standard-impl/1.2.5/taglibs-standard-impl-1.2.5.jar
7fb95be3e000-7fb95be40000 r--s 00008000 08:07 8012505                    /home/rubn/.m2/repository/org/apache/taglibs/taglibs-standard-spec/1.2.5/taglibs-standard-spec-1.2.5.jar
7fb95be40000-7fb95be41000 r--s 00000000 08:07 8012480                    /home/rubn/.m2/repository/org/eclipse/jetty/apache-jstl/9.3.9.v20160517/apache-jstl-9.3.9.v20160517.jar
7fb95be41000-7fb95be53000 r--s 00223000 08:07 4467513                    /home/rubn/.m2/repository/org/eclipse/jdt/core/compiler/ecj/4.4.2/ecj-4.4.2.jar
7fb95be53000-7fb95be57000 r--s 00037000 08:07 8012309                    /home/rubn/.m2/repository/org/mortbay/jasper/apache-el/8.0.33/apache-el-8.0.33.jar
7fb95be57000-7fb95be64000 r--s 000df000 08:07 8012281                    /home/rubn/.m2/repository/org/mortbay/jasper/apache-jsp/8.0.33/apache-jsp-8.0.33.jar
7fb95be64000-7fb95be66000 r--s 0002d000 08:07 8012277                    /home/rubn/.m2/repository/org/eclipse/jetty/toolchain/jetty-schemas/3.1/jetty-schemas-3.1.jar
7fb95be66000-7fb95be67000 r--s 00002000 08:07 8012274                    /home/rubn/.m2/repository/org/eclipse/jetty/apache-jsp/9.3.9.v20160517/apache-jsp-9.3.9.v20160517.jar
7fb95be67000-7fb95be69000 r--s 00003000 08:07 8012263                    /home/rubn/.m2/repository/org/eclipse/jetty/websocket/websocket-servlet/9.3.9.v20160517/websocket-servlet-9.3.9.v20160517.jar
7fb95be69000-7fb95be6a000 r--s 00008000 08:07 8012260                    /home/rubn/.m2/repository/org/eclipse/jetty/websocket/websocket-client/9.3.9.v20160517/websocket-client-9.3.9.v20160517.jar
7fb95be6a000-7fb95be6d000 r--s 00009000 08:07 8012229                    /home/rubn/.m2/repository/org/eclipse/jetty/websocket/websocket-api/9.3.9.v20160517/websocket-api-9.3.9.v20160517.jar
7fb95be6d000-7fb95be72000 r--s 0002a000 08:07 8012225                    /home/rubn/.m2/repository/org/eclipse/jetty/websocket/websocket-common/9.3.9.v20160517/websocket-common-9.3.9.v20160517.jar
7fb95be72000-7fb95be73000 r--s 00006000 08:07 8012221                    /home/rubn/.m2/repository/org/eclipse/jetty/websocket/websocket-server/9.3.9.v20160517/websocket-server-9.3.9.v20160517.jar
7fb95be73000-7fb95be75000 r--s 00007000 08:07 8011969                    /home/rubn/.m2/repository/javax/websocket/javax.websocket-api/1.0/javax.websocket-api-1.0.jar
7fb95be75000-7fb95be7a000 r--s 00022000 08:07 8012217                    /home/rubn/.m2/repository/org/eclipse/jetty/websocket/javax-websocket-client-impl/9.3.9.v20160517/javax-websocket-client-impl-9.3.9.v20160517.jar
7fb95be7a000-7fb95be7c000 r--s 00007000 08:07 8012215                    /home/rubn/.m2/repository/org/eclipse/jetty/websocket/javax-websocket-server-impl/9.3.9.v20160517/javax-websocket-server-impl-9.3.9.v20160517.jar
7fb95be7c000-7fb95be7e000 r--s 00006000 08:07 8011963                    /home/rubn/.m2/repository/org/ow2/asm/asm-tree/5.0.1/asm-tree-5.0.1.jar
7fb95be7e000-7fb95be80000 r--s 00009000 08:07 8011962                    /home/rubn/.m2/repository/org/ow2/asm/asm-commons/5.0.1/asm-commons-5.0.1.jar
7fb95be80000-7fb95be81000 r--s 0000c000 08:07 8011959                    /home/rubn/.m2/repository/org/ow2/asm/asm/5.0.1/asm-5.0.1.jar
7fb95be81000-7fb95be83000 r--s 00005000 08:07 8011958                    /home/rubn/.m2/repository/javax/annotation/javax.annotation-api/1.2/javax.annotation-api-1.2.jar
7fb95be83000-7fb95be85000 r--s 00012000 08:07 4467511                    /home/rubn/.m2/repository/org/eclipse/jetty/jetty-annotations/9.3.9.v20160517/jetty-annotations-9.3.9.v20160517.jar
7fb95be85000-7fb95be86000 r--s 00005000 08:07 8012212                    /home/rubn/.m2/repository/org/eclipse/jetty/jetty-jmx/9.3.9.v20160517/jetty-jmx-9.3.9.v20160517.jar
7fb95be86000-7fb95be89000 r--s 00018000 08:07 4467509                    /home/rubn/.m2/repository/org/eclipse/jetty/jetty-io/9.3.9.v20160517/jetty-io-9.3.9.v20160517.jar
7fb95be89000-7fb95be8c000 r--s 00021000 08:07 4467507                    /home/rubn/.m2/repository/org/eclipse/jetty/jetty-http/9.3.9.v20160517/jetty-http-9.3.9.v20160517.jar
7fb95be8c000-7fb95be8f000 r--s 00015000 08:07 8011948                    /home/rubn/.m2/repository/javax/servlet/javax.servlet-api/3.1.0/javax.servlet-api-3.1.0.jar
7fb95be8f000-7fb95be96000 r--s 00071000 08:07 4467505                    /home/rubn/.m2/repository/org/eclipse/jetty/jetty-server/9.3.9.v20160517/jetty-server-9.3.9.v20160517.jar
7fb95be96000-7fb95be97000 r--s 00009000 08:07 4467503                    /home/rubn/.m2/repository/org/eclipse/jetty/jetty-jndi/9.3.9.v20160517/jetty-jndi-9.3.9.v20160517.jar
7fb95be97000-7fb95be99000 r--s 0000c000 08:07 4467501                    /home/rubn/.m2/repository/org/eclipse/jetty/jetty-plus/9.3.9.v20160517/jetty-plus-9.3.9.v20160517.jar
7fb95be99000-7fb95be9c000 r--s 00015000 08:07 4467499                    /home/rubn/.m2/repository/org/eclipse/jetty/jetty-security/9.3.9.v20160517/jetty-security-9.3.9.v20160517.jar
7fb95be9c000-7fb95be9e000 r--s 00008000 08:07 8012209                    /home/rubn/.m2/repository/org/eclipse/jetty/jetty-jaas/9.3.9.v20160517/jetty-jaas-9.3.9.v20160517.jar
7fb95be9e000-7fb95bea0000 r--s 00007000 08:07 8012201                    /home/rubn/.m2/repository/org/eclipse/jetty/jetty-quickstart/9.3.9.v20160517/jetty-quickstart-9.3.9.v20160517.jar
7fb95bea0000-7fb95bea2000 r--s 0001b000 08:07 4467497                    /home/rubn/.m2/repository/org/eclipse/jetty/jetty-servlet/9.3.9.v20160517/jetty-servlet-9.3.9.v20160517.jar
7fb95bea2000-7fb95bea4000 r--s 0000b000 08:07 4467495                    /home/rubn/.m2/repository/org/eclipse/jetty/jetty-xml/9.3.9.v20160517/jetty-xml-9.3.9.v20160517.jar
7fb95bea4000-7fb95bea6000 r--s 0001a000 08:07 4467493                    /home/rubn/.m2/repository/org/eclipse/jetty/jetty-webapp/9.3.9.v20160517/jetty-webapp-9.3.9.v20160517.jar
7fb95bea6000-7fb95bead000 r--s 00063000 08:07 4467491                    /home/rubn/.m2/repository/org/eclipse/jetty/jetty-util/9.3.9.v20160517/jetty-util-9.3.9.v20160517.jar
7fb95bead000-7fb95beb5000 r--s 00049000 08:07 3548455                    /home/rubn/.m2/repository/backport-util-concurrent/backport-util-concurrent/3.1/backport-util-concurrent-3.1.jar
7fb95beb5000-7fb95beb7000 r--s 00004000 08:07 8012198                    /home/rubn/.m2/repository/org/apache/maven/plugin-tools/maven-plugin-tools-api/3.4/maven-plugin-tools-api-3.4.jar
7fb95beb7000-7fb95bebb000 r--s 0001a000 08:07 8011921                    /home/rubn/.m2/repository/org/sonatype/aether/aether-util/1.11/aether-util-1.11.jar
7fb95bebb000-7fb95bebf000 r--s 00033000 08:07 8011902                    /home/rubn/.m2/repository/org/codehaus/plexus/plexus-utils/2.0.6/plexus-utils-2.0.6.jar
7fb95bebf000-7fb95becb000 r--s 0006b000 08:07 8011897                    /home/rubn/.m2/repository/org/sonatype/sisu/sisu-guice/2.9.4/sisu-guice-2.9.4-no_aop.jar
7fb95becb000-7fb95bed1000 r--s 00033000 08:07 8011896                    /home/rubn/.m2/repository/org/sonatype/sisu/sisu-inject-bean/2.1.1/sisu-inject-bean-2.1.1.jar
7fb95bed1000-7fb95bed3000 r--s 00017000 08:07 8011041                    /home/rubn/.m2/repository/org/eclipse/jetty/jetty-maven-plugin/9.3.9.v20160517/jetty-maven-plugin-9.3.9.v20160517.jar
7fb95bed3000-7fb95bf05000 r--s 00180000 08:07 3681015                    /home/rubn/.m2/repository/com/vaadin/external/gwt/gwt-elemental/2.7.0.vaadin4/gwt-elemental-2.7.0.vaadin4.jar
7fb95bf05000-7fb95bf32000 r--s 00313000 08:07 3680985                    /home/rubn/.m2/repository/com/vaadin/vaadin-client/7.7.3/vaadin-client-7.7.3.jar
7fb95bf32000-7fb95bf33000 r--s 00003000 08:07 8274003                    /home/rubn/.m2/repository/org/vaadin/addons/refresher/1.2.3.7/refresher-1.2.3.7.jar
7fb95bf33000-7fb95bf34000 r--s 00007000 08:07 12870641                   /home/rubn/.m2/repository/org/vaadin/teemu/switch/2.0.3/switch-2.0.3.jar
7fb95bf34000-7fb95bf36000 r--s 00018000 08:07 8668798                    /home/rubn/.m2/repository/javax/servlet/servlet-api/2.5/servlet-api-2.5.jar
7fb95bf36000-7fb95bf3c000 r--s 00046000 08:07 8668783                    /home/rubn/.m2/repository/jfree/jcommon/1.0.15/jcommon-1.0.15.jar
7fb95bf3c000-7fb95bf44000 r--s 00028000 08:07 8142889                    /home/rubn/.m2/repository/xml-apis/xml-apis/1.3.04/xml-apis-1.3.04.jar
7fb95bf44000-7fb95bf47000 r--s 0001d000 08:07 8668795                    /home/rubn/.m2/repository/org/apache/xmlgraphics/batik-util/1.7/batik-util-1.7.jar
7fb95bf47000-7fb95bf4f000 r--s 0005b000 08:07 8668789                    /home/rubn/.m2/repository/org/apache/xmlgraphics/batik-awt-util/1.7/batik-awt-util-1.7.jar
7fb95bf4f000-7fb95bf54000 r--s 00030000 08:07 8668786                    /home/rubn/.m2/repository/org/apache/xmlgraphics/batik-svggen/1.7/batik-svggen-1.7.jar
7fb95bf54000-7fb95bf65000 r--s 0014c000 08:07 8668780                    /home/rubn/.m2/repository/jfree/jfreechart/1.0.13/jfreechart-1.0.13.jar
7fb95bf65000-7fb95bf67000 r--s 00003000 08:07 8668777                    /home/rubn/.m2/repository/org/vaadin/addon/jfreechartwrapper/3.0.2/jfreechartwrapper-3.0.2.jar
7fb95bf67000-7fb95bf68000 r--s 00001000 08:07 8142862                    /home/rubn/.m2/repository/org/vaadin/highcharts/highcharts/1.3/highcharts-1.3.jar
7fb95bf68000-7fb95bf6a000 r--s 00024000 08:07 8142857                    /home/rubn/.m2/repository/org/scream3r/jssc/2.8.0/jssc-2.8.0.jar
7fb95bf6a000-7fb95bf7a000 r--s 0007d000 08:07 8142854                    /home/rubn/.m2/repository/joda-time/joda-time/2.2/joda-time-2.2.jar
7fb95bf7a000-7fb95bf7d000 r--s 0000d000 08:07 8142833                    /home/rubn/.m2/repository/org/vaadin/addons/canvas/2.1/canvas-2.1.jar
7fb95bf7d000-7fb95bf9c000 r--s 00711000 08:07 3810170                    /home/rubn/.m2/repository/com/vaadin/vaadin-themes/7.7.3/vaadin-themes-7.7.3.jar
7fb95bf9c000-7fb95bf9e000 r--s 000d5000 08:07 8668775                    /home/rubn/.m2/repository/com/vaadin/vaadin-client-compiled/7.7.3/vaadin-client-compiled-7.7.3.jar
7fb95bf9e000-7fb95bfa0000 r--s 00007000 08:07 3810167                    /home/rubn/.m2/repository/com/vaadin/external/slf4j/vaadin-slf4j-jdk14/1.6.1/vaadin-slf4j-jdk14-1.6.1.jar
7fb95bfa0000-7fb95bfad000 r--s 000b1000 08:07 3810164                    /home/rubn/.m2/repository/com/vaadin/external/atmosphere/atmosphere-runtime/2.2.9.vaadin2/atmosphere-runtime-2.2.9.vaadin2.jar
7fb95bfad000-7fb95bfae000 r--s 00013000 08:07 3810161                    /home/rubn/.m2/repository/com/vaadin/vaadin-push/7.7.3/vaadin-push-7.7.3.jar
7fb95bfae000-7fb95bfb4000 r--s 00047000 08:07 3810158                    /home/rubn/.m2/repository/org/jsoup/jsoup/1.8.3/jsoup-1.8.3.jar
7fb95bfb4000-7fb95bfc1000 r--s 00057000 08:07 3810155                    /home/rubn/.m2/repository/com/vaadin/vaadin-shared/7.7.3/vaadin-shared-7.7.3.jar
7fb95bfc1000-7fb95bfc3000 r--s 00012000 08:07 3810152                    /home/rubn/.m2/repository/com/vaadin/external/flute/flute/1.3.0.gg2/flute-1.3.0.gg2.jar
7fb95bfc3000-7fb95bfc4000 r--s 00003000 08:07 3810149                    /home/rubn/.m2/repository/org/w3c/css/sac/1.3/sac-1.3.jar
7fb95bfc4000-7fb95bfc7000 r--s 0001a000 08:06 11143443                   /opt/java/jdk1.8.0_92/jre/lib/jce.jar
7fb95bfc7000-7fb95bfd0000 r--s 0007a000 08:07 3810146                    /home/rubn/.m2/repository/com/vaadin/vaadin-sass-compiler/0.9.13/vaadin-sass-compiler-0.9.13.jar
7fb95bfd0000-7fb95bff6000 r--s 0029a000 08:07 3810143                    /home/rubn/.m2/repository/com/vaadin/vaadin-server/7.7.3/vaadin-server-7.7.3.jar
7fb95bff6000-7fb95bff9000 r--s 0001b000 08:07 4465451                    /home/rubn/.m2/repository/junit/junit/3.8.2/junit-3.8.2.jar
7fb95bff9000-7fb95bffa000 r--s 00004000 08:07 4467339                    /home/rubn/.m2/repository/org/codehaus/plexus/plexus-compiler-javac/2.2/plexus-compiler-javac-2.2.jar
7fb95bffa000-7fb95bffc000 r--s 00000000 08:07 4467337                    /home/rubn/.m2/repository/org/codehaus/plexus/plexus-compiler-manager/2.2/plexus-compiler-manager-2.2.jar
7fb95bffc000-7fb95bffe000 r--s 00005000 08:07 4467335                    /home/rubn/.m2/repository/org/codehaus/plexus/plexus-compiler-api/2.2/plexus-compiler-api-2.2.jar
7fb95bffe000-7fb95c000000 r--s 00002000 08:07 4465426                    /home/rubn/.m2/repository/org/apache/maven/shared/maven-shared-incremental/1.1/maven-shared-incremental-1.1.jar
7fb95c000000-7fb95c021000 rw-p 00000000 00:00 0 
7fb95c021000-7fb960000000 ---p 00000000 00:00 0 
7fb960000000-7fb961e03000 rw-p 00000000 00:00 0 
7fb961e03000-7fb964000000 ---p 00000000 00:00 0 
7fb964000000-7fb964021000 rw-p 00000000 00:00 0 
7fb964021000-7fb968000000 ---p 00000000 00:00 0 
7fb968000000-7fb968021000 rw-p 00000000 00:00 0 
7fb968021000-7fb96c000000 ---p 00000000 00:00 0 
7fb96c000000-7fb96c021000 rw-p 00000000 00:00 0 
7fb96c021000-7fb970000000 ---p 00000000 00:00 0 
7fb970000000-7fb970021000 rw-p 00000000 00:00 0 
7fb970021000-7fb974000000 ---p 00000000 00:00 0 
7fb974000000-7fb974021000 rw-p 00000000 00:00 0 
7fb974021000-7fb978000000 ---p 00000000 00:00 0 
7fb978000000-7fb978021000 rw-p 00000000 00:00 0 
7fb978021000-7fb97c000000 ---p 00000000 00:00 0 
7fb97c000000-7fb97cc74000 rw-p 00000000 00:00 0 
7fb97cc74000-7fb980000000 ---p 00000000 00:00 0 
7fb980000000-7fb980021000 rw-p 00000000 00:00 0 
7fb980021000-7fb984000000 ---p 00000000 00:00 0 
7fb984000000-7fb9850a8000 rw-p 00000000 00:00 0 
7fb9850a8000-7fb988000000 ---p 00000000 00:00 0 
7fb988000000-7fb9894bd000 rw-p 00000000 00:00 0 
7fb9894bd000-7fb98c000000 ---p 00000000 00:00 0 
7fb98c000000-7fb98c021000 rw-p 00000000 00:00 0 
7fb98c021000-7fb990000000 ---p 00000000 00:00 0 
7fb990000000-7fb991870000 rw-p 00000000 00:00 0 
7fb991870000-7fb994000000 ---p 00000000 00:00 0 
7fb994000000-7fb994021000 rw-p 00000000 00:00 0 
7fb994021000-7fb998000000 ---p 00000000 00:00 0 
7fb998000000-7fb998021000 rw-p 00000000 00:00 0 
7fb998021000-7fb99c000000 ---p 00000000 00:00 0 
7fb99c000000-7fb99c2cd000 rw-p 00000000 00:00 0 
7fb99c2cd000-7fb9a0000000 ---p 00000000 00:00 0 
7fb9a0000000-7fb9a0002000 r--s 00006000 08:07 4465424                    /home/rubn/.m2/repository/com/google/code/findbugs/jsr305/2.0.1/jsr305-2.0.1.jar
7fb9a0002000-7fb9a0005000 r--s 00023000 08:07 4467061                    /home/rubn/.m2/repository/org/apache/maven/shared/maven-shared-utils/0.1/maven-shared-utils-0.1.jar
7fb9a0005000-7fb9a0009000 r--s 00030000 08:07 4467058                    /home/rubn/.m2/repository/org/codehaus/plexus/plexus-utils/1.5.1/plexus-utils-1.5.1.jar
7fb9a0009000-7fb9a000b000 r--s 00009000 08:07 3680928                    /home/rubn/.m2/repository/org/apache/maven/plugins/maven-compiler-plugin/3.1/maven-compiler-plugin-3.1.jar
7fb9a000b000-7fb9a000d000 r--s 0000d000 08:07 4466547                    /home/rubn/.m2/repository/org/codehaus/plexus/plexus-interpolation/1.13/plexus-interpolation-1.13.jar
7fb9a000d000-7fb9a000e000 r--s 00001000 08:07 4466471                    /home/rubn/.m2/repository/org/sonatype/plexus/plexus-build-api/0.0.4/plexus-build-api-0.0.4.jar
7fb9a000e000-7fb9a0010000 r--s 00009000 08:07 4466469                    /home/rubn/.m2/repository/org/apache/maven/shared/maven-filtering/1.1/maven-filtering-1.1.jar
7fb9a0010000-7fb9a0014000 r--s 00033000 08:07 4466535                    /home/rubn/.m2/repository/org/codehaus/plexus/plexus-utils/2.0.5/plexus-utils-2.0.5.jar
7fb9a0014000-7fb9a0017000 r--s 0001b000 08:07 4465832                    /home/rubn/.m2/repository/junit/junit/3.8.1/junit-3.8.1.jar
7fb9a0017000-7fb9a0019000 r--s 00002000 08:07 4465818                    /home/rubn/.m2/repository/org/codehaus/plexus/plexus-interactivity-api/1.0-alpha-4/plexus-interactivity-api-1.0-alpha-4.jar
7fb9a0019000-7fb9a001b000 r--s 00006000 08:07 4465814                    /home/rubn/.m2/repository/commons-cli/commons-cli/1.0/commons-cli-1.0.jar
7fb9a001b000-7fb9a001c000 r--s 00001000 08:07 4465808                    /home/rubn/.m2/repository/org/apache/maven/doxia/doxia-sink-api/1.0-alpha-7/doxia-sink-api-1.0-alpha-7.jar
7fb9a001c000-7fb9a001d000 r--s 00002000 08:07 4465806                    /home/rubn/.m2/repository/org/apache/maven/reporting/maven-reporting-api/2.0.6/maven-reporting-api-2.0.6.jar
7fb9a001d000-7fb9a001f000 r--s 00006000 08:07 3677412                    /home/rubn/.m2/repository/org/apache/maven/plugins/maven-resources-plugin/2.6/maven-resources-plugin-2.6.jar
7fb9a001f000-7fb9a0022000 ---p 00000000 00:00 0 
7fb9a0022000-7fb9a0120000 rw-p 00000000 00:00 0 
7fb9a0120000-7fb9a0123000 ---p 00000000 00:00 0 
7fb9a0123000-7fb9a0221000 rw-p 00000000 00:00 0 
7fb9a0221000-7fb9a0224000 ---p 00000000 00:00 0 
7fb9a0224000-7fb9a0322000 rw-p 00000000 00:00 0 
7fb9a0322000-7fb9a0325000 ---p 00000000 00:00 0 
7fb9a0325000-7fb9a0423000 rw-p 00000000 00:00 0 
7fb9a0423000-7fb9a0426000 ---p 00000000 00:00 0 
7fb9a0426000-7fb9a0524000 rw-p 00000000 00:00 0 
7fb9a0524000-7fb9a0527000 ---p 00000000 00:00 0 
7fb9a0527000-7fb9a0625000 rw-p 00000000 00:00 0 
7fb9a0625000-7fb9a0628000 ---p 00000000 00:00 0 
7fb9a0628000-7fb9a0726000 rw-p 00000000 00:00 0 
7fb9a0726000-7fb9a0729000 ---p 00000000 00:00 0 
7fb9a0729000-7fb9a095f000 rw-p 00000000 00:00 0 
7fb9a095f000-7fb9a0b5f000 rw-p 00000000 00:00 0 
7fb9a0b5f000-7fb9a0b60000 r--s 00004000 08:07 4467311                    /home/rubn/.m2/repository/org/codehaus/plexus/plexus-compiler-javac/2.3/plexus-compiler-javac-2.3.jar
7fb9a0b60000-7fb9a0b62000 r--s 00001000 08:07 4467310                    /home/rubn/.m2/repository/org/sonatype/plexus/plexus-build-api/0.0.7/plexus-build-api-0.0.7.jar
7fb9a0b62000-7fb9a0b64000 r--s 00005000 08:07 4467307                    /home/rubn/.m2/repository/org/codehaus/plexus/plexus-compiler-api/2.3/plexus-compiler-api-2.3.jar
7fb9a0b64000-7fb9a0b7d000 r--s 00134000 08:07 4467305                    /home/rubn/.m2/repository/xerces/xercesImpl/2.10.0/xercesImpl-2.10.0.jar
7fb9a0b7d000-7fb9a0b96000 r--s 002fd000 08:07 4467303                    /home/rubn/.m2/repository/com/ibm/icu/icu4j/3.4.4/icu4j-3.4.4.jar
7fb9a0b96000-7fb9a0bbb000 r--s 002dc000 08:07 4466569                    /home/rubn/.m2/repository/xalan/xalan/2.6.0/xalan-2.6.0.jar
7fb9a0bbb000-7fb9a0bc1000 r--s 00019000 08:07 4466567                    /home/rubn/.m2/repository/xerces/xmlParserAPIs/2.6.2/xmlParserAPIs-2.6.2.jar
7fb9a0bc1000-7fb9a0bc4000 r--s 00018000 08:07 4466565                    /home/rubn/.m2/repository/xom/xom/1.0/xom-1.0.jar
7fb9a0bc4000-7fb9a0bcc000 r--s 00028000 08:07 4466563                    /home/rubn/.m2/repository/xml-apis/xml-apis/1.3.02/xml-apis-1.3.02.jar
7fb9a0bcc000-7fb9a0bcf000 r--s 00023000 08:07 3548394                    /home/rubn/.m2/repository/jdom/jdom/1.0/jdom-1.0.jar
7fb9a0bcf000-7fb9a0bd4000 r--s 00048000 08:07 3548391                    /home/rubn/.m2/repository/dom4j/dom4j/1.6.1/dom4j-1.6.1.jar
7fb9a0bd4000-7fb9a0bda000 r--s 00032000 08:07 4466561                    /home/rubn/.m2/repository/jaxen/jaxen/1.1.1/jaxen-1.1.1.jar
7fb9a0bda000-7fb9a0bdc000 r--s 00023000 08:07 4467301                    /home/rubn/.m2/repository/org/jdom/jdom/1.1.3/jdom-1.1.3.jar
7fb9a0bdc000-7fb9a0be1000 r--s 00041000 08:07 8012079                    /home/rubn/.m2/repository/commons-lang/commons-lang/2.6/commons-lang-2.6.jar
7fb9a0be1000-7fb9a0be5000 r--s 0002a000 08:07 8538083                    /home/rubn/.m2/repository/commons-io/commons-io/2.4/commons-io-2.4.jar
7fb9a0be5000-7fb9a0bee000 r--s 00075000 08:07 4466553                    /home/rubn/.m2/repository/org/apache/maven/surefire/surefire-api/2.4.3/surefire-api-2.4.3.jar
7fb9a0bee000-7fb9a0bf4000 r--s 0003c000 08:07 4466551                    /home/rubn/.m2/repository/org/apache/maven/surefire/surefire-booter/2.4.3/surefire-booter-2.4.3.jar
7fb9a0bf4000-7fb9a0bf6000 r--s 00009000 08:07 3557134                    /home/rubn/.m2/repository/org/hamcrest/hamcrest-core/1.3/hamcrest-core-1.3.jar
7fb9a0bf6000-7fb9a0bfc000 r--s 00036000 08:07 3557119                    /home/rubn/.m2/repository/junit/junit/4.11/junit-4.11.jar
7fb9a0bfc000-7fb9a0bfe000 r--s 00004000 08:07 4465824                    /home/rubn/.m2/repository/org/apache/maven/maven-archiver/2.5/maven-archiver-2.5.jar
7fb9a0bfe000-7fb9a0c05000 r--s 00053000 08:07 3557104                    /home/rubn/.m2/repository/org/apache/commons/commons-compress/1.8.1/commons-compress-1.8.1.jar
7fb9a0c05000-7fb9a0c08000 r--s 0000e000 08:07 4467299                    /home/rubn/.m2/repository/org/codehaus/plexus/plexus-io/2.1.3/plexus-io-2.1.3.jar
7fb9a0c08000-7fb9a0c0c000 r--s 0001d000 08:07 4467297                    /home/rubn/.m2/repository/org/codehaus/plexus/plexus-archiver/2.6.3/plexus-archiver-2.6.3.jar
7fb9a0c0c000-7fb9a0c0d000 r--s 00007000 08:07 12479965                   /home/rubn/.m2/repository/com/fasterxml/jackson/module/jackson-module-jaxb-annotations/2.4.1/jackson-module-jaxb-annotations-2.4.1.jar
7fb9a0c0d000-7fb9a0c0e000 r--s 00006000 08:07 12479963                   /home/rubn/.m2/repository/com/fasterxml/jackson/jaxrs/jackson-jaxrs-base/2.4.1/jackson-jaxrs-base-2.4.1.jar
7fb9a0c0e000-7fb9a0c10000 r--s 00003000 08:07 12479961                   /home/rubn/.m2/repository/com/fasterxml/jackson/jaxrs/jackson-jaxrs-json-provider/2.4.1/jackson-jaxrs-json-provider-2.4.1.jar
7fb9a0c10000-7fb9a0c13000 r--s 00007000 08:07 12479958                   /home/rubn/.m2/repository/com/fasterxml/jackson/core/jackson-annotations/2.4.1/jackson-annotations-2.4.1.jar
7fb9a0c13000-7fb9a0c24000 r--s 000f6000 08:07 12479956                   /home/rubn/.m2/repository/com/fasterxml/jackson/core/jackson-databind/2.4.1/jackson-databind-2.4.1.jar
7fb9a0c24000-7fb9a0c28000 r--s 00034000 08:07 12479955                   /home/rubn/.m2/repository/com/fasterxml/jackson/core/jackson-core/2.4.1/jackson-core-2.4.1.jar
7fb9a0c28000-7fb9a0c29000 r--s 00002000 08:07 12479952                   /home/rubn/.m2/repository/org/jboss/resteasy/resteasy-jackson2-provider/3.0.10.Final/resteasy-jackson2-provider-3.0.10.Final.jar
7fb9a0c29000-7fb9a0c2b000 r--s 0000b000 08:07 12479951                   /home/rubn/.m2/repository/javax/xml/bind/jsr173_api/1.0/jsr173_api-1.0.jar
7fb9a0c2b000-7fb9a0c30000 r--s 00043000 08:07 12479948                   /home/rubn/.m2/repository/com/sun/xml/fastinfoset/FastInfoset/1.2.12/FastInfoset-1.2.12.jar
7fb9a0c30000-7fb9a0c31000 r--s 00005000 08:07 12479947                   /home/rubn/.m2/repository/com/sun/istack/istack-commons-runtime/2.16/istack-commons-runtime-2.16.jar
7fb9a0c31000-7fb9a0c35000 r--s 00015000 08:07 12479944                   /home/rubn/.m2/repository/javax/xml/bind/jaxb-api/2.2.7/jaxb-api-2.2.7.jar
7fb9a0c35000-7fb9a0c3b000 r--s 00031000 08:07 12479942                   /home/rubn/.m2/repository/com/sun/xml/bind/jaxb-core/2.2.7/jaxb-core-2.2.7.jar
7fb9a0c3b000-7fb9a0c4c000 r--s 000d0000 08:07 12479940                   /home/rubn/.m2/repository/com/sun/xml/bind/jaxb-impl/2.2.7/jaxb-impl-2.2.7.jar
7fb9a0c4c000-7fb9a0c4e000 r--s 00010000 08:07 12479938                   /home/rubn/.m2/repository/org/jboss/resteasy/resteasy-jaxb-provider/3.0.10.Final/resteasy-jaxb-provider-3.0.10.Final.jar
7fb9a0c4e000-7fb9a0c4f000 r--s 00000000 08:07 12479936                   /home/rubn/.m2/repository/net/jcip/jcip-annotations/1.0/jcip-annotations-1.0.jar
7fb9a0c4f000-7fb9a0c55000 r--s 00032000 08:07 12479932                   /home/rubn/.m2/repository/org/apache/httpcomponents/httpcore/4.2.5/httpcore-4.2.5.jar
7fb9a0c55000-7fb9a0c5f000 r--s 00061000 08:07 12479930                   /home/rubn/.m2/repository/org/apache/httpcomponents/httpclient/4.2.6/httpclient-4.2.6.jar
7fb9a0c5f000-7fb9a0c61000 r--s 0000e000 08:07 12608125                   /home/rubn/.m2/repository/javax/activation/activation/1.1/activation-1.1.jar
7fb9a0c61000-7fb9a0c62000 r--s 00004000 08:07 12479926                   /home/rubn/.m2/repository/org/jboss/spec/javax/annotation/jboss-annotations-api_1.1_spec/1.0.1.Final/jboss-annotations-api_1.1_spec-1.0.1.Final.jar
7fb9a0c62000-7fb9a0c66000 r--s 00017000 08:07 12479924                   /home/rubn/.m2/repository/org/jboss/resteasy/jaxrs-api/3.0.10.Final/jaxrs-api-3.0.10.Final.jar
7fb9a0c66000-7fb9a0c77000 r--s 000ba000 08:07 12479922                   /home/rubn/.m2/repository/org/jboss/resteasy/resteasy-jaxrs/3.0.10.Final/resteasy-jaxrs-3.0.10.Final.jar
7fb9a0c77000-7fb9a0c7b000 r--s 0001f000 08:07 12479920                   /home/rubn/.m2/repository/org/jboss/resteasy/resteasy-client/3.0.10.Final/resteasy-client-3.0.10.Final.jar
7fb9a0c7b000-7fb9a0c82000 r--s 0003f000 08:07 8142839                    /home/rubn/.m2/repository/commons-codec/commons-codec/1.10/commons-codec-1.10.jar
7fb9a0c82000-7fb9a0c83000 r--s 00003000 08:07 3680982                    /home/rubn/.m2/repository/com/vaadin/wscdn/wscdn-client/0.9.1/wscdn-client-0.9.1.jar
7fb9a0c83000-7fb9a0c94000 r--s 000e8000 08:07 3557102                    /home/rubn/.m2/repository/org/freemarker/freemarker/2.3.20/freemarker-2.3.20.jar
7fb9a0c94000-7fb9a0c98000 r--s 00028000 08:07 4467289                    /home/rubn/.m2/repository/com/thoughtworks/qdox/qdox/1.12.1/qdox-1.12.1.jar
7fb9a0c98000-7fb9a0c9c000 r--s 00038000 08:07 3557112                    /home/rubn/.m2/repository/org/codehaus/plexus/plexus-utils/3.0.18/plexus-utils-3.0.18.jar
7fb9a0c9c000-7fb9a0c9e000 r--s 0000d000 08:07 12608150                   /home/rubn/.m2/repository/commons-logging/commons-logging/1.1.1/commons-logging-1.1.1.jar
7fb9a0c9e000-7fb9a0c9f000 r--s 0000c000 08:07 4466531                    /home/rubn/.m2/repository/org/springframework/spring-asm/3.0.5.RELEASE/spring-asm-3.0.5.RELEASE.jar
7fb9a0c9f000-7fb9a0ca8000 r--s 00055000 08:07 4466529                    /home/rubn/.m2/repository/org/springframework/spring-core/3.0.5.RELEASE/spring-core-3.0.5.RELEASE.jar
7fb9a0ca8000-7fb9a0cb6000 r--s 0007f000 08:07 12608153                   /home/rubn/.m2/repository/commons-collections/commons-collections/3.2.1/commons-collections-3.2.1.jar
7fb9a0cb6000-7fb9a0cb9000 r--s 0001b000 08:07 3557109                    /home/rubn/.m2/repository/org/apache/struts/struts-tiles/1.3.8/struts-tiles-1.3.8.jar
7fb9a0cb9000-7fb9a0cbe000 r--s 00039000 08:07 3557108                    /home/rubn/.m2/repository/org/apache/struts/struts-taglib/1.3.8/struts-taglib-1.3.8.jar
7fb9a0cbe000-7fb9a0cc3000 r--s 00053000 08:07 3680980                    /home/rubn/.m2/repository/antlr/antlr/2.7.2/antlr-2.7.2.jar
7fb9a0cc3000-7fb9a0cc9000 r--s 0004b000 08:07 3557105                    /home/rubn/.m2/repository/org/apache/struts/struts-core/1.3.8/struts-core-1.3.8.jar
7fb9a0cc9000-7fb9a0ccb000 r--s 00005000 08:07 3557103                    /home/rubn/.m2/repository/sslext/sslext/1.2-0/sslext-1.2-0.jar
7fb9a0ccb000-7fb9a0ccd000 r--s 00014000 08:07 3557101                    /home/rubn/.m2/repository/commons-chain/commons-chain/1.1/commons-chain-1.1.jar
7fb9a0ccd000-7fb9a0cd3000 r--s 0004f000 08:07 3557091                    /home/rubn/.m2/repository/org/apache/velocity/velocity-tools/2.0/velocity-tools-2.0.jar
7fb9a0cd3000-7fb9a0cdb000 r--s 00058000 08:07 3548408                    /home/rubn/.m2/repository/org/apache/velocity/velocity/1.5/velocity-1.5.jar
7fb9a0cdb000-7fb9a0cdc000 r--s 00001000 08:07 4466525                    /home/rubn/.m2/repository/org/codehaus/plexus/plexus-velocity/1.1.7/plexus-velocity-1.1.7.jar
7fb9a0cdc000-7fb9a0cdd000 r--s 00002000 08:07 4466523                    /home/rubn/.m2/repository/org/codehaus/plexus/plexus-i18n/1.0-beta-7/plexus-i18n-1.0-beta-7.jar
7fb9a0cdd000-7fb9a0cdf000 r--s 00008000 08:07 4467294                    /home/rubn/.m2/repository/org/apache/maven/doxia/doxia-module-fml/1.6/doxia-module-fml-1.6.jar
7fb9a0cdf000-7fb9a0ce0000 r--s 00003000 08:07 4467292                    /home/rubn/.m2/repository/org/apache/maven/doxia/doxia-module-xhtml/1.6/doxia-module-xhtml-1.6.jar
7fb9a0ce0000-7fb9a0ce2000 r--s 0000c000 08:07 4467290                    /home/rubn/.m2/repository/org/apache/maven/doxia/doxia-decoration-model/1.6/doxia-decoration-model-1.6.jar
7fb9a0ce2000-7fb9a0ce4000 r--s 0000c000 08:07 4467282                    /home/rubn/.m2/repository/org/apache/maven/doxia/doxia-site-renderer/1.6/doxia-site-renderer-1.6.jar
7fb9a0ce4000-7fb9a0ce5000 r--s 00002000 08:07 3557097                    /home/rubn/.m2/repository/org/apache/maven/doxia/doxia-logging-api/1.6/doxia-logging-api-1.6.jar
7fb9a0ce5000-7fb9a0ce6000 r--s 00002000 08:07 3557089                    /home/rubn/.m2/repository/org/apache/maven/doxia/doxia-sink-api/1.6/doxia-sink-api-1.6.jar
7fb9a0ce6000-7fb9a0cf4000 r--s 0008f000 08:07 4465444                    /home/rubn/.m2/repository/com/google/collections/google-collections/1.0/google-collections-1.0.jar
7fb9a0cf4000-7fb9a0cf5000 r--s 0000a000 08:07 4465442                    /home/rubn/.m2/repository/commons-logging/commons-logging-api/1.1/commons-logging-api-1.1.jar
7fb9a0cf5000-7fb9a0cfc000 r--s 00051000 08:07 4465440                    /home/rubn/.m2/repository/log4j/log4j/1.2.12/log4j-1.2.12.jar
7fb9a0cfc000-7fb9a0d00000 r--s 0001d000 08:07 4465438                    /home/rubn/.m2/repository/org/apache/xbean/xbean-reflect/3.4/xbean-reflect-3.4.jar
7fb9a0d00000-7fb9a0d02000 r--s 0000e000 08:07 3548411                    /home/rubn/.m2/repository/oro/oro/2.0.8/oro-2.0.8.jar
7fb9a0d02000-7fb9a0d06000 r--s 00026000 08:07 4466509                    /home/rubn/.m2/repository/commons-digester/commons-digester/1.6/commons-digester-1.6.jar
7fb9a0d06000-7fb9a0d0b000 r--s 0002a000 08:07 4466507                    /home/rubn/.m2/repository/commons-beanutils/commons-beanutils/1.7.0/commons-beanutils-1.7.0.jar
7fb9a0d0b000-7fb9a0d0e000 r--s 00014000 08:07 4466505                    /home/rubn/.m2/repository/commons-validator/commons-validator/1.2.0/commons-validator-1.2.0.jar
7fb9a0d0e000-7fb9a0d14000 r--s 00045000 08:07 4466501                    /home/rubn/.m2/repository/commons-httpclient/commons-httpclient/3.1/commons-httpclient-3.1.jar
7fb9a0d14000-7fb9a0d18000 r--s 00023000 08:07 4466499                    /home/rubn/.m2/repository/org/apache/maven/doxia/doxia-core/1.1.2/doxia-core-1.1.2.jar
7fb9a0d18000-7fb9a0d1f000 r--s 00000000 08:06 7345213                    /usr/lib/x86_64-linux-gnu/gconv/gconv-modules.cache
7fb9a0d1f000-7fb9a0d45000 r--p 00000000 08:06 8785835                    /usr/share/locale-langpack/es/LC_MESSAGES/libc.mo
7fb9a0d45000-7fb9a0d47000 r--s 00003000 08:07 4466497                    /home/rubn/.m2/repository/org/apache/maven/reporting/maven-reporting-impl/2.1/maven-reporting-impl-2.1.jar
7fb9a0d47000-7fb9a0d48000 r--s 00002000 08:07 4466495                    /home/rubn/.m2/repository/org/apache/maven/reporting/maven-reporting-api/3.0/maven-reporting-api-3.0.jar
7fb9a0d48000-7fb9a0d4a000 r--s 00002000 08:07 3677309                    /home/rubn/.m2/repository/org/sonatype/plexus/plexus-cipher/1.4/plexus-cipher-1.4.jar
7fb9a0d4a000-7fb9a0d4b000 r--s 00006000 08:07 3677307                    /home/rubn/.m2/repository/org/sonatype/plexus/plexus-sec-dispatcher/1.3/plexus-sec-dispatcher-1.3.jar
7fb9a0d4b000-7fb9a0d4f000 r--s 0001c000 08:07 8012114                    /home/rubn/.m2/repository/org/sonatype/aether/aether-util/1.13.1/aether-util-1.13.1.jar
7fb9a0d4f000-7fb9a0d51000 r--s 00000000 08:07 3548387                    /home/rubn/.m2/repository/org/codehaus/plexus/plexus-component-annotations/1.5.5/plexus-component-annotations-1.5.5.jar
7fb9a0d51000-7fb9a0d70000 r--s 00152000 08:07 8012046                    /home/rubn/.m2/repository/org/sonatype/sisu/sisu-guava/0.9.9/sisu-guava-0.9.9.jar
7fb9a0d70000-7fb9a0d78000 r--s 00050000 08:07 8012040                    /home/rubn/.m2/repository/org/sonatype/sisu/sisu-guice/3.1.0/sisu-guice-3.1.0-no_aop.jar
7fb9a0d78000-7fb9a0d7f000 r--s 00040000 08:07 8012036                    /home/rubn/.m2/repository/org/sonatype/sisu/sisu-inject-bean/2.3.0/sisu-inject-bean-2.3.0.jar
7fb9a0d7f000-7fb9a0d81000 r--s 0000d000 08:07 4074238                    /home/rubn/.m2/repository/org/codehaus/plexus/plexus-interpolation/1.14/plexus-interpolation-1.14.jar
7fb9a0d81000-7fb9a0d84000 r--s 00035000 08:07 3680923                    /home/rubn/.m2/repository/com/vaadin/vaadin-maven-plugin/7.7.3/vaadin-maven-plugin-7.7.3.jar
7fb9a0d84000-7fb9a0d95000 r-xp 00000000 08:06 11143505                   /opt/java/jdk1.8.0_92/jre/lib/amd64/libnio.so
7fb9a0d95000-7fb9a0f94000 ---p 00011000 08:06 11143505                   /opt/java/jdk1.8.0_92/jre/lib/amd64/libnio.so
7fb9a0f94000-7fb9a0f95000 rw-p 00010000 08:06 11143505                   /opt/java/jdk1.8.0_92/jre/lib/amd64/libnio.so
7fb9a0f95000-7fb9a1296000 rw-p 00000000 00:00 0 
7fb9a1296000-7fb9a12ac000 r-xp 00000000 08:06 11143504                   /opt/java/jdk1.8.0_92/jre/lib/amd64/libnet.so
7fb9a12ac000-7fb9a14ac000 ---p 00016000 08:06 11143504                   /opt/java/jdk1.8.0_92/jre/lib/amd64/libnet.so
7fb9a14ac000-7fb9a14ad000 rw-p 00016000 08:06 11143504                   /opt/java/jdk1.8.0_92/jre/lib/amd64/libnet.so
7fb9a14ad000-7fb9a16ad000 rw-p 00000000 00:00 0 
7fb9a16ad000-7fb9a16b1000 r--s 00097000 08:06 11143447                   /opt/java/jdk1.8.0_92/jre/lib/jsse.jar
7fb9a16b1000-7fb9a18b1000 rw-p 00000000 00:00 0 
7fb9a18b1000-7fb9a1ab1000 rw-p 00000000 00:00 0 
7fb9a1ab1000-7fb9a1abb000 r--s 00116000 08:06 11143646                   /opt/java/jdk1.8.0_92/jre/lib/ext/localedata.jar
7fb9a1abb000-7fb9a1abc000 r--s 00002000 08:07 4074255                    /home/rubn/Documentos/java/eclipse-jee-mars-2-linux-gtk-x86 64/eclipse/plugins/org.eclipse.m2e.maven.runtime.slf4j.simple_1.7.0.20160603-1931/jars/slf4j-simple-1.7.5.jar
7fb9a1abc000-7fb9a1ac1000 r--s 00041000 08:07 4074479                    /home/rubn/Documentos/java/eclipse-jee-mars-2-linux-gtk-x86 64/eclipse/plugins/org.eclipse.m2e.maven.runtime_1.7.0.20160603-1931/jars/commons-lang-2.6.jar
7fb9a1ac1000-7fb9a1ac2000 r--s 00002000 08:07 4074514                    /home/rubn/Documentos/java/eclipse-jee-mars-2-linux-gtk-x86 64/eclipse/plugins/org.eclipse.m2e.maven.runtime_1.7.0.20160603-1931/jars/wagon-file-2.10.jar
7fb9a1ac2000-7fb9a1ac4000 r--s 00005000 08:07 4074475                    /home/rubn/Documentos/java/eclipse-jee-mars-2-linux-gtk-x86 64/eclipse/plugins/org.eclipse.m2e.maven.runtime_1.7.0.20160603-1931/jars/aether-transport-wagon-1.0.2.v20150114.jar
7fb9a1ac4000-7fb9a1ac5000 r--s 00008000 08:07 4074471                    /home/rubn/Documentos/java/eclipse-jee-mars-2-linux-gtk-x86 64/eclipse/plugins/org.eclipse.m2e.maven.runtime_1.7.0.20160603-1931/jars/aether-connector-basic-1.0.2.v20150114.jar
7fb9a1ac5000-7fb9a1ac7000 r--s 0000f000 08:07 4074497                    /home/rubn/Documentos/java/eclipse-jee-mars-2-linux-gtk-x86 64/eclipse/plugins/org.eclipse.m2e.maven.runtime_1.7.0.20160603-1931/jars/okio-1.6.0.jar
7fb9a1ac7000-7fb9a1acc000 r--s 00049000 08:07 4074496                    /home/rubn/Documentos/java/eclipse-jee-mars-2-linux-gtk-x86 64/eclipse/plugins/org.eclipse.m2e.maven.runtime_1.7.0.20160603-1931/jars/okhttp-2.5.0.jar
7fb9a1acc000-7fb9a1ace000 r--s 0000b000 08:07 4074472                    /home/rubn/Documentos/java/eclipse-jee-mars-2-linux-gtk-x86 64/eclipse/plugins/org.eclipse.m2e.maven.runtime_1.7.0.20160603-1931/jars/aether-connector-okhttp-0.16.0.jar
7fb9a1ace000-7fb9a1ad0000 r--s 00006000 08:07 4074474                    /home/rubn/Documentos/java/eclipse-jee-mars-2-linux-gtk-x86 64/eclipse/plugins/org.eclipse.m2e.maven.runtime_1.7.0.20160603-1931/jars/aether-spi-1.0.2.v20150114.jar
7fb9a1ad0000-7fb9a1ad4000 r--s 00027000 08:07 4074473                    /home/rubn/Documentos/java/eclipse-jee-mars-2-linux-gtk-x86 64/eclipse/plugins/org.eclipse.m2e.maven.runtime_1.7.0.20160603-1931/jars/aether-impl-1.0.2.v20150114.jar
7fb9a1ad4000-7fb9a1aff000 r--s 001fc000 08:07 4074481                    /home/rubn/Documentos/java/eclipse-jee-mars-2-linux-gtk-x86 64/eclipse/plugins/org.eclipse.m2e.maven.runtime_1.7.0.20160603-1931/jars/guava-18.0.jar
7fb9a1aff000-7fb9a1b07000 r--s 00055000 08:07 4074498                    /home/rubn/Documentos/java/eclipse-jee-mars-2-linux-gtk-x86 64/eclipse/plugins/org.eclipse.m2e.maven.runtime_1.7.0.20160603-1931/jars/org.eclipse.sisu.inject-0.3.2.jar
7fb9a1b07000-7fb9a1b0a000 r--s 00008000 08:07 4074477                    /home/rubn/Documentos/java/eclipse-jee-mars-2-linux-gtk-x86 64/eclipse/plugins/org.eclipse.m2e.maven.runtime_1.7.0.20160603-1931/jars/cdi-api-1.0.jar
7fb9a1b0a000-7fb9a1b10000 r--s 0002d000 08:07 4074505                    /home/rubn/Documentos/java/eclipse-jee-mars-2-linux-gtk-x86 64/eclipse/plugins/org.eclipse.m2e.maven.runtime_1.7.0.20160603-1931/jars/org.eclipse.sisu.plexus-0.3.2.jar
7fb9a1b10000-7fb9a1b13000 r--s 0000b000 08:07 4074515                    /home/rubn/Documentos/java/eclipse-jee-mars-2-linux-gtk-x86 64/eclipse/plugins/org.eclipse.m2e.maven.runtime_1.7.0.20160603-1931/jars/wagon-provider-api-2.10.jar
7fb9a1b13000-7fb9a1b19000 r--s 00041000 08:07 4074487                    /home/rubn/Documentos/java/eclipse-jee-mars-2-linux-gtk-x86 64/eclipse/plugins/org.eclipse.m2e.maven.runtime_1.7.0.20160603-1931/jars/maven-compat-3.3.9.jar
7fb9a1b19000-7fb9a1b1b000 r--s 00009000 08:07 4074478                    /home/rubn/Documentos/java/eclipse-jee-mars-2-linux-gtk-x86 64/eclipse/plugins/org.eclipse.m2e.maven.runtime_1.7.0.20160603-1931/jars/commons-cli-1.2.jar
7fb9a1b1b000-7fb9a1b22000 r--s 00064000 08:07 4074480                    /home/rubn/Documentos/java/eclipse-jee-mars-2-linux-gtk-x86 64/eclipse/plugins/org.eclipse.m2e.maven.runtime_1.7.0.20160603-1931/jars/commons-lang3-3.4.jar
7fb9a1b22000-7fb9a1b2b000 r--s 0005f000 08:07 4074482                    /home/rubn/Documentos/java/eclipse-jee-mars-2-linux-gtk-x86 64/eclipse/plugins/org.eclipse.m2e.maven.runtime_1.7.0.20160603-1931/jars/guice-4.0-no_aop.jar
7fb9a1b2b000-7fb9a1b2c000 ---p 00000000 00:00 0 
7fb9a1b2c000-7fb9a1c2c000 rw-p 00000000 00:00 0 
7fb9a1c2c000-7fb9a1c2f000 ---p 00000000 00:00 0 
7fb9a1c2f000-7fb9a1d2d000 rw-p 00000000 00:00 0 
7fb9a1d2d000-7fb9a1d30000 ---p 00000000 00:00 0 
7fb9a1d30000-7fb9a1e2e000 rw-p 00000000 00:00 0 
7fb9a1e2e000-7fb9a1e31000 ---p 00000000 00:00 0 
7fb9a1e31000-7fb9a1f2f000 rw-p 00000000 00:00 0 
7fb9a1f2f000-7fb9a1f32000 ---p 00000000 00:00 0 
7fb9a1f32000-7fb9a2030000 rw-p 00000000 00:00 0 
7fb9a2030000-7fb9a2033000 ---p 00000000 00:00 0 
7fb9a2033000-7fb9a2131000 rw-p 00000000 00:00 0 
7fb9a2131000-7fb9a2134000 ---p 00000000 00:00 0 
7fb9a2134000-7fb9a2232000 rw-p 00000000 00:00 0 
7fb9a2232000-7fb9a2914000 r--p 00000000 08:06 6954089                    /usr/lib/locale/locale-archive
7fb9a2914000-7fb9a2917000 ---p 00000000 00:00 0 
7fb9a2917000-7fb9a2a15000 rw-p 00000000 00:00 0 
7fb9a2a15000-7fb9a2a18000 ---p 00000000 00:00 0 
7fb9a2a18000-7fb9a2b16000 rw-p 00000000 00:00 0 
7fb9a2b16000-7fb9a2b17000 ---p 00000000 00:00 0 
7fb9a2b17000-7fb9a8000000 rw-p 00000000 00:00 0 
7fb9a8000000-7fb9a8021000 rw-p 00000000 00:00 0 
7fb9a8021000-7fb9ac000000 ---p 00000000 00:00 0 
7fb9ac000000-7fb9ac021000 rw-p 00000000 00:00 0 
7fb9ac021000-7fb9b0000000 ---p 00000000 00:00 0 
7fb9b0000000-7fb9b0021000 rw-p 00000000 00:00 0 
7fb9b0021000-7fb9b4000000 ---p 00000000 00:00 0 
7fb9b4000000-7fb9b4021000 rw-p 00000000 00:00 0 
7fb9b4021000-7fb9b8000000 ---p 00000000 00:00 0 
7fb9b8000000-7fb9b8021000 rw-p 00000000 00:00 0 
7fb9b8021000-7fb9bc000000 ---p 00000000 00:00 0 
7fb9bc000000-7fb9bc021000 rw-p 00000000 00:00 0 
7fb9bc021000-7fb9c0000000 ---p 00000000 00:00 0 
7fb9c0000000-7fb9c0021000 rw-p 00000000 00:00 0 
7fb9c0021000-7fb9c4000000 ---p 00000000 00:00 0 
7fb9c4000000-7fb9c4021000 rw-p 00000000 00:00 0 
7fb9c4021000-7fb9c8000000 ---p 00000000 00:00 0 
7fb9c8000000-7fb9c8002000 r--s 00002000 08:07 4074507                    /home/rubn/Documentos/java/eclipse-jee-mars-2-linux-gtk-x86 64/eclipse/plugins/org.eclipse.m2e.maven.runtime_1.7.0.20160603-1931/jars/plexus-cipher-1.7.jar
7fb9c8002000-7fb9c8005000 r--s 00013000 08:07 4074489                    /home/rubn/Documentos/java/eclipse-jee-mars-2-linux-gtk-x86 64/eclipse/plugins/org.eclipse.m2e.maven.runtime_1.7.0.20160603-1931/jars/maven-embedder-3.3.9.jar
7fb9c8005000-7fb9c8007000 r--s 00000000 08:07 4074509                    /home/rubn/Documentos/java/eclipse-jee-mars-2-linux-gtk-x86 64/eclipse/plugins/org.eclipse.m2e.maven.runtime_1.7.0.20160603-1931/jars/plexus-component-annotations-1.6.jar
7fb9c8007000-7fb9c85b1000 rw-p 00000000 00:00 0 
7fb9c85b1000-7fb9c878a000 r--s 03d24000 08:06 11143457                   /opt/java/jdk1.8.0_92/jre/lib/rt.jar
7fb9c878a000-7fb9c9000000 rw-p 00000000 00:00 0 
7fb9c9000000-7fb9c9f50000 rwxp 00000000 00:00 0 
7fb9c9f50000-7fb9d8000000 ---p 00000000 00:00 0 
7fb9d8000000-7fb9d996f000 rw-p 00000000 00:00 0 
7fb9d996f000-7fb9dc000000 ---p 00000000 00:00 0 
7fb9dc000000-7fb9dc001000 r--s 00001000 08:07 4074483                    /home/rubn/Documentos/java/eclipse-jee-mars-2-linux-gtk-x86 64/eclipse/plugins/org.eclipse.m2e.maven.runtime_1.7.0.20160603-1931/jars/jsr250-api-1.0.jar
7fb9dc001000-7fb9dc005000 r--s 00038000 08:07 4074512                    /home/rubn/Documentos/java/eclipse-jee-mars-2-linux-gtk-x86 64/eclipse/plugins/org.eclipse.m2e.maven.runtime_1.7.0.20160603-1931/jars/plexus-utils-3.0.22.jar
7fb9dc005000-7fb9dc008000 r--s 0000d000 08:07 4074510                    /home/rubn/Documentos/java/eclipse-jee-mars-2-linux-gtk-x86 64/eclipse/plugins/org.eclipse.m2e.maven.runtime_1.7.0.20160603-1931/jars/plexus-interpolation-1.21.jar
7fb9dc008000-7fb9dc00c000 r--s 00020000 08:07 4074476                    /home/rubn/Documentos/java/eclipse-jee-mars-2-linux-gtk-x86 64/eclipse/plugins/org.eclipse.m2e.maven.runtime_1.7.0.20160603-1931/jars/aether-util-1.0.2.v20150114.jar
7fb9dc00c000-7fb9dc011000 r--s 0001d000 08:07 4074470                    /home/rubn/Documentos/java/eclipse-jee-mars-2-linux-gtk-x86 64/eclipse/plugins/org.eclipse.m2e.maven.runtime_1.7.0.20160603-1931/jars/aether-api-1.0.2.v20150114.jar
7fb9dc011000-7fb9dc437000 rw-p 00000000 00:00 0 
7fb9dc437000-7fb9dc438000 ---p 00000000 00:00 0 
7fb9dc438000-7fb9dc538000 rw-p 00000000 00:00 0 
7fb9dc538000-7fb9dc539000 ---p 00000000 00:00 0 
7fb9dc539000-7fb9dc639000 rw-p 00000000 00:00 0 
7fb9dc639000-7fb9dc63a000 ---p 00000000 00:00 0 
7fb9dc63a000-7fb9dc73a000 rw-p 00000000 00:00 0 
7fb9dc73a000-7fb9dc73b000 ---p 00000000 00:00 0 
7fb9dc73b000-7fb9dc83b000 rw-p 00000000 00:00 0 
7fb9dc83b000-7fb9dc83c000 ---p 00000000 00:00 0 
7fb9dc83c000-7fb9dc93c000 rw-p 00000000 00:00 0 
7fb9dc93c000-7fb9dc93d000 ---p 00000000 00:00 0 
7fb9dc93d000-7fb9dca3d000 rw-p 00000000 00:00 0 
7fb9dca3d000-7fb9dca3e000 ---p 00000000 00:00 0 
7fb9dca3e000-7fb9dcb3e000 rw-p 00000000 00:00 0 
7fb9dcb3e000-7fb9dcb3f000 ---p 00000000 00:00 0 
7fb9dcb3f000-7fb9dcc5f000 rw-p 00000000 00:00 0 
7fb9dcc5f000-7fb9dcecf000 ---p 00000000 00:00 0 
7fb9dcecf000-7fb9dceef000 rw-p 00000000 00:00 0 
7fb9dceef000-7fb9dd15e000 ---p 00000000 00:00 0 
7fb9dd15e000-7fb9dd24f000 rw-p 00000000 00:00 0 
7fb9dd24f000-7fb9dd2a6000 ---p 00000000 00:00 0 
7fb9dd2a6000-7fb9dd2e5000 rw-p 00000000 00:00 0 
7fb9dd2e5000-7fb9dd667000 ---p 00000000 00:00 0 
7fb9dd667000-7fb9dd681000 r-xp 00000000 08:06 11143519                   /opt/java/jdk1.8.0_92/jre/lib/amd64/libzip.so
7fb9dd681000-7fb9dd881000 ---p 0001a000 08:06 11143519                   /opt/java/jdk1.8.0_92/jre/lib/amd64/libzip.so
7fb9dd881000-7fb9dd882000 rw-p 0001a000 08:06 11143519                   /opt/java/jdk1.8.0_92/jre/lib/amd64/libzip.so
7fb9dd882000-7fb9dd88c000 r-xp 00000000 08:06 16520399                   /lib/x86_64-linux-gnu/libnss_files-2.21.so
7fb9dd88c000-7fb9dda8c000 ---p 0000a000 08:06 16520399                   /lib/x86_64-linux-gnu/libnss_files-2.21.so
7fb9dda8c000-7fb9dda8d000 r--p 0000a000 08:06 16520399                   /lib/x86_64-linux-gnu/libnss_files-2.21.so
7fb9dda8d000-7fb9dda8e000 rw-p 0000b000 08:06 16520399                   /lib/x86_64-linux-gnu/libnss_files-2.21.so
7fb9dda8e000-7fb9dda99000 r-xp 00000000 08:06 16520425                   /lib/x86_64-linux-gnu/libnss_nis-2.21.so
7fb9dda99000-7fb9ddc98000 ---p 0000b000 08:06 16520425                   /lib/x86_64-linux-gnu/libnss_nis-2.21.so
7fb9ddc98000-7fb9ddc99000 r--p 0000a000 08:06 16520425                   /lib/x86_64-linux-gnu/libnss_nis-2.21.so
7fb9ddc99000-7fb9ddc9a000 rw-p 0000b000 08:06 16520425                   /lib/x86_64-linux-gnu/libnss_nis-2.21.so
7fb9ddc9a000-7fb9ddcb1000 r-xp 00000000 08:06 16520428                   /lib/x86_64-linux-gnu/libnsl-2.21.so
7fb9ddcb1000-7fb9ddeb0000 ---p 00017000 08:06 16520428                   /lib/x86_64-linux-gnu/libnsl-2.21.so
7fb9ddeb0000-7fb9ddeb1000 r--p 00016000 08:06 16520428                   /lib/x86_64-linux-gnu/libnsl-2.21.so
7fb9ddeb1000-7fb9ddeb2000 rw-p 00017000 08:06 16520428                   /lib/x86_64-linux-gnu/libnsl-2.21.so
7fb9ddeb2000-7fb9ddeb4000 rw-p 00000000 00:00 0 
7fb9ddeb4000-7fb9ddebc000 r-xp 00000000 08:06 16520407                   /lib/x86_64-linux-gnu/libnss_compat-2.21.so
7fb9ddebc000-7fb9de0bb000 ---p 00008000 08:06 16520407                   /lib/x86_64-linux-gnu/libnss_compat-2.21.so
7fb9de0bb000-7fb9de0bc000 r--p 00007000 08:06 16520407                   /lib/x86_64-linux-gnu/libnss_compat-2.21.so
7fb9de0bc000-7fb9de0bd000 rw-p 00008000 08:06 16520407                   /lib/x86_64-linux-gnu/libnss_compat-2.21.so
7fb9de0bd000-7fb9de0e7000 r-xp 00000000 08:06 11143483                   /opt/java/jdk1.8.0_92/jre/lib/amd64/libjava.so
7fb9de0e7000-7fb9de2e7000 ---p 0002a000 08:06 11143483                   /opt/java/jdk1.8.0_92/jre/lib/amd64/libjava.so
7fb9de2e7000-7fb9de2e9000 rw-p 0002a000 08:06 11143483                   /opt/java/jdk1.8.0_92/jre/lib/amd64/libjava.so
7fb9de2e9000-7fb9de2f6000 r-xp 00000000 08:06 11143518                   /opt/java/jdk1.8.0_92/jre/lib/amd64/libverify.so
7fb9de2f6000-7fb9de4f6000 ---p 0000d000 08:06 11143518                   /opt/java/jdk1.8.0_92/jre/lib/amd64/libverify.so
7fb9de4f6000-7fb9de4f8000 rw-p 0000d000 08:06 11143518                   /opt/java/jdk1.8.0_92/jre/lib/amd64/libverify.so
7fb9de4f8000-7fb9de4ff000 r-xp 00000000 08:06 16520404                   /lib/x86_64-linux-gnu/librt-2.21.so
7fb9de4ff000-7fb9de6fe000 ---p 00007000 08:06 16520404                   /lib/x86_64-linux-gnu/librt-2.21.so
7fb9de6fe000-7fb9de6ff000 r--p 00006000 08:06 16520404                   /lib/x86_64-linux-gnu/librt-2.21.so
7fb9de6ff000-7fb9de700000 rw-p 00007000 08:06 16520404                   /lib/x86_64-linux-gnu/librt-2.21.so
7fb9de700000-7fb9de807000 r-xp 00000000 08:06 16520414                   /lib/x86_64-linux-gnu/libm-2.21.so
7fb9de807000-7fb9dea06000 ---p 00107000 08:06 16520414                   /lib/x86_64-linux-gnu/libm-2.21.so
7fb9dea06000-7fb9dea07000 r--p 00106000 08:06 16520414                   /lib/x86_64-linux-gnu/libm-2.21.so
7fb9dea07000-7fb9dea08000 rw-p 00107000 08:06 16520414                   /lib/x86_64-linux-gnu/libm-2.21.so
7fb9dea08000-7fb9df6cb000 r-xp 00000000 08:06 11143524                   /opt/java/jdk1.8.0_92/jre/lib/amd64/server/libjvm.so
7fb9df6cb000-7fb9df8ca000 ---p 00cc3000 08:06 11143524                   /opt/java/jdk1.8.0_92/jre/lib/amd64/server/libjvm.so
7fb9df8ca000-7fb9df9a3000 rw-p 00cc2000 08:06 11143524                   /opt/java/jdk1.8.0_92/jre/lib/amd64/server/libjvm.so
7fb9df9a3000-7fb9df9ee000 rw-p 00000000 00:00 0 
7fb9df9ee000-7fb9dfbae000 r-xp 00000000 08:06 16520431                   /lib/x86_64-linux-gnu/libc-2.21.so
7fb9dfbae000-7fb9dfdae000 ---p 001c0000 08:06 16520431                   /lib/x86_64-linux-gnu/libc-2.21.so
7fb9dfdae000-7fb9dfdb2000 r--p 001c0000 08:06 16520431                   /lib/x86_64-linux-gnu/libc-2.21.so
7fb9dfdb2000-7fb9dfdb4000 rw-p 001c4000 08:06 16520431                   /lib/x86_64-linux-gnu/libc-2.21.so
7fb9dfdb4000-7fb9dfdb8000 rw-p 00000000 00:00 0 
7fb9dfdb8000-7fb9dfdbb000 r-xp 00000000 08:06 16520418                   /lib/x86_64-linux-gnu/libdl-2.21.so
7fb9dfdbb000-7fb9dffba000 ---p 00003000 08:06 16520418                   /lib/x86_64-linux-gnu/libdl-2.21.so
7fb9dffba000-7fb9dffbb000 r--p 00002000 08:06 16520418                   /lib/x86_64-linux-gnu/libdl-2.21.so
7fb9dffbb000-7fb9dffbc000 rw-p 00003000 08:06 16520418                   /lib/x86_64-linux-gnu/libdl-2.21.so
7fb9dffbc000-7fb9dffd1000 r-xp 00000000 08:06 11143764                   /opt/java/jdk1.8.0_92/lib/amd64/jli/libjli.so
7fb9dffd1000-7fb9e01d1000 ---p 00015000 08:06 11143764                   /opt/java/jdk1.8.0_92/lib/amd64/jli/libjli.so
7fb9e01d1000-7fb9e01d2000 rw-p 00015000 08:06 11143764                   /opt/java/jdk1.8.0_92/lib/amd64/jli/libjli.so
7fb9e01d2000-7fb9e01ea000 r-xp 00000000 08:06 16520415                   /lib/x86_64-linux-gnu/libpthread-2.21.so
7fb9e01ea000-7fb9e03ea000 ---p 00018000 08:06 16520415                   /lib/x86_64-linux-gnu/libpthread-2.21.so
7fb9e03ea000-7fb9e03eb000 r--p 00018000 08:06 16520415                   /lib/x86_64-linux-gnu/libpthread-2.21.so
7fb9e03eb000-7fb9e03ec000 rw-p 00019000 08:06 16520415                   /lib/x86_64-linux-gnu/libpthread-2.21.so
7fb9e03ec000-7fb9e03f0000 rw-p 00000000 00:00 0 
7fb9e03f0000-7fb9e0414000 r-xp 00000000 08:06 16520429                   /lib/x86_64-linux-gnu/ld-2.21.so
7fb9e0414000-7fb9e0415000 r--s 00006000 08:07 4074511                    /home/rubn/Documentos/java/eclipse-jee-mars-2-linux-gtk-x86 64/eclipse/plugins/org.eclipse.m2e.maven.runtime_1.7.0.20160603-1931/jars/plexus-sec-dispatcher-1.3.jar
7fb9e0415000-7fb9e0417000 r--s 0000f000 08:07 4074484                    /home/rubn/Documentos/java/eclipse-jee-mars-2-linux-gtk-x86 64/eclipse/plugins/org.eclipse.m2e.maven.runtime_1.7.0.20160603-1931/jars/maven-aether-provider-3.3.9.jar
7fb9e0417000-7fb9e041c000 r--s 00027000 08:07 4074491                    /home/rubn/Documentos/java/eclipse-jee-mars-2-linux-gtk-x86 64/eclipse/plugins/org.eclipse.m2e.maven.runtime_1.7.0.20160603-1931/jars/maven-model-builder-3.3.9.jar
7fb9e041c000-7fb9e041e000 r--s 0000a000 08:07 4074492                    /home/rubn/Documentos/java/eclipse-jee-mars-2-linux-gtk-x86 64/eclipse/plugins/org.eclipse.m2e.maven.runtime_1.7.0.20160603-1931/jars/maven-plugin-api-3.3.9.jar
7fb9e041e000-7fb9e0420000 r--s 0000c000 08:07 4074485                    /home/rubn/Documentos/java/eclipse-jee-mars-2-linux-gtk-x86 64/eclipse/plugins/org.eclipse.m2e.maven.runtime_1.7.0.20160603-1931/jars/maven-artifact-3.3.9.jar
7fb9e0420000-7fb9e0421000 r--s 00006000 08:07 4074493                    /home/rubn/Documentos/java/eclipse-jee-mars-2-linux-gtk-x86 64/eclipse/plugins/org.eclipse.m2e.maven.runtime_1.7.0.20160603-1931/jars/maven-repository-metadata-3.3.9.jar
7fb9e0421000-7fb9e0422000 r--s 00003000 08:07 4074486                    /home/rubn/Documentos/java/eclipse-jee-mars-2-linux-gtk-x86 64/eclipse/plugins/org.eclipse.m2e.maven.runtime_1.7.0.20160603-1931/jars/maven-builder-support-3.3.9.jar
7fb9e0422000-7fb9e0424000 r--s 00009000 08:07 4074495                    /home/rubn/Documentos/java/eclipse-jee-mars-2-linux-gtk-x86 64/eclipse/plugins/org.eclipse.m2e.maven.runtime_1.7.0.20160603-1931/jars/maven-settings-builder-3.3.9.jar
7fb9e0424000-7fb9e0427000 r--s 00026000 08:07 4074490                    /home/rubn/Documentos/java/eclipse-jee-mars-2-linux-gtk-x86 64/eclipse/plugins/org.eclipse.m2e.maven.runtime_1.7.0.20160603-1931/jars/maven-model-3.3.9.jar
7fb9e0427000-7fb9e04f2000 rw-p 00000000 00:00 0 
7fb9e04f2000-7fb9e04f5000 ---p 00000000 00:00 0 
7fb9e04f5000-7fb9e05f7000 rw-p 00000000 00:00 0 
7fb9e05f7000-7fb9e05f8000 r--s 0000a000 08:07 4074494                    /home/rubn/Documentos/java/eclipse-jee-mars-2-linux-gtk-x86 64/eclipse/plugins/org.eclipse.m2e.maven.runtime_1.7.0.20160603-1931/jars/maven-settings-3.3.9.jar
7fb9e05f8000-7fb9e0605000 r--s 0008f000 08:07 4074488                    /home/rubn/Documentos/java/eclipse-jee-mars-2-linux-gtk-x86 64/eclipse/plugins/org.eclipse.m2e.maven.runtime_1.7.0.20160603-1931/jars/maven-core-3.3.9.jar
7fb9e0605000-7fb9e0607000 r--s 0000b000 08:07 4074508                    /home/rubn/Documentos/java/eclipse-jee-mars-2-linux-gtk-x86 64/eclipse/plugins/org.eclipse.m2e.maven.runtime_1.7.0.20160603-1931/jars/plexus-classworlds-2.5.2.jar
7fb9e0607000-7fb9e060f000 rw-s 00000000 08:06 24117270                   /tmp/hsperfdata_rubn/10512
7fb9e060f000-7fb9e0610000 rw-p 00000000 00:00 0 
7fb9e0610000-7fb9e0611000 ---p 00000000 00:00 0 
7fb9e0611000-7fb9e0613000 rw-p 00000000 00:00 0 
7fb9e0613000-7fb9e0614000 r--p 00023000 08:06 16520429                   /lib/x86_64-linux-gnu/ld-2.21.so
7fb9e0614000-7fb9e0615000 rw-p 00024000 08:06 16520429                   /lib/x86_64-linux-gnu/ld-2.21.so
7fb9e0615000-7fb9e0616000 rw-p 00000000 00:00 0 
7fff0af93000-7fff0afb4000 rw-p 00000000 00:00 0                          [stack]
7fff0afd6000-7fff0afd8000 r--p 00000000 00:00 0                          [vvar]
7fff0afd8000-7fff0afda000 r-xp 00000000 00:00 0                          [vdso]
ffffffffff600000-ffffffffff601000 r-xp 00000000 00:00 0                  [vsyscall]

VM Arguments:
jvm_args: -Dmaven.home=EMBEDDED -Dclassworlds.conf=/home/rubn/workspace/.metadata/.plugins/org.eclipse.m2e.launching/launches/m2conf4139239603836412532.tmp -Dmaven.multiModuleProjectDirectory=/home/rubn/Documentos/java/aplicaciones/maven/MVP -Dfile.encoding=UTF-8 
java_command: org.codehaus.plexus.classworlds.launcher.Launcher -B jetty:run
java_class_path (initial): /home/rubn/Documentos/java/eclipse-jee-mars-2-linux-gtk-x86 64/eclipse/plugins/org.eclipse.m2e.maven.runtime_1.7.0.20160603-1931/jars/plexus-classworlds-2.5.2.jar
Launcher Type: SUN_STANDARD

Environment Variables:
JAVA_HOME=/opt/java/jdk1.8.0_92
PATH=/opt/maven/apache-maven-3.3.9/bin:/usr/local/sbin:/usr/local/bin:/usr/sbin:/usr/bin:/sbin:/bin:/usr/games:/usr/local/games:/home/rubn/bin:/opt/java/jdk1.8.0_92/bin
SHELL=/bin/bash
DISPLAY=:0.0

Signal Handlers:
SIGSEGV: [libjvm.so+0xabdee0], sa_mask[0]=11111111011111111101111111111110, sa_flags=SA_RESTART|SA_SIGINFO
SIGBUS: [libjvm.so+0xabdee0], sa_mask[0]=11111111011111111101111111111110, sa_flags=SA_RESTART|SA_SIGINFO
SIGFPE: [libjvm.so+0x91a580], sa_mask[0]=11111111011111111101111111111110, sa_flags=SA_RESTART|SA_SIGINFO
SIGPIPE: [libjvm.so+0x91a580], sa_mask[0]=11111111011111111101111111111110, sa_flags=SA_RESTART|SA_SIGINFO
SIGXFSZ: [libjvm.so+0x91a580], sa_mask[0]=11111111011111111101111111111110, sa_flags=SA_RESTART|SA_SIGINFO
SIGILL: [libjvm.so+0x91a580], sa_mask[0]=11111111011111111101111111111110, sa_flags=SA_RESTART|SA_SIGINFO
SIGUSR1: SIG_DFL, sa_mask[0]=00000000000000000000000000000000, sa_flags=none
SIGUSR2: [libjvm.so+0x91bbb0], sa_mask[0]=00100000000000000000000000000000, sa_flags=SA_RESTART|SA_SIGINFO
SIGHUP: [libjvm.so+0x91cfb0], sa_mask[0]=11111111011111111101111111111110, sa_flags=SA_RESTART|SA_SIGINFO
SIGINT: [libjvm.so+0x91cfb0], sa_mask[0]=11111111011111111101111111111110, sa_flags=SA_RESTART|SA_SIGINFO
SIGTERM: [libjvm.so+0x91cfb0], sa_mask[0]=11111111011111111101111111111110, sa_flags=SA_RESTART|SA_SIGINFO
SIGQUIT: [libjvm.so+0x91cfb0], sa_mask[0]=11111111011111111101111111111110, sa_flags=SA_RESTART|SA_SIGINFO


---------------  S Y S T E M  ---------------

OS:DISTRIB_ID=Ubuntu
DISTRIB_RELEASE=15.10
DISTRIB_CODENAME=wily
DISTRIB_DESCRIPTION="Ubuntu 15.10"

uname:Linux 4.2.0-42-generic #49-Ubuntu SMP Tue Jun 28 21:26:26 UTC 2016 x86_64
libc:glibc 2.21 NPTL 2.21 
rlimit: STACK 8192k, CORE 0k, NPROC 31302, NOFILE 65536, AS infinity
load average:0,51 0,63 0,62

/proc/meminfo:
MemTotal:        8050100 kB
MemFree:         2445596 kB
MemAvailable:    4022760 kB
Buffers:          209900 kB
Cached:          1572892 kB
SwapCached:            0 kB
Active:          4349832 kB
Inactive:         896324 kB
Active(anon):    3465936 kB
Inactive(anon):    96692 kB
Active(file):     883896 kB
Inactive(file):   799632 kB
Unevictable:         208 kB
Mlocked:             208 kB
SwapTotal:      15901692 kB
SwapFree:       15901692 kB
Dirty:              1420 kB
Writeback:             0 kB
AnonPages:       3463512 kB
Mapped:           533580 kB
Shmem:             99276 kB
Slab:             172928 kB
SReclaimable:     125128 kB
SUnreclaim:        47800 kB
KernelStack:       12896 kB
PageTables:        51720 kB
NFS_Unstable:          0 kB
Bounce:                0 kB
WritebackTmp:          0 kB
CommitLimit:    19926740 kB
Committed_AS:    8733148 kB
VmallocTotal:   34359738367 kB
VmallocUsed:      397868 kB
VmallocChunk:   34358947836 kB
HardwareCorrupted:     0 kB
AnonHugePages:   1808384 kB
CmaTotal:              0 kB
CmaFree:               0 kB
HugePages_Total:       0
HugePages_Free:        0
HugePages_Rsvd:        0
HugePages_Surp:        0
Hugepagesize:       2048 kB
DirectMap4k:      283132 kB
DirectMap2M:     7981056 kB


CPU:total 8 (4 cores per cpu, 2 threads per core) family 6 model 42 stepping 7, cmov, cx8, fxsr, mmx, sse, sse2, sse3, ssse3, sse4.1, sse4.2, popcnt, avx, aes, clmul, ht, tsc, tscinvbit

/proc/cpuinfo:
processor	: 0
vendor_id	: GenuineIntel
cpu family	: 6
model		: 42
model name	: Intel(R) Core(TM) i7-2600K CPU @ 3.40GHz
stepping	: 7
microcode	: 0x28
cpu MHz		: 2999.437
cache size	: 8192 KB
physical id	: 0
siblings	: 8
core id		: 0
cpu cores	: 4
apicid		: 0
initial apicid	: 0
fpu		: yes
fpu_exception	: yes
cpuid level	: 13
wp		: yes
flags		: fpu vme de pse tsc msr pae mce cx8 apic sep mtrr pge mca cmov pat pse36 clflush dts acpi mmx fxsr sse sse2 ss ht tm pbe syscall nx rdtscp lm constant_tsc arch_perfmon pebs bts rep_good nopl xtopology nonstop_tsc aperfmperf eagerfpu pni pclmulqdq dtes64 monitor ds_cpl vmx est tm2 ssse3 cx16 xtpr pdcm pcid sse4_1 sse4_2 popcnt tsc_deadline_timer aes xsave avx lahf_lm ida arat epb pln pts dtherm tpr_shadow vnmi flexpriority ept vpid xsaveopt
bugs		:
bogomips	: 6784.49
clflush size	: 64
cache_alignment	: 64
address sizes	: 36 bits physical, 48 bits virtual
power management:

processor	: 1
vendor_id	: GenuineIntel
cpu family	: 6
model		: 42
model name	: Intel(R) Core(TM) i7-2600K CPU @ 3.40GHz
stepping	: 7
microcode	: 0x28
cpu MHz		: 2999.437
cache size	: 8192 KB
physical id	: 0
siblings	: 8
core id		: 1
cpu cores	: 4
apicid		: 2
initial apicid	: 2
fpu		: yes
fpu_exception	: yes
cpuid level	: 13
wp		: yes
flags		: fpu vme de pse tsc msr pae mce cx8 apic sep mtrr pge mca cmov pat pse36 clflush dts acpi mmx fxsr sse sse2 ss ht tm pbe syscall nx rdtscp lm constant_tsc arch_perfmon pebs bts rep_good nopl xtopology nonstop_tsc aperfmperf eagerfpu pni pclmulqdq dtes64 monitor ds_cpl vmx est tm2 ssse3 cx16 xtpr pdcm pcid sse4_1 sse4_2 popcnt tsc_deadline_timer aes xsave avx lahf_lm ida arat epb pln pts dtherm tpr_shadow vnmi flexpriority ept vpid xsaveopt
bugs		:
bogomips	: 6784.49
clflush size	: 64
cache_alignment	: 64
address sizes	: 36 bits physical, 48 bits virtual
power management:

processor	: 2
vendor_id	: GenuineIntel
cpu family	: 6
model		: 42
model name	: Intel(R) Core(TM) i7-2600K CPU @ 3.40GHz
stepping	: 7
microcode	: 0x28
cpu MHz		: 3100.375
cache size	: 8192 KB
physical id	: 0
siblings	: 8
core id		: 2
cpu cores	: 4
apicid		: 4
initial apicid	: 4
fpu		: yes
fpu_exception	: yes
cpuid level	: 13
wp		: yes
flags		: fpu vme de pse tsc msr pae mce cx8 apic sep mtrr pge mca cmov pat pse36 clflush dts acpi mmx fxsr sse sse2 ss ht tm pbe syscall nx rdtscp lm constant_tsc arch_perfmon pebs bts rep_good nopl xtopology nonstop_tsc aperfmperf eagerfpu pni pclmulqdq dtes64 monitor ds_cpl vmx est tm2 ssse3 cx16 xtpr pdcm pcid sse4_1 sse4_2 popcnt tsc_deadline_timer aes xsave avx lahf_lm ida arat epb pln pts dtherm tpr_shadow vnmi flexpriority ept vpid xsaveopt
bugs		:
bogomips	: 6784.49
clflush size	: 64
cache_alignment	: 64
address sizes	: 36 bits physical, 48 bits virtual
power management:

processor	: 3
vendor_id	: GenuineIntel
cpu family	: 6
model		: 42
model name	: Intel(R) Core(TM) i7-2600K CPU @ 3.40GHz
stepping	: 7
microcode	: 0x28
cpu MHz		: 3097.718
cache size	: 8192 KB
physical id	: 0
siblings	: 8
core id		: 3
cpu cores	: 4
apicid		: 6
initial apicid	: 6
fpu		: yes
fpu_exception	: yes
cpuid level	: 13
wp		: yes
flags		: fpu vme de pse tsc msr pae mce cx8 apic sep mtrr pge mca cmov pat pse36 clflush dts acpi mmx fxsr sse sse2 ss ht tm pbe syscall nx rdtscp lm constant_tsc arch_perfmon pebs bts rep_good nopl xtopology nonstop_tsc aperfmperf eagerfpu pni pclmulqdq dtes64 monitor ds_cpl vmx est tm2 ssse3 cx16 xtpr pdcm pcid sse4_1 sse4_2 popcnt tsc_deadline_timer aes xsave avx lahf_lm ida arat epb pln pts dtherm tpr_shadow vnmi flexpriority ept vpid xsaveopt
bugs		:
bogomips	: 6784.49
clflush size	: 64
cache_alignment	: 64
address sizes	: 36 bits physical, 48 bits virtual
power management:

processor	: 4
vendor_id	: GenuineIntel
cpu family	: 6
model		: 42
model name	: Intel(R) Core(TM) i7-2600K CPU @ 3.40GHz
stepping	: 7
microcode	: 0x28
cpu MHz		: 2932.234
cache size	: 8192 KB
physical id	: 0
siblings	: 8
core id		: 0
cpu cores	: 4
apicid		: 1
initial apicid	: 1
fpu		: yes
fpu_exception	: yes
cpuid level	: 13
wp		: yes
flags		: fpu vme de pse tsc msr pae mce cx8 apic sep mtrr pge mca cmov pat pse36 clflush dts acpi mmx fxsr sse sse2 ss ht tm pbe syscall nx rdtscp lm constant_tsc arch_perfmon pebs bts rep_good nopl xtopology nonstop_tsc aperfmperf eagerfpu pni pclmulqdq dtes64 monitor ds_cpl vmx est tm2 ssse3 cx16 xtpr pdcm pcid sse4_1 sse4_2 popcnt tsc_deadline_timer aes xsave avx lahf_lm ida arat epb pln pts dtherm tpr_shadow vnmi flexpriority ept vpid xsaveopt
bugs		:
bogomips	: 6784.49
clflush size	: 64
cache_alignment	: 64
address sizes	: 36 bits physical, 48 bits virtual
power management:

processor	: 5
vendor_id	: GenuineIntel
cpu family	: 6
model		: 42
model name	: Intel(R) Core(TM) i7-2600K CPU @ 3.40GHz
stepping	: 7
microcode	: 0x28
cpu MHz		: 2932.234
cache size	: 8192 KB
physical id	: 0
siblings	: 8
core id		: 1
cpu cores	: 4
apicid		: 3
initial apicid	: 3
fpu		: yes
fpu_exception	: yes
cpuid level	: 13
wp		: yes
flags		: fpu vme de pse tsc msr pae mce cx8 apic sep mtrr pge mca cmov pat pse36 clflush dts acpi mmx fxsr sse sse2 ss ht tm pbe syscall nx rdtscp lm constant_tsc arch_perfmon pebs bts rep_good nopl xtopology nonstop_tsc aperfmperf eagerfpu pni pclmulqdq dtes64 monitor ds_cpl vmx est tm2 ssse3 cx16 xtpr pdcm pcid sse4_1 sse4_2 popcnt tsc_deadline_timer aes xsave avx lahf_lm ida arat epb pln pts dtherm tpr_shadow vnmi flexpriority ept vpid xsaveopt
bugs		:
bogomips	: 6784.49
clflush size	: 64
cache_alignment	: 64
address sizes	: 36 bits physical, 48 bits virtual
power management:

processor	: 6
vendor_id	: GenuineIntel
cpu family	: 6
model		: 42
model name	: Intel(R) Core(TM) i7-2600K CPU @ 3.40GHz
stepping	: 7
microcode	: 0x28
cpu MHz		: 2999.437
cache size	: 8192 KB
physical id	: 0
siblings	: 8
core id		: 2
cpu cores	: 4
apicid		: 5
initial apicid	: 5
fpu		: yes
fpu_exception	: yes
cpuid level	: 13
wp		: yes
flags		: fpu vme de pse tsc msr pae mce cx8 apic sep mtrr pge mca cmov pat pse36 clflush dts acpi mmx fxsr sse sse2 ss ht tm pbe syscall nx rdtscp lm constant_tsc arch_perfmon pebs bts rep_good nopl xtopology nonstop_tsc aperfmperf eagerfpu pni pclmulqdq dtes64 monitor ds_cpl vmx est tm2 ssse3 cx16 xtpr pdcm pcid sse4_1 sse4_2 popcnt tsc_deadline_timer aes xsave avx lahf_lm ida arat epb pln pts dtherm tpr_shadow vnmi flexpriority ept vpid xsaveopt
bugs		:
bogomips	: 6784.49
clflush size	: 64
cache_alignment	: 64
address sizes	: 36 bits physical, 48 bits virtual
power management:

processor	: 7
vendor_id	: GenuineIntel
cpu family	: 6
model		: 42
model name	: Intel(R) Core(TM) i7-2600K CPU @ 3.40GHz
stepping	: 7
microcode	: 0x28
cpu MHz		: 3039.679
cache size	: 8192 KB
physical id	: 0
siblings	: 8
core id		: 3
cpu cores	: 4
apicid		: 7
initial apicid	: 7
fpu		: yes
fpu_exception	: yes
cpuid level	: 13
wp		: yes
flags		: fpu vme de pse tsc msr pae mce cx8 apic sep mtrr pge mca cmov pat pse36 clflush dts acpi mmx fxsr sse sse2 ss ht tm pbe syscall nx rdtscp lm constant_tsc arch_perfmon pebs bts rep_good nopl xtopology nonstop_tsc aperfmperf eagerfpu pni pclmulqdq dtes64 monitor ds_cpl vmx est tm2 ssse3 cx16 xtpr pdcm pcid sse4_1 sse4_2 popcnt tsc_deadline_timer aes xsave avx lahf_lm ida arat epb pln pts dtherm tpr_shadow vnmi flexpriority ept vpid xsaveopt
bugs		:
bogomips	: 6784.49
clflush size	: 64
cache_alignment	: 64
address sizes	: 36 bits physical, 48 bits virtual
power management:



Memory: 4k page, physical 8050100k(2445596k free), swap 15901692k(15901692k free)

vm_info: Java HotSpot(TM) 64-Bit Server VM (25.92-b14) for linux-amd64 JRE (1.8.0_92-b14), built on Mar 31 2016 21:08:29 by "java_re" with gcc 4.3.0 20080428 (Red Hat 4.3.0-8)

time: Fri Dec  9 10:30:16 2016
elapsed time: 16 seconds (0d 0h 0m 16s)

