#
# A fatal error has been detected by the Java Runtime Environment:
#
#  SIGSEGV (0xb) at pc=0x00007f1a8d5e6825, pid=21921, tid=0x00007f1a74b39700
#
# JRE version: Java(TM) SE Runtime Environment (8.0_92-b14) (build 1.8.0_92-b14)
# Java VM: Java HotSpot(TM) 64-Bit Server VM (25.92-b14 mixed mode linux-amd64 compressed oops)
# Problematic frame:
# V  [libjvm.so+0xa28825]  StringTable::unlink_or_oops_do(BoolObjectClosure*, OopClosure*, int*, int*)+0x95
#
# Failed to write core dump. Core dumps have been disabled. To enable core dumping, try "ulimit -c unlimited" before starting Java again
#
# If you would like to submit a bug report, please visit:
#   http://bugreport.java.com/bugreport/crash.jsp
#

---------------  T H R E A D  ---------------

Current thread (0x00007f1a88080800):  VMThread [stack: 0x00007f1a74a39000,0x00007f1a74b3a000] [id=21936]

siginfo: si_signo: 11 (SIGSEGV), si_code: 1 (SEGV_MAPERR), si_addr: 0x0000000200000010

Registers:
RAX=0x00007f1a8db1b280, RBX=0x0000000200000000, RCX=0x00000000e59d5dd8, RDX=0x00007f1a8802e3d0
RSP=0x00007f1a74b38620, RBP=0x00007f1a74b38660, RSI=0x00000000d7100000, RDI=0x00007f1a8807e080
R8 =0x000000087f27f4d3, R9 =0x0000001cd2909c6a, R10=0x0000000000000001, R11=0x00007f1a8d724402
R12=0x00007f1a7697ee48, R13=0x00007f1a74b38a3c, R14=0x00007f1a8db777f0, R15=0x00007f1a74b38a38
RIP=0x00007f1a8d5e6825, EFLAGS=0x0000000000010206, CSGSFS=0x0000000000000033, ERR=0x0000000000000004
  TRAPNO=0x000000000000000e

Top of Stack: (sp=0x00007f1a74b38620)
0x00007f1a74b38620:   0000000000075368 00007f1a74b38990
0x00007f1a74b38630:   0000000000048e38 00007f1a4400a3c0
0x00007f1a74b38640:   0000000000000008 00007f1a8802e620
0x00007f1a74b38650:   0000000000000008 00007f1a88017ea0
0x00007f1a74b38660:   00007f1a74b38a70 00007f1a8d547868
0x00007f1a74b38670:   00007f1a8db77660 00007f1a00000009
0x00007f1a74b38680:   00007f1a00000001 00007f1a00000001
0x00007f1a74b38690:   00007f1a0000000e 00007f1a74b388e0
0x00007f1a74b386a0:   00007f1a74b38a00 00007f1a74b389f0
0x00007f1a74b386b0:   00007f1a74b388a0 00007f1a8db75ef0
0x00007f1a74b386c0:   00007f1a74b38990 00007f1a74b38860
0x00007f1a74b386d0:   00007f1a74b38940 00007f1a74b38910
0x00007f1a74b386e0:   00007f1a8db68659 00007f1a00000010
0x00007f1a74b386f0:   00007f1a8801ac10 00007f1a8801aca0
0x00007f1a74b38700:   00007f1a8801c5d0 0000000007ea2f90
0x00007f1a74b38710:   0000000005a9a2c0 0000000087608cd0
0x00007f1a74b38720:   00007f1a8807e080 0000000008c969f0
0x00007f1a74b38730:   00007f1a8802e5f0 00007f1a8802e600
0x00007f1a74b38740:   00007f1a8802e9d8 00007f1a8807fe90
0x00007f1a74b38750:   00000000000003d8 000000000048119a
0x00007f1a74b38760:   0000000000000000 000000000000017c
0x00007f1a74b38770:   0000000000000d40 0000000000000020
0x00007f1a74b38780:   000000087e92cdc9 0000001cd096a510
0x00007f1a74b38790:   6174654d28204347 2043472061746164
0x00007f1a74b387a0:   6c6f687365726854 0000000400202964
0x00007f1a74b387b0:   6f6c6c4128204347 46206e6f69746163
0x00007f1a74b387c0:   20296572756c6961 00007f1a8e7a4f00
0x00007f1a74b387d0:   00007f1a65295e40 00007f1a65295e44
0x00007f1a74b387e0:   00007f1a8807d140 0000000000000000
0x00007f1a74b387f0:   0000000000000000 00007f1a8802e5f0
0x00007f1a74b38800:   00007f1a8e7a4ff8 00007f1a8e7a4ffc
0x00007f1a74b38810:   00007f1a0000001b 00007f1a65295e54 

Instructions: (pc=0x00007f1a8d5e6825)
0x00007f1a8d5e6805:   8d 63 08 48 8d 73 10 48 8b 02 48 89 d7 ff 10 41
0x00007f1a8d5e6815:   83 45 00 01 49 8b 1c 24 48 85 db 74 45 49 8b 06
0x00007f1a8d5e6825:   48 8b 73 10 4c 89 f7 ff 10 84 c0 75 ce 48 8b 43
0x00007f1a8d5e6835:   08 48 83 e0 fe 49 89 04 24 48 8b 05 8b 22 59 00 

Register to memory mapping:

RAX=0x00007f1a8db1b280: <offset 0xf5d280> in /opt/java/jdk1.8.0_92/jre/lib/amd64/server/libjvm.so at 0x00007f1a8cbbe000
RBX=0x0000000200000000 is an unknown value
RCX=0x00000000e59d5dd8 is an oop
java.lang.String 
 - klass: 'java/lang/String'
RDX=0x00007f1a8802e3d0 is an unknown value
RSP=0x00007f1a74b38620 is an unknown value
RBP=0x00007f1a74b38660 is an unknown value
RSI=0x00000000d7100000 is an oop
[B 
 - klass: {type array byte}
 - length: 36
RDI=0x00007f1a8807e080 is an unknown value
R8 =0x000000087f27f4d3 is an unknown value
R9 =0x0000001cd2909c6a is an unknown value
R10=0x0000000000000001 is an unknown value
R11=0x00007f1a8d724402: <offset 0xb66402> in /opt/java/jdk1.8.0_92/jre/lib/amd64/server/libjvm.so at 0x00007f1a8cbbe000
R12=0x00007f1a7697ee48 is an unknown value
R13=0x00007f1a74b38a3c is an unknown value
R14=0x00007f1a8db777f0: <offset 0xfb97f0> in /opt/java/jdk1.8.0_92/jre/lib/amd64/server/libjvm.so at 0x00007f1a8cbbe000
R15=0x00007f1a74b38a38 is an unknown value


Stack: [0x00007f1a74a39000,0x00007f1a74b3a000],  sp=0x00007f1a74b38620,  free space=1021k
Native frames: (J=compiled Java code, j=interpreted, Vv=VM code, C=native code)
V  [libjvm.so+0xa28825]  StringTable::unlink_or_oops_do(BoolObjectClosure*, OopClosure*, int*, int*)+0x95
V  [libjvm.so+0x989868]  PSScavenge::invoke_no_policy()+0xc28
V  [libjvm.so+0x984e25]  PSParallelCompact::invoke(bool)+0x85
V  [libjvm.so+0x482564]  CollectedHeap::collect_as_vm_thread(GCCause::Cause)+0x114
V  [libjvm.so+0xabead1]  VM_CollectForMetadataAllocation::doit()+0x161
V  [libjvm.so+0xac6aa5]  VM_Operation::evaluate()+0x55
V  [libjvm.so+0xac4e7a]  VMThread::evaluate_operation(VM_Operation*)+0xba
V  [libjvm.so+0xac51fe]  VMThread::loop()+0x1ce
V  [libjvm.so+0xac5670]  VMThread::run()+0x70
V  [libjvm.so+0x91fad8]  java_start(Thread*)+0x108

VM_Operation (0x00007f1a662c8dd0): CollectForMetadataAllocation, mode: safepoint, requested by thread 0x00007f1a88fd4800


---------------  P R O C E S S  ---------------

Java Threads: ( => current thread )
  0x00007f19d0002800 JavaThread "Atmosphere-Scheduler-2" daemon [_thread_blocked, id=22049, stack(0x00007f1a5fbfe000,0x00007f1a5fcff000)]
  0x00007f19f8025800 JavaThread "Scheduler-1487424018" [_thread_blocked, id=22044, stack(0x00007f1a5fcff000,0x00007f1a5fe00000)]
  0x00007f1a897c7800 JavaThread "PathWatcher-Thread[/home/rubn/Documentos/java/aplicaciones/maven/MVP (+43)]" daemon [_thread_blocked, id=22036, stack(0x00007f1a64033000,0x00007f1a64134000)]
  0x00007f1a890d9000 JavaThread "Thread-19" daemon [_thread_blocked, id=22035, stack(0x00007f1a64134000,0x00007f1a64235000)]
  0x00007f1a89786800 JavaThread "Atmosphere-Scheduler-0" daemon [_thread_blocked, id=22032, stack(0x00007f1a64637000,0x00007f1a64738000)]
  0x00007f1a8990b000 JavaThread "org.eclipse.jetty.server.session.HashSessionManager@2be21396Timer" daemon [_thread_blocked, id=22031, stack(0x00007f1a64d96000,0x00007f1a64e97000)]
  0x00007f1a04002000 JavaThread "qtp100048427-37" [_thread_blocked, id=22030, stack(0x00007f1a662d6000,0x00007f1a663d7000)]
  0x00007f19e0001000 JavaThread "qtp100048427-36" [_thread_blocked, id=22028, stack(0x00007f1a65097000,0x00007f1a65198000)]
  0x00007f19f8001800 JavaThread "qtp100048427-35" [_thread_in_native, id=22027, stack(0x00007f1a65198000,0x00007f1a65299000)]
  0x00007f1a8913d000 JavaThread "qtp100048427-34" [_thread_blocked, id=22026, stack(0x00007f1a65299000,0x00007f1a6539a000)]
  0x00007f1a8913b800 JavaThread "qtp100048427-33-acceptor-0@79822855-ServerConnector@51e754e1{HTTP/1.1,[http/1.1]}{0.0.0.0:8080}" [_thread_in_native, id=22025, stack(0x00007f1a6539a000,0x00007f1a6549b000)]
  0x00007f1a89139800 JavaThread "qtp100048427-32" [_thread_in_native, id=22024, stack(0x00007f1a6549b000,0x00007f1a6559c000)]
  0x00007f1a89137800 JavaThread "qtp100048427-31" [_thread_in_native, id=22023, stack(0x00007f1a6559c000,0x00007f1a6569d000)]
  0x00007f1a89136000 JavaThread "qtp100048427-30" [_thread_in_native, id=22022, stack(0x00007f1a6569d000,0x00007f1a6579e000)]
  0x00007f1a89134000 JavaThread "qtp100048427-29" [_thread_blocked, id=22021, stack(0x00007f1a65eec000,0x00007f1a65fed000)]
  0x00007f1a88fd4800 JavaThread "qtp100048427-28" [_thread_blocked, id=22020, stack(0x00007f1a661d5000,0x00007f1a662d6000)]
  0x00007f1a88da2000 JavaThread "resolver-5" daemon [_thread_blocked, id=21973, stack(0x00007f1a663d7000,0x00007f1a664d8000)]
  0x00007f1a88da1000 JavaThread "resolver-4" daemon [_thread_blocked, id=21972, stack(0x00007f1a664d8000,0x00007f1a665d9000)]
  0x00007f1a88da0000 JavaThread "resolver-3" daemon [_thread_blocked, id=21971, stack(0x00007f1a665d9000,0x00007f1a666da000)]
  0x00007f1a88d9e000 JavaThread "resolver-2" daemon [_thread_blocked, id=21970, stack(0x00007f1a667db000,0x00007f1a668dc000)]
  0x00007f1a88d9f000 JavaThread "resolver-1" daemon [_thread_blocked, id=21969, stack(0x00007f1a666da000,0x00007f1a667db000)]
  0x00007f1a88d97800 JavaThread "process reaper" daemon [_thread_blocked, id=21948, stack(0x00007f1a668dc000,0x00007f1a66915000)]
  0x00007f1a880d3800 JavaThread "Service Thread" daemon [_thread_blocked, id=21944, stack(0x00007f1a67cfd000,0x00007f1a67dfe000)]
  0x00007f1a880c8800 JavaThread "C1 CompilerThread3" daemon [_thread_blocked, id=21943, stack(0x00007f1a67dfe000,0x00007f1a67eff000)]
  0x00007f1a880c6000 JavaThread "C2 CompilerThread2" daemon [_thread_blocked, id=21942, stack(0x00007f1a67eff000,0x00007f1a68000000)]
  0x00007f1a880c4000 JavaThread "C2 CompilerThread1" daemon [_thread_blocked, id=21941, stack(0x00007f1a6c08e000,0x00007f1a6c18f000)]
  0x00007f1a880c1800 JavaThread "C2 CompilerThread0" daemon [_thread_blocked, id=21940, stack(0x00007f1a6c18f000,0x00007f1a6c290000)]
  0x00007f1a880c0000 JavaThread "Signal Dispatcher" daemon [_thread_blocked, id=21939, stack(0x00007f1a74054000,0x00007f1a74155000)]
  0x00007f1a8808d000 JavaThread "Finalizer" daemon [_thread_blocked, id=21938, stack(0x00007f1a74837000,0x00007f1a74938000)]
  0x00007f1a88088000 JavaThread "Reference Handler" daemon [_thread_blocked, id=21937, stack(0x00007f1a74938000,0x00007f1a74a39000)]
  0x00007f1a8800a000 JavaThread "main" [_thread_blocked, id=21926, stack(0x00007f1a8e6a8000,0x00007f1a8e7a9000)]

Other Threads:
=>0x00007f1a88080800 VMThread [stack: 0x00007f1a74a39000,0x00007f1a74b3a000] [id=21936]
  0x00007f1a880d6800 WatcherThread [stack: 0x00007f1a67bfc000,0x00007f1a67cfd000] [id=21945]

VM state:at safepoint (normal execution)

VM Mutex/Monitor currently owned by a thread:  ([mutex/lock_event])
[0x00007f1a88006400] Threads_lock - owner thread: 0x00007f1a88080800
[0x00007f1a88006900] Heap_lock - owner thread: 0x00007f1a88fd4800

Heap:
 PSYoungGen      total 236544K, used 92776K [0x00000000d7100000, 0x00000000e8300000, 0x0000000100000000)
  eden space 222208K, 35% used [0x00000000d7100000,0x00000000dbd9f4f8,0x00000000e4a00000)
  from space 14336K, 99% used [0x00000000e7500000,0x00000000e82fadc8,0x00000000e8300000)
  to   space 24064K, 54% used [0x00000000e5400000,0x00000000e60ba860,0x00000000e6b80000)
 ParOldGen       total 62464K, used 36907K [0x0000000085200000, 0x0000000088f00000, 0x00000000d7100000)
  object space 62464K, 59% used [0x0000000085200000,0x000000008760acd0,0x0000000088f00000)
 Metaspace       used 34295K, capacity 35150K, committed 35496K, reserved 1081344K
  class space    used 4228K, capacity 4489K, committed 4520K, reserved 1048576K

Card table byte_map: [0x00007f1a7801b000,0x00007f1a783f3000] byte_map_base: 0x00007f1a77bf2000

Marking Bits: (ParMarkBitMap*) 0x00007f1a8db774c0
 Begin Bits: [0x00007f1a6c290000, 0x00007f1a6e148000)
 End Bits:   [0x00007f1a6e148000, 0x00007f1a70000000)

Polling page: 0x00007f1a8e7c6000

CodeCache: size=245760Kb used=14789Kb max_used=15123Kb free=230970Kb
 bounds [0x00007f1a787b3000, 0x00007f1a79693000, 0x00007f1a877b3000]
 total_blobs=4894 nmethods=4453 adapters=353
 compilation: enabled

Compilation events (10 events):
Event: 36,477 Thread 0x00007f1a880c8800 5338       3       com.vaadin.ui.AbstractComponent::getState (9 bytes)
Event: 36,478 Thread 0x00007f1a880c8800 nmethod 5338 0x00007f1a78a0fd10 code [0x00007f1a78a0fe80, 0x00007f1a78a100e8]
Event: 36,478 Thread 0x00007f1a880c8800 5339       3       com.vaadin.server.AbstractClientConnector::getState (100 bytes)
Event: 36,478 Thread 0x00007f1a880c8800 nmethod 5339 0x00007f1a7897a0d0 code [0x00007f1a7897a2a0, 0x00007f1a7897aa78]
Event: 36,481 Thread 0x00007f1a880c8800 5340       1       com.vaadin.server.Sizeable$Unit::getSymbol (5 bytes)
Event: 36,481 Thread 0x00007f1a880c8800 nmethod 5340 0x00007f1a789ce490 code [0x00007f1a789ce5e0, 0x00007f1a789ce6f0]
Event: 36,481 Thread 0x00007f1a880c8800 5341       1       com.vaadin.data.util.AbstractInMemoryContainer::getAllItemIds (5 bytes)
Event: 36,481 Thread 0x00007f1a880c8800 nmethod 5341 0x00007f1a78dec250 code [0x00007f1a78dec3a0, 0x00007f1a78dec4b0]
Event: 36,482 Thread 0x00007f1a880c8800 5342       3       java.util.AbstractSequentialList::iterator (5 bytes)
Event: 36,482 Thread 0x00007f1a880c8800 nmethod 5342 0x00007f1a7942fcd0 code [0x00007f1a7942fe40, 0x00007f1a79430128]

GC Heap History (10 events):
Event: 1,821 GC heap after
Heap after GC invocations=5 (full 0):
 PSYoungGen      total 68608K, used 5104K [0x00000000d7100000, 0x00000000e0200000, 0x0000000100000000)
  eden space 63488K, 0% used [0x00000000d7100000,0x00000000d7100000,0x00000000daf00000)
  from space 5120K, 99% used [0x00000000daf00000,0x00000000db3fc050,0x00000000db400000)
  to   space 10752K, 0% used [0x00000000df780000,0x00000000df780000,0x00000000e0200000)
 ParOldGen       total 84992K, used 10659K [0x0000000085200000, 0x000000008a500000, 0x00000000d7100000)
  object space 84992K, 12% used [0x0000000085200000,0x0000000085c68f88,0x000000008a500000)
 Metaspace       used 15298K, capacity 15550K, committed 15744K, reserved 1062912K
  class space    used 1819K, capacity 1919K, committed 1920K, reserved 1048576K
}
Event: 2,405 GC heap before
{Heap before GC invocations=6 (full 0):
 PSYoungGen      total 68608K, used 68592K [0x00000000d7100000, 0x00000000e0200000, 0x0000000100000000)
  eden space 63488K, 100% used [0x00000000d7100000,0x00000000daf00000,0x00000000daf00000)
  from space 5120K, 99% used [0x00000000daf00000,0x00000000db3fc050,0x00000000db400000)
  to   space 10752K, 0% used [0x00000000df780000,0x00000000df780000,0x00000000e0200000)
 ParOldGen       total 84992K, used 10659K [0x0000000085200000, 0x000000008a500000, 0x00000000d7100000)
  object space 84992K, 12% used [0x0000000085200000,0x0000000085c68f88,0x000000008a500000)
 Metaspace       used 18547K, capacity 19078K, committed 19456K, reserved 1067008K
  class space    used 2235K, capacity 2433K, committed 2560K, reserved 1048576K
Event: 2,433 GC heap after
Heap after GC invocations=6 (full 0):
 PSYoungGen      total 136704K, used 10129K [0x00000000d7100000, 0x00000000e0400000, 0x0000000100000000)
  eden space 125952K, 0% used [0x00000000d7100000,0x00000000d7100000,0x00000000dec00000)
  from space 10752K, 94% used [0x00000000df780000,0x00000000e0164718,0x00000000e0200000)
  to   space 11776K, 0% used [0x00000000dec00000,0x00000000dec00000,0x00000000df780000)
 ParOldGen       total 84992K, used 10667K [0x0000000085200000, 0x000000008a500000, 0x00000000d7100000)
  object space 84992K, 12% used [0x0000000085200000,0x0000000085c6af88,0x000000008a500000)
 Metaspace       used 18547K, capacity 19078K, committed 19456K, reserved 1067008K
  class space    used 2235K, capacity 2433K, committed 2560K, reserved 1048576K
}
Event: 5,129 GC heap before
{Heap before GC invocations=7 (full 0):
 PSYoungGen      total 136704K, used 118470K [0x00000000d7100000, 0x00000000e0400000, 0x0000000100000000)
  eden space 125952K, 86% used [0x00000000d7100000,0x00000000ddacd248,0x00000000dec00000)
  from space 10752K, 94% used [0x00000000df780000,0x00000000e0164718,0x00000000e0200000)
  to   space 11776K, 0% used [0x00000000dec00000,0x00000000dec00000,0x00000000df780000)
 ParOldGen       total 84992K, used 10667K [0x0000000085200000, 0x000000008a500000, 0x00000000d7100000)
  object space 84992K, 12% used [0x0000000085200000,0x0000000085c6af88,0x000000008a500000)
 Metaspace       used 20423K, capacity 21092K, committed 21296K, reserved 1069056K
  class space    used 2397K, capacity 2618K, committed 2688K, reserved 1048576K
Event: 5,149 GC heap after
Heap after GC invocations=7 (full 0):
 PSYoungGen      total 137728K, used 11774K [0x00000000d7100000, 0x00000000e8300000, 0x0000000100000000)
  eden space 125952K, 0% used [0x00000000d7100000,0x00000000d7100000,0x00000000dec00000)
  from space 11776K, 99% used [0x00000000dec00000,0x00000000df77fb50,0x00000000df780000)
  to   space 14336K, 0% used [0x00000000e7500000,0x00000000e7500000,0x00000000e8300000)
 ParOldGen       total 84992K, used 12419K [0x0000000085200000, 0x000000008a500000, 0x00000000d7100000)
  object space 84992K, 14% used [0x0000000085200000,0x0000000085e20fd8,0x000000008a500000)
 Metaspace       used 20423K, capacity 21092K, committed 21296K, reserved 1069056K
  class space    used 2397K, capacity 2618K, committed 2688K, reserved 1048576K
}
Event: 5,149 GC heap before
{Heap before GC invocations=8 (full 1):
 PSYoungGen      total 137728K, used 11774K [0x00000000d7100000, 0x00000000e8300000, 0x0000000100000000)
  eden space 125952K, 0% used [0x00000000d7100000,0x00000000d7100000,0x00000000dec00000)
  from space 11776K, 99% used [0x00000000dec00000,0x00000000df77fb50,0x00000000df780000)
  to   space 14336K, 0% used [0x00000000e7500000,0x00000000e7500000,0x00000000e8300000)
 ParOldGen       total 84992K, used 12419K [0x0000000085200000, 0x000000008a500000, 0x00000000d7100000)
  object space 84992K, 14% used [0x0000000085200000,0x0000000085e20fd8,0x000000008a500000)
 Metaspace       used 20423K, capacity 21092K, committed 21296K, reserved 1069056K
  class space    used 2397K, capacity 2618K, committed 2688K, reserved 1048576K
Event: 5,200 GC heap after
Heap after GC invocations=8 (full 1):
 PSYoungGen      total 137728K, used 0K [0x00000000d7100000, 0x00000000e8300000, 0x0000000100000000)
  eden space 125952K, 0% used [0x00000000d7100000,0x00000000d7100000,0x00000000dec00000)
  from space 11776K, 0% used [0x00000000dec00000,0x00000000dec00000,0x00000000df780000)
  to   space 14336K, 0% used [0x00000000e7500000,0x00000000e7500000,0x00000000e8300000)
 ParOldGen       total 62464K, used 18010K [0x0000000085200000, 0x0000000088f00000, 0x00000000d7100000)
  object space 62464K, 28% used [0x0000000085200000,0x00000000863969f0,0x0000000088f00000)
 Metaspace       used 20423K, capacity 21092K, committed 21296K, reserved 1069056K
  class space    used 2397K, capacity 2618K, committed 2688K, reserved 1048576K
}
Event: 5,953 GC heap before
{Heap before GC invocations=9 (full 1):
 PSYoungGen      total 137728K, used 125952K [0x00000000d7100000, 0x00000000e8300000, 0x0000000100000000)
  eden space 125952K, 100% used [0x00000000d7100000,0x00000000dec00000,0x00000000dec00000)
  from space 11776K, 0% used [0x00000000dec00000,0x00000000dec00000,0x00000000df780000)
  to   space 14336K, 0% used [0x00000000e7500000,0x00000000e7500000,0x00000000e8300000)
 ParOldGen       total 62464K, used 18010K [0x0000000085200000, 0x0000000088f00000, 0x00000000d7100000)
  object space 62464K, 28% used [0x0000000085200000,0x00000000863969f0,0x0000000088f00000)
 Metaspace       used 24377K, capacity 25122K, committed 25472K, reserved 1071104K
  class space    used 2853K, capacity 3109K, committed 3200K, reserved 1048576K
Event: 5,986 GC heap after
Heap after GC invocations=9 (full 1):
 PSYoungGen      total 236544K, used 14315K [0x00000000d7100000, 0x00000000e8300000, 0x0000000100000000)
  eden space 222208K, 0% used [0x00000000d7100000,0x00000000d7100000,0x00000000e4a00000)
  from space 14336K, 99% used [0x00000000e7500000,0x00000000e82fadc8,0x00000000e8300000)
  to   space 24064K, 0% used [0x00000000e5400000,0x00000000e5400000,0x00000000e6b80000)
 ParOldGen       total 62464K, used 36899K [0x0000000085200000, 0x0000000088f00000, 0x00000000d7100000)
  object space 62464K, 59% used [0x0000000085200000,0x0000000087608cd0,0x0000000088f00000)
 Metaspace       used 24377K, capacity 25122K, committed 25472K, reserved 1071104K
  class space    used 2853K, capacity 3109K, committed 3200K, reserved 1048576K
}
Event: 36,483 GC heap before
{Heap before GC invocations=10 (full 1):
 PSYoungGen      total 236544K, used 92776K [0x00000000d7100000, 0x00000000e8300000, 0x0000000100000000)
  eden space 222208K, 35% used [0x00000000d7100000,0x00000000dbd9f4f8,0x00000000e4a00000)
  from space 14336K, 99% used [0x00000000e7500000,0x00000000e82fadc8,0x00000000e8300000)
  to   space 24064K, 0% used [0x00000000e5400000,0x00000000e5400000,0x00000000e6b80000)
 ParOldGen       total 62464K, used 36899K [0x0000000085200000, 0x0000000088f00000, 0x00000000d7100000)
  object space 62464K, 59% used [0x0000000085200000,0x0000000087608cd0,0x0000000088f00000)
 Metaspace       used 34295K, capacity 35150K, committed 35496K, reserved 1081344K
  class space    used 4228K, capacity 4489K, committed 4520K, reserved 1048576K

Deoptimization events (10 events):
Event: 34,021 Thread 0x00007f1a04002000 Uncommon trap: reason=class_check action=maybe_recompile pc=0x00007f1a78ef5680 method=java.util.Collections$UnmodifiableMap$UnmodifiableEntrySet$UnmodifiableEntry.getKey()Ljava/lang/Object; @ 4
Event: 34,021 Thread 0x00007f1a04002000 Uncommon trap: reason=class_check action=maybe_recompile pc=0x00007f1a78f126c0 method=java.util.Collections$UnmodifiableMap$UnmodifiableEntrySet$UnmodifiableEntry.getValue()Ljava/lang/Object; @ 4
Event: 34,021 Thread 0x00007f1a04002000 Uncommon trap: reason=class_check action=maybe_recompile pc=0x00007f1a78ef644c method=java.util.Collections$UnmodifiableMap$UnmodifiableEntrySet$1.hasNext()Z @ 4
Event: 34,021 Thread 0x00007f1a04002000 Uncommon trap: reason=class_check action=maybe_recompile pc=0x00007f1a78efef84 method=java.util.Collections$UnmodifiableMap$UnmodifiableEntrySet$1.next()Ljava/util/Map$Entry; @ 8
Event: 34,021 Thread 0x00007f1a04002000 Uncommon trap: reason=class_check action=maybe_recompile pc=0x00007f1a78ef5680 method=java.util.Collections$UnmodifiableMap$UnmodifiableEntrySet$UnmodifiableEntry.getKey()Ljava/lang/Object; @ 4
Event: 34,021 Thread 0x00007f1a04002000 Uncommon trap: reason=class_check action=maybe_recompile pc=0x00007f1a78f126c0 method=java.util.Collections$UnmodifiableMap$UnmodifiableEntrySet$UnmodifiableEntry.getValue()Ljava/lang/Object; @ 4
Event: 34,021 Thread 0x00007f1a04002000 Uncommon trap: reason=class_check action=maybe_recompile pc=0x00007f1a78ef644c method=java.util.Collections$UnmodifiableMap$UnmodifiableEntrySet$1.hasNext()Z @ 4
Event: 34,021 Thread 0x00007f1a04002000 Uncommon trap: reason=class_check action=maybe_recompile pc=0x00007f1a78efef84 method=java.util.Collections$UnmodifiableMap$UnmodifiableEntrySet$1.next()Ljava/util/Map$Entry; @ 8
Event: 34,021 Thread 0x00007f1a04002000 Uncommon trap: reason=class_check action=maybe_recompile pc=0x00007f1a78ef5680 method=java.util.Collections$UnmodifiableMap$UnmodifiableEntrySet$UnmodifiableEntry.getKey()Ljava/lang/Object; @ 4
Event: 34,021 Thread 0x00007f1a04002000 Uncommon trap: reason=class_check action=maybe_recompile pc=0x00007f1a78f126c0 method=java.util.Collections$UnmodifiableMap$UnmodifiableEntrySet$UnmodifiableEntry.getValue()Ljava/lang/Object; @ 4

Internal exceptions (10 events):
Event: 33,567 Thread 0x00007f1a8913d000 Exception <a 'java/security/PrivilegedActionException'> (0x00000000db74c700) thrown at [/HUDSON/workspace/8-2-build-linux-amd64/jdk8u92/6642/hotspot/src/share/vm/prims/jvm.cpp, line 1386]
Event: 33,568 Thread 0x00007f1a8913d000 Exception <a 'java/security/PrivilegedActionException'> (0x00000000db74edd0) thrown at [/HUDSON/workspace/8-2-build-linux-amd64/jdk8u92/6642/hotspot/src/share/vm/prims/jvm.cpp, line 1386]
Event: 33,568 Thread 0x00007f1a8913d000 Exception <a 'java/security/PrivilegedActionException'> (0x00000000db74f3b0) thrown at [/HUDSON/workspace/8-2-build-linux-amd64/jdk8u92/6642/hotspot/src/share/vm/prims/jvm.cpp, line 1386]
Event: 33,568 Thread 0x00007f1a8913d000 Exception <a 'java/lang/ClassNotFoundException': com/vaadin/shared/ui/orderedlayout/HorizontalLayoutStateCustomizer> (0x00000000db758780) thrown at [/HUDSON/workspace/8-2-build-linux-amd64/jdk8u92/6642/hotspot/src/share/vm/classfile/systemDictionary.cpp, 
Event: 34,018 Thread 0x00007f1a04002000 Exception <a 'sun/nio/fs/UnixException'> (0x00000000db8ca618) thrown at [/HUDSON/workspace/8-2-build-linux-amd64/jdk8u92/6642/hotspot/src/share/vm/prims/jni.cpp, line 709]
Event: 34,018 Thread 0x00007f1a04002000 Exception <a 'sun/nio/fs/UnixException'> (0x00000000db8cb4c8) thrown at [/HUDSON/workspace/8-2-build-linux-amd64/jdk8u92/6642/hotspot/src/share/vm/prims/jni.cpp, line 709]
Event: 34,018 Thread 0x00007f1a04002000 Exception <a 'sun/nio/fs/UnixException'> (0x00000000db8cbc48) thrown at [/HUDSON/workspace/8-2-build-linux-amd64/jdk8u92/6642/hotspot/src/share/vm/prims/jni.cpp, line 709]
Event: 34,018 Thread 0x00007f1a04002000 Exception <a 'sun/nio/fs/UnixException'> (0x00000000db8cc458) thrown at [/HUDSON/workspace/8-2-build-linux-amd64/jdk8u92/6642/hotspot/src/share/vm/prims/jni.cpp, line 709]
Event: 34,018 Thread 0x00007f1a04002000 Exception <a 'sun/nio/fs/UnixException'> (0x00000000db8cccf8) thrown at [/HUDSON/workspace/8-2-build-linux-amd64/jdk8u92/6642/hotspot/src/share/vm/prims/jni.cpp, line 709]
Event: 34,018 Thread 0x00007f1a04002000 Exception <a 'sun/nio/fs/UnixException'> (0x00000000db8cd598) thrown at [/HUDSON/workspace/8-2-build-linux-amd64/jdk8u92/6642/hotspot/src/share/vm/prims/jni.cpp, line 709]

Events (10 events):
Event: 36,470 Executing VM operation: RevokeBias done
Event: 36,476 loading class com/vaadin/ui/Button$ClickEvent
Event: 36,476 loading class com/vaadin/ui/Button$ClickEvent done
Event: 36,476 loading class com/vaadin/ui/Button$ClickEvent
Event: 36,476 loading class com/vaadin/ui/Button$ClickEvent done
Event: 36,476 loading class com/Core/vaadin/workingWithForms/CustomValidation
Event: 36,476 loading class com/Core/vaadin/workingWithForms/CustomValidation done
Event: 36,482 Executing VM operation: RevokeBias
Event: 36,482 Executing VM operation: RevokeBias done
Event: 36,483 Executing VM operation: CollectForMetadataAllocation


Dynamic libraries:
00400000-00401000 r-xp 00000000 08:06 11142707                           /opt/java/jdk1.8.0_92/bin/java
00600000-00601000 rw-p 00000000 08:06 11142707                           /opt/java/jdk1.8.0_92/bin/java
01233000-01254000 rw-p 00000000 00:00 0                                  [heap]
85200000-88f00000 rw-p 00000000 00:00 0 
88f00000-d7100000 ---p 00000000 00:00 0 
d7100000-e8300000 rw-p 00000000 00:00 0 
e8300000-100000000 ---p 00000000 00:00 0 
100000000-10046a000 rw-p 00000000 00:00 0 
10046a000-140000000 ---p 00000000 00:00 0 
7f19b8000000-7f19b8021000 rw-p 00000000 00:00 0 
7f19b8021000-7f19bc000000 ---p 00000000 00:00 0 
7f19c0000000-7f19c0021000 rw-p 00000000 00:00 0 
7f19c0021000-7f19c4000000 ---p 00000000 00:00 0 
7f19c4000000-7f19c4021000 rw-p 00000000 00:00 0 
7f19c4021000-7f19c8000000 ---p 00000000 00:00 0 
7f19c8000000-7f19c8021000 rw-p 00000000 00:00 0 
7f19c8021000-7f19cc000000 ---p 00000000 00:00 0 
7f19cc000000-7f19cc021000 rw-p 00000000 00:00 0 
7f19cc021000-7f19d0000000 ---p 00000000 00:00 0 
7f19d0000000-7f19d0021000 rw-p 00000000 00:00 0 
7f19d0021000-7f19d4000000 ---p 00000000 00:00 0 
7f19d4000000-7f19d4021000 rw-p 00000000 00:00 0 
7f19d4021000-7f19d8000000 ---p 00000000 00:00 0 
7f19d8000000-7f19d8176000 rw-p 00000000 00:00 0 
7f19d8176000-7f19dc000000 ---p 00000000 00:00 0 
7f19dc000000-7f19dc021000 rw-p 00000000 00:00 0 
7f19dc021000-7f19e0000000 ---p 00000000 00:00 0 
7f19e0000000-7f19e1220000 rw-p 00000000 00:00 0 
7f19e1220000-7f19e4000000 ---p 00000000 00:00 0 
7f19e4000000-7f19e48fd000 rw-p 00000000 00:00 0 
7f19e48fd000-7f19e8000000 ---p 00000000 00:00 0 
7f19e8000000-7f19e9231000 rw-p 00000000 00:00 0 
7f19e9231000-7f19ec000000 ---p 00000000 00:00 0 
7f19ec000000-7f19ec8d8000 rw-p 00000000 00:00 0 
7f19ec8d8000-7f19f0000000 ---p 00000000 00:00 0 
7f19f0000000-7f19f28b0000 rw-p 00000000 00:00 0 
7f19f28b0000-7f19f4000000 ---p 00000000 00:00 0 
7f19f4000000-7f19f4a2b000 rw-p 00000000 00:00 0 
7f19f4a2b000-7f19f8000000 ---p 00000000 00:00 0 
7f19f8000000-7f19f860e000 rw-p 00000000 00:00 0 
7f19f860e000-7f19fc000000 ---p 00000000 00:00 0 
7f19fc000000-7f19fdc83000 rw-p 00000000 00:00 0 
7f19fdc83000-7f1a00000000 ---p 00000000 00:00 0 
7f1a00000000-7f1a00021000 rw-p 00000000 00:00 0 
7f1a00021000-7f1a04000000 ---p 00000000 00:00 0 
7f1a04000000-7f1a04e1d000 rw-p 00000000 00:00 0 
7f1a04e1d000-7f1a08000000 ---p 00000000 00:00 0 
7f1a08000000-7f1a08021000 rw-p 00000000 00:00 0 
7f1a08021000-7f1a0c000000 ---p 00000000 00:00 0 
7f1a0c000000-7f1a0c021000 rw-p 00000000 00:00 0 
7f1a0c021000-7f1a10000000 ---p 00000000 00:00 0 
7f1a10000000-7f1a10021000 rw-p 00000000 00:00 0 
7f1a10021000-7f1a14000000 ---p 00000000 00:00 0 
7f1a14000000-7f1a14021000 rw-p 00000000 00:00 0 
7f1a14021000-7f1a18000000 ---p 00000000 00:00 0 
7f1a18000000-7f1a18021000 rw-p 00000000 00:00 0 
7f1a18021000-7f1a1c000000 ---p 00000000 00:00 0 
7f1a1c000000-7f1a1c021000 rw-p 00000000 00:00 0 
7f1a1c021000-7f1a20000000 ---p 00000000 00:00 0 
7f1a20000000-7f1a20a9b000 rw-p 00000000 00:00 0 
7f1a20a9b000-7f1a24000000 ---p 00000000 00:00 0 
7f1a24000000-7f1a24021000 rw-p 00000000 00:00 0 
7f1a24021000-7f1a28000000 ---p 00000000 00:00 0 
7f1a28000000-7f1a2944f000 rw-p 00000000 00:00 0 
7f1a2944f000-7f1a2c000000 ---p 00000000 00:00 0 
7f1a2c000000-7f1a2d216000 rw-p 00000000 00:00 0 
7f1a2d216000-7f1a30000000 ---p 00000000 00:00 0 
7f1a30000000-7f1a30021000 rw-p 00000000 00:00 0 
7f1a30021000-7f1a34000000 ---p 00000000 00:00 0 
7f1a34000000-7f1a34c29000 rw-p 00000000 00:00 0 
7f1a34c29000-7f1a38000000 ---p 00000000 00:00 0 
7f1a38000000-7f1a38021000 rw-p 00000000 00:00 0 
7f1a38021000-7f1a3c000000 ---p 00000000 00:00 0 
7f1a3c000000-7f1a3c021000 rw-p 00000000 00:00 0 
7f1a3c021000-7f1a40000000 ---p 00000000 00:00 0 
7f1a40000000-7f1a40021000 rw-p 00000000 00:00 0 
7f1a40021000-7f1a44000000 ---p 00000000 00:00 0 
7f1a44000000-7f1a4429c000 rw-p 00000000 00:00 0 
7f1a4429c000-7f1a48000000 ---p 00000000 00:00 0 
7f1a48000000-7f1a48021000 rw-p 00000000 00:00 0 
7f1a48021000-7f1a4c000000 ---p 00000000 00:00 0 
7f1a50000000-7f1a50021000 rw-p 00000000 00:00 0 
7f1a50021000-7f1a54000000 ---p 00000000 00:00 0 
7f1a54000000-7f1a54021000 rw-p 00000000 00:00 0 
7f1a54021000-7f1a58000000 ---p 00000000 00:00 0 
7f1a58000000-7f1a58021000 rw-p 00000000 00:00 0 
7f1a58021000-7f1a5c000000 ---p 00000000 00:00 0 
7f1a5f9fe000-7f1a5fa3e000 rw-p 00000000 00:00 0 
7f1a5fa3e000-7f1a5fbfe000 ---p 00000000 00:00 0 
7f1a5fbfe000-7f1a5fc01000 ---p 00000000 00:00 0 
7f1a5fc01000-7f1a5fcff000 rw-p 00000000 00:00 0 
7f1a5fcff000-7f1a5fd02000 ---p 00000000 00:00 0 
7f1a5fd02000-7f1a60000000 rw-p 00000000 00:00 0 
7f1a60000000-7f1a60021000 rw-p 00000000 00:00 0 
7f1a60021000-7f1a64000000 ---p 00000000 00:00 0 
7f1a64033000-7f1a64036000 ---p 00000000 00:00 0 
7f1a64036000-7f1a64134000 rw-p 00000000 00:00 0 
7f1a64134000-7f1a64137000 ---p 00000000 00:00 0 
7f1a64137000-7f1a64435000 rw-p 00000000 00:00 0 
7f1a64435000-7f1a64438000 ---p 00000000 00:00 0 
7f1a64438000-7f1a64536000 rw-p 00000000 00:00 0 
7f1a64536000-7f1a64539000 ---p 00000000 00:00 0 
7f1a64539000-7f1a64637000 rw-p 00000000 00:00 0 
7f1a64637000-7f1a6463a000 ---p 00000000 00:00 0 
7f1a6463a000-7f1a64938000 rw-p 00000000 00:00 0 
7f1a64938000-7f1a6494e000 r-xp 00000000 08:06 16519528                   /lib/x86_64-linux-gnu/libgcc_s.so.1
7f1a6494e000-7f1a64b4d000 ---p 00016000 08:06 16519528                   /lib/x86_64-linux-gnu/libgcc_s.so.1
7f1a64b4d000-7f1a64b4e000 r--p 00015000 08:06 16519528                   /lib/x86_64-linux-gnu/libgcc_s.so.1
7f1a64b4e000-7f1a64b4f000 rw-p 00016000 08:06 16519528                   /lib/x86_64-linux-gnu/libgcc_s.so.1
7f1a64b4f000-7f1a64b81000 r-xp 00000000 08:06 11143515                   /opt/java/jdk1.8.0_92/jre/lib/amd64/libsunec.so
7f1a64b81000-7f1a64d80000 ---p 00032000 08:06 11143515                   /opt/java/jdk1.8.0_92/jre/lib/amd64/libsunec.so
7f1a64d80000-7f1a64d86000 rw-p 00031000 08:06 11143515                   /opt/java/jdk1.8.0_92/jre/lib/amd64/libsunec.so
7f1a64d86000-7f1a64d96000 rw-p 00000000 00:00 0 
7f1a64d96000-7f1a64d99000 ---p 00000000 00:00 0 
7f1a64d99000-7f1a65097000 rw-p 00000000 00:00 0 
7f1a65097000-7f1a6509a000 ---p 00000000 00:00 0 
7f1a6509a000-7f1a65198000 rw-p 00000000 00:00 0 
7f1a65198000-7f1a6519b000 ---p 00000000 00:00 0 
7f1a6519b000-7f1a65299000 rw-p 00000000 00:00 0 
7f1a65299000-7f1a6529c000 ---p 00000000 00:00 0 
7f1a6529c000-7f1a6539a000 rw-p 00000000 00:00 0 
7f1a6539a000-7f1a6539d000 ---p 00000000 00:00 0 
7f1a6539d000-7f1a6549b000 rw-p 00000000 00:00 0 
7f1a6549b000-7f1a6549e000 ---p 00000000 00:00 0 
7f1a6549e000-7f1a6559c000 rw-p 00000000 00:00 0 
7f1a6559c000-7f1a6559f000 ---p 00000000 00:00 0 
7f1a6559f000-7f1a6569d000 rw-p 00000000 00:00 0 
7f1a6569d000-7f1a656a0000 ---p 00000000 00:00 0 
7f1a656a0000-7f1a6579e000 rw-p 00000000 00:00 0 
7f1a657f4000-7f1a659f4000 rw-p 00000000 00:00 0 
7f1a659f4000-7f1a65bf4000 rw-p 00000000 00:00 0 
7f1a65bf4000-7f1a65bfd000 r-xp 00000000 08:06 11143502                   /opt/java/jdk1.8.0_92/jre/lib/amd64/libmanagement.so
7f1a65bfd000-7f1a65dfc000 ---p 00009000 08:06 11143502                   /opt/java/jdk1.8.0_92/jre/lib/amd64/libmanagement.so
7f1a65dfc000-7f1a65dfd000 rw-p 00008000 08:06 11143502                   /opt/java/jdk1.8.0_92/jre/lib/amd64/libmanagement.so
7f1a65ebf000-7f1a65ec0000 rw-p 00000000 00:00 0 
7f1a65ec0000-7f1a65ec5000 r--s 002f9000 08:06 11143422                   /opt/java/jdk1.8.0_92/jre/lib/charsets.jar
7f1a65ec5000-7f1a65ee1000 r--s 00393000 08:06 11143642                   /opt/java/jdk1.8.0_92/jre/lib/ext/cldrdata.jar
7f1a65ee1000-7f1a65ee7000 r--s 0003f000 08:06 11143650                   /opt/java/jdk1.8.0_92/jre/lib/ext/sunjce_provider.jar
7f1a65ee7000-7f1a65ee8000 r--s 00009000 08:06 11143649                   /opt/java/jdk1.8.0_92/jre/lib/ext/sunec.jar
7f1a65ee8000-7f1a65eec000 r--s 0003a000 08:06 11143651                   /opt/java/jdk1.8.0_92/jre/lib/ext/sunpkcs11.jar
7f1a65eec000-7f1a65eef000 ---p 00000000 00:00 0 
7f1a65eef000-7f1a65fed000 rw-p 00000000 00:00 0 
7f1a65fed000-7f1a65fef000 r--s 00006000 08:07 8011998                    /home/rubn/.m2/repository/javax/transaction/javax.transaction-api/1.2/javax.transaction-api-1.2.jar
7f1a65fef000-7f1a65ff4000 r--s 0002e000 08:07 8012507                    /home/rubn/.m2/repository/org/apache/taglibs/taglibs-standard-impl/1.2.5/taglibs-standard-impl-1.2.5.jar
7f1a65ff4000-7f1a65ff6000 r--s 00008000 08:07 8012505                    /home/rubn/.m2/repository/org/apache/taglibs/taglibs-standard-spec/1.2.5/taglibs-standard-spec-1.2.5.jar
7f1a65ff6000-7f1a65ff7000 r--s 00000000 08:07 8012480                    /home/rubn/.m2/repository/org/eclipse/jetty/apache-jstl/9.3.9.v20160517/apache-jstl-9.3.9.v20160517.jar
7f1a65ff7000-7f1a66009000 r--s 00223000 08:07 4467513                    /home/rubn/.m2/repository/org/eclipse/jdt/core/compiler/ecj/4.4.2/ecj-4.4.2.jar
7f1a66009000-7f1a6600d000 r--s 00037000 08:07 8012309                    /home/rubn/.m2/repository/org/mortbay/jasper/apache-el/8.0.33/apache-el-8.0.33.jar
7f1a6600d000-7f1a6601a000 r--s 000df000 08:07 8012281                    /home/rubn/.m2/repository/org/mortbay/jasper/apache-jsp/8.0.33/apache-jsp-8.0.33.jar
7f1a6601a000-7f1a6601c000 r--s 0002d000 08:07 8012277                    /home/rubn/.m2/repository/org/eclipse/jetty/toolchain/jetty-schemas/3.1/jetty-schemas-3.1.jar
7f1a6601c000-7f1a6601d000 r--s 00002000 08:07 8012274                    /home/rubn/.m2/repository/org/eclipse/jetty/apache-jsp/9.3.9.v20160517/apache-jsp-9.3.9.v20160517.jar
7f1a6601d000-7f1a6601f000 r--s 00003000 08:07 8012263                    /home/rubn/.m2/repository/org/eclipse/jetty/websocket/websocket-servlet/9.3.9.v20160517/websocket-servlet-9.3.9.v20160517.jar
7f1a6601f000-7f1a66020000 r--s 00008000 08:07 8012260                    /home/rubn/.m2/repository/org/eclipse/jetty/websocket/websocket-client/9.3.9.v20160517/websocket-client-9.3.9.v20160517.jar
7f1a66020000-7f1a66023000 r--s 00009000 08:07 8012229                    /home/rubn/.m2/repository/org/eclipse/jetty/websocket/websocket-api/9.3.9.v20160517/websocket-api-9.3.9.v20160517.jar
7f1a66023000-7f1a66028000 r--s 0002a000 08:07 8012225                    /home/rubn/.m2/repository/org/eclipse/jetty/websocket/websocket-common/9.3.9.v20160517/websocket-common-9.3.9.v20160517.jar
7f1a66028000-7f1a66029000 r--s 00006000 08:07 8012221                    /home/rubn/.m2/repository/org/eclipse/jetty/websocket/websocket-server/9.3.9.v20160517/websocket-server-9.3.9.v20160517.jar
7f1a66029000-7f1a6602b000 r--s 00007000 08:07 8011969                    /home/rubn/.m2/repository/javax/websocket/javax.websocket-api/1.0/javax.websocket-api-1.0.jar
7f1a6602b000-7f1a66030000 r--s 00022000 08:07 8012217                    /home/rubn/.m2/repository/org/eclipse/jetty/websocket/javax-websocket-client-impl/9.3.9.v20160517/javax-websocket-client-impl-9.3.9.v20160517.jar
7f1a66030000-7f1a66032000 r--s 00007000 08:07 8012215                    /home/rubn/.m2/repository/org/eclipse/jetty/websocket/javax-websocket-server-impl/9.3.9.v20160517/javax-websocket-server-impl-9.3.9.v20160517.jar
7f1a66032000-7f1a66034000 r--s 00006000 08:07 8011963                    /home/rubn/.m2/repository/org/ow2/asm/asm-tree/5.0.1/asm-tree-5.0.1.jar
7f1a66034000-7f1a66036000 r--s 00009000 08:07 8011962                    /home/rubn/.m2/repository/org/ow2/asm/asm-commons/5.0.1/asm-commons-5.0.1.jar
7f1a66036000-7f1a66037000 r--s 0000c000 08:07 8011959                    /home/rubn/.m2/repository/org/ow2/asm/asm/5.0.1/asm-5.0.1.jar
7f1a66037000-7f1a66039000 r--s 00005000 08:07 8011958                    /home/rubn/.m2/repository/javax/annotation/javax.annotation-api/1.2/javax.annotation-api-1.2.jar
7f1a66039000-7f1a6603b000 r--s 00012000 08:07 4467511                    /home/rubn/.m2/repository/org/eclipse/jetty/jetty-annotations/9.3.9.v20160517/jetty-annotations-9.3.9.v20160517.jar
7f1a6603b000-7f1a6603c000 r--s 00005000 08:07 8012212                    /home/rubn/.m2/repository/org/eclipse/jetty/jetty-jmx/9.3.9.v20160517/jetty-jmx-9.3.9.v20160517.jar
7f1a6603c000-7f1a6603f000 r--s 00018000 08:07 4467509                    /home/rubn/.m2/repository/org/eclipse/jetty/jetty-io/9.3.9.v20160517/jetty-io-9.3.9.v20160517.jar
7f1a6603f000-7f1a66042000 r--s 00021000 08:07 4467507                    /home/rubn/.m2/repository/org/eclipse/jetty/jetty-http/9.3.9.v20160517/jetty-http-9.3.9.v20160517.jar
7f1a66042000-7f1a66045000 r--s 00015000 08:07 8011948                    /home/rubn/.m2/repository/javax/servlet/javax.servlet-api/3.1.0/javax.servlet-api-3.1.0.jar
7f1a66045000-7f1a6604c000 r--s 00071000 08:07 4467505                    /home/rubn/.m2/repository/org/eclipse/jetty/jetty-server/9.3.9.v20160517/jetty-server-9.3.9.v20160517.jar
7f1a6604c000-7f1a6604d000 r--s 00009000 08:07 4467503                    /home/rubn/.m2/repository/org/eclipse/jetty/jetty-jndi/9.3.9.v20160517/jetty-jndi-9.3.9.v20160517.jar
7f1a6604d000-7f1a6604f000 r--s 0000c000 08:07 4467501                    /home/rubn/.m2/repository/org/eclipse/jetty/jetty-plus/9.3.9.v20160517/jetty-plus-9.3.9.v20160517.jar
7f1a6604f000-7f1a66052000 r--s 00015000 08:07 4467499                    /home/rubn/.m2/repository/org/eclipse/jetty/jetty-security/9.3.9.v20160517/jetty-security-9.3.9.v20160517.jar
7f1a66052000-7f1a66054000 r--s 00008000 08:07 8012209                    /home/rubn/.m2/repository/org/eclipse/jetty/jetty-jaas/9.3.9.v20160517/jetty-jaas-9.3.9.v20160517.jar
7f1a66054000-7f1a66056000 r--s 00007000 08:07 8012201                    /home/rubn/.m2/repository/org/eclipse/jetty/jetty-quickstart/9.3.9.v20160517/jetty-quickstart-9.3.9.v20160517.jar
7f1a66056000-7f1a66058000 r--s 0001b000 08:07 4467497                    /home/rubn/.m2/repository/org/eclipse/jetty/jetty-servlet/9.3.9.v20160517/jetty-servlet-9.3.9.v20160517.jar
7f1a66058000-7f1a6605a000 r--s 0000b000 08:07 4467495                    /home/rubn/.m2/repository/org/eclipse/jetty/jetty-xml/9.3.9.v20160517/jetty-xml-9.3.9.v20160517.jar
7f1a6605a000-7f1a6605c000 r--s 0001a000 08:07 4467493                    /home/rubn/.m2/repository/org/eclipse/jetty/jetty-webapp/9.3.9.v20160517/jetty-webapp-9.3.9.v20160517.jar
7f1a6605c000-7f1a66063000 r--s 00063000 08:07 4467491                    /home/rubn/.m2/repository/org/eclipse/jetty/jetty-util/9.3.9.v20160517/jetty-util-9.3.9.v20160517.jar
7f1a66063000-7f1a6606b000 r--s 00049000 08:07 3548455                    /home/rubn/.m2/repository/backport-util-concurrent/backport-util-concurrent/3.1/backport-util-concurrent-3.1.jar
7f1a6606b000-7f1a6606d000 r--s 00004000 08:07 8012198                    /home/rubn/.m2/repository/org/apache/maven/plugin-tools/maven-plugin-tools-api/3.4/maven-plugin-tools-api-3.4.jar
7f1a6606d000-7f1a66071000 r--s 0001a000 08:07 8011921                    /home/rubn/.m2/repository/org/sonatype/aether/aether-util/1.11/aether-util-1.11.jar
7f1a66071000-7f1a66075000 r--s 00033000 08:07 8011902                    /home/rubn/.m2/repository/org/codehaus/plexus/plexus-utils/2.0.6/plexus-utils-2.0.6.jar
7f1a66075000-7f1a66081000 r--s 0006b000 08:07 8011897                    /home/rubn/.m2/repository/org/sonatype/sisu/sisu-guice/2.9.4/sisu-guice-2.9.4-no_aop.jar
7f1a66081000-7f1a66087000 r--s 00033000 08:07 8011896                    /home/rubn/.m2/repository/org/sonatype/sisu/sisu-inject-bean/2.1.1/sisu-inject-bean-2.1.1.jar
7f1a66087000-7f1a66089000 r--s 00017000 08:07 8011041                    /home/rubn/.m2/repository/org/eclipse/jetty/jetty-maven-plugin/9.3.9.v20160517/jetty-maven-plugin-9.3.9.v20160517.jar
7f1a66089000-7f1a660bb000 r--s 00180000 08:07 3681015                    /home/rubn/.m2/repository/com/vaadin/external/gwt/gwt-elemental/2.7.0.vaadin4/gwt-elemental-2.7.0.vaadin4.jar
7f1a660bb000-7f1a660e8000 r--s 00313000 08:07 3680985                    /home/rubn/.m2/repository/com/vaadin/vaadin-client/7.7.3/vaadin-client-7.7.3.jar
7f1a660e8000-7f1a660e9000 r--s 00003000 08:07 8274003                    /home/rubn/.m2/repository/org/vaadin/addons/refresher/1.2.3.7/refresher-1.2.3.7.jar
7f1a660e9000-7f1a660ea000 r--s 00007000 08:07 12870641                   /home/rubn/.m2/repository/org/vaadin/teemu/switch/2.0.3/switch-2.0.3.jar
7f1a660ea000-7f1a660ed000 r--s 0001a000 08:06 11143443                   /opt/java/jdk1.8.0_92/jre/lib/jce.jar
7f1a660ed000-7f1a660ef000 r--s 00018000 08:07 8668798                    /home/rubn/.m2/repository/javax/servlet/servlet-api/2.5/servlet-api-2.5.jar
7f1a660ef000-7f1a660f5000 r--s 00046000 08:07 8668783                    /home/rubn/.m2/repository/jfree/jcommon/1.0.15/jcommon-1.0.15.jar
7f1a660f5000-7f1a660fd000 r--s 00028000 08:07 8142889                    /home/rubn/.m2/repository/xml-apis/xml-apis/1.3.04/xml-apis-1.3.04.jar
7f1a660fd000-7f1a66100000 r--s 0001d000 08:07 8668795                    /home/rubn/.m2/repository/org/apache/xmlgraphics/batik-util/1.7/batik-util-1.7.jar
7f1a66100000-7f1a66108000 r--s 0005b000 08:07 8668789                    /home/rubn/.m2/repository/org/apache/xmlgraphics/batik-awt-util/1.7/batik-awt-util-1.7.jar
7f1a66108000-7f1a6610d000 r--s 00030000 08:07 8668786                    /home/rubn/.m2/repository/org/apache/xmlgraphics/batik-svggen/1.7/batik-svggen-1.7.jar
7f1a6610d000-7f1a6611e000 r--s 0014c000 08:07 8668780                    /home/rubn/.m2/repository/jfree/jfreechart/1.0.13/jfreechart-1.0.13.jar
7f1a6611e000-7f1a66120000 r--s 00003000 08:07 8668777                    /home/rubn/.m2/repository/org/vaadin/addon/jfreechartwrapper/3.0.2/jfreechartwrapper-3.0.2.jar
7f1a66120000-7f1a66130000 r--s 0007d000 08:07 8142854                    /home/rubn/.m2/repository/joda-time/joda-time/2.2/joda-time-2.2.jar
7f1a66130000-7f1a66133000 r--s 0000d000 08:07 8142833                    /home/rubn/.m2/repository/org/vaadin/addons/canvas/2.1/canvas-2.1.jar
7f1a66133000-7f1a66134000 r--s 00001000 08:07 8142862                    /home/rubn/.m2/repository/org/vaadin/highcharts/highcharts/1.3/highcharts-1.3.jar
7f1a66134000-7f1a66136000 r--s 00024000 08:07 8142857                    /home/rubn/.m2/repository/org/scream3r/jssc/2.8.0/jssc-2.8.0.jar
7f1a66136000-7f1a66155000 r--s 00711000 08:07 3810170                    /home/rubn/.m2/repository/com/vaadin/vaadin-themes/7.7.3/vaadin-themes-7.7.3.jar
7f1a66155000-7f1a66157000 r--s 000d5000 08:07 8668775                    /home/rubn/.m2/repository/com/vaadin/vaadin-client-compiled/7.7.3/vaadin-client-compiled-7.7.3.jar
7f1a66157000-7f1a66159000 r--s 00007000 08:07 3810167                    /home/rubn/.m2/repository/com/vaadin/external/slf4j/vaadin-slf4j-jdk14/1.6.1/vaadin-slf4j-jdk14-1.6.1.jar
7f1a66159000-7f1a66166000 r--s 000b1000 08:07 3810164                    /home/rubn/.m2/repository/com/vaadin/external/atmosphere/atmosphere-runtime/2.2.9.vaadin2/atmosphere-runtime-2.2.9.vaadin2.jar
7f1a66166000-7f1a66167000 r--s 00013000 08:07 3810161                    /home/rubn/.m2/repository/com/vaadin/vaadin-push/7.7.3/vaadin-push-7.7.3.jar
7f1a66167000-7f1a6616d000 r--s 00047000 08:07 3810158                    /home/rubn/.m2/repository/org/jsoup/jsoup/1.8.3/jsoup-1.8.3.jar
7f1a6616d000-7f1a6617a000 r--s 00057000 08:07 3810155                    /home/rubn/.m2/repository/com/vaadin/vaadin-shared/7.7.3/vaadin-shared-7.7.3.jar
7f1a6617a000-7f1a6617c000 r--s 00012000 08:07 3810152                    /home/rubn/.m2/repository/com/vaadin/external/flute/flute/1.3.0.gg2/flute-1.3.0.gg2.jar
7f1a6617c000-7f1a6617d000 r--s 00003000 08:07 3810149                    /home/rubn/.m2/repository/org/w3c/css/sac/1.3/sac-1.3.jar
7f1a6617d000-7f1a66186000 r--s 0007a000 08:07 3810146                    /home/rubn/.m2/repository/com/vaadin/vaadin-sass-compiler/0.9.13/vaadin-sass-compiler-0.9.13.jar
7f1a66186000-7f1a661ac000 r--s 0029a000 08:07 3810143                    /home/rubn/.m2/repository/com/vaadin/vaadin-server/7.7.3/vaadin-server-7.7.3.jar
7f1a661ac000-7f1a661af000 r--s 0001b000 08:07 4465451                    /home/rubn/.m2/repository/junit/junit/3.8.2/junit-3.8.2.jar
7f1a661af000-7f1a661b0000 r--s 00004000 08:07 4467339                    /home/rubn/.m2/repository/org/codehaus/plexus/plexus-compiler-javac/2.2/plexus-compiler-javac-2.2.jar
7f1a661b0000-7f1a661b2000 r--s 00000000 08:07 4467337                    /home/rubn/.m2/repository/org/codehaus/plexus/plexus-compiler-manager/2.2/plexus-compiler-manager-2.2.jar
7f1a661b2000-7f1a661b4000 r--s 00005000 08:07 4467335                    /home/rubn/.m2/repository/org/codehaus/plexus/plexus-compiler-api/2.2/plexus-compiler-api-2.2.jar
7f1a661b4000-7f1a661b6000 r--s 00002000 08:07 4465426                    /home/rubn/.m2/repository/org/apache/maven/shared/maven-shared-incremental/1.1/maven-shared-incremental-1.1.jar
7f1a661b6000-7f1a661b8000 r--s 00006000 08:07 4465424                    /home/rubn/.m2/repository/com/google/code/findbugs/jsr305/2.0.1/jsr305-2.0.1.jar
7f1a661b8000-7f1a661bb000 r--s 00023000 08:07 4467061                    /home/rubn/.m2/repository/org/apache/maven/shared/maven-shared-utils/0.1/maven-shared-utils-0.1.jar
7f1a661bb000-7f1a661bf000 r--s 00030000 08:07 4467058                    /home/rubn/.m2/repository/org/codehaus/plexus/plexus-utils/1.5.1/plexus-utils-1.5.1.jar
7f1a661bf000-7f1a661c1000 r--s 00009000 08:07 3680928                    /home/rubn/.m2/repository/org/apache/maven/plugins/maven-compiler-plugin/3.1/maven-compiler-plugin-3.1.jar
7f1a661c1000-7f1a661c3000 r--s 0000d000 08:07 4466547                    /home/rubn/.m2/repository/org/codehaus/plexus/plexus-interpolation/1.13/plexus-interpolation-1.13.jar
7f1a661c3000-7f1a661c4000 r--s 00001000 08:07 4466471                    /home/rubn/.m2/repository/org/sonatype/plexus/plexus-build-api/0.0.4/plexus-build-api-0.0.4.jar
7f1a661c4000-7f1a661c6000 r--s 00009000 08:07 4466469                    /home/rubn/.m2/repository/org/apache/maven/shared/maven-filtering/1.1/maven-filtering-1.1.jar
7f1a661c6000-7f1a661ca000 r--s 00033000 08:07 4466535                    /home/rubn/.m2/repository/org/codehaus/plexus/plexus-utils/2.0.5/plexus-utils-2.0.5.jar
7f1a661ca000-7f1a661cd000 r--s 0001b000 08:07 4465832                    /home/rubn/.m2/repository/junit/junit/3.8.1/junit-3.8.1.jar
7f1a661cd000-7f1a661cf000 r--s 00002000 08:07 4465818                    /home/rubn/.m2/repository/org/codehaus/plexus/plexus-interactivity-api/1.0-alpha-4/plexus-interactivity-api-1.0-alpha-4.jar
7f1a661cf000-7f1a661d1000 r--s 00006000 08:07 4465814                    /home/rubn/.m2/repository/commons-cli/commons-cli/1.0/commons-cli-1.0.jar
7f1a661d1000-7f1a661d2000 r--s 00001000 08:07 4465808                    /home/rubn/.m2/repository/org/apache/maven/doxia/doxia-sink-api/1.0-alpha-7/doxia-sink-api-1.0-alpha-7.jar
7f1a661d2000-7f1a661d3000 r--s 00002000 08:07 4465806                    /home/rubn/.m2/repository/org/apache/maven/reporting/maven-reporting-api/2.0.6/maven-reporting-api-2.0.6.jar
7f1a661d3000-7f1a661d5000 r--s 00006000 08:07 3677412                    /home/rubn/.m2/repository/org/apache/maven/plugins/maven-resources-plugin/2.6/maven-resources-plugin-2.6.jar
7f1a661d5000-7f1a661d8000 ---p 00000000 00:00 0 
7f1a661d8000-7f1a662d6000 rw-p 00000000 00:00 0 
7f1a662d6000-7f1a662d9000 ---p 00000000 00:00 0 
7f1a662d9000-7f1a663d7000 rw-p 00000000 00:00 0 
7f1a663d7000-7f1a663da000 ---p 00000000 00:00 0 
7f1a663da000-7f1a664d8000 rw-p 00000000 00:00 0 
7f1a664d8000-7f1a664db000 ---p 00000000 00:00 0 
7f1a664db000-7f1a665d9000 rw-p 00000000 00:00 0 
7f1a665d9000-7f1a665dc000 ---p 00000000 00:00 0 
7f1a665dc000-7f1a666da000 rw-p 00000000 00:00 0 
7f1a666da000-7f1a666dd000 ---p 00000000 00:00 0 
7f1a666dd000-7f1a667db000 rw-p 00000000 00:00 0 
7f1a667db000-7f1a667de000 ---p 00000000 00:00 0 
7f1a667de000-7f1a668dc000 rw-p 00000000 00:00 0 
7f1a668dc000-7f1a668df000 ---p 00000000 00:00 0 
7f1a668df000-7f1a66b15000 rw-p 00000000 00:00 0 
7f1a66b15000-7f1a66d15000 rw-p 00000000 00:00 0 
7f1a66d15000-7f1a66d16000 r--s 00004000 08:07 4467311                    /home/rubn/.m2/repository/org/codehaus/plexus/plexus-compiler-javac/2.3/plexus-compiler-javac-2.3.jar
7f1a66d16000-7f1a66d18000 r--s 00001000 08:07 4467310                    /home/rubn/.m2/repository/org/sonatype/plexus/plexus-build-api/0.0.7/plexus-build-api-0.0.7.jar
7f1a66d18000-7f1a66d1a000 r--s 00005000 08:07 4467307                    /home/rubn/.m2/repository/org/codehaus/plexus/plexus-compiler-api/2.3/plexus-compiler-api-2.3.jar
7f1a66d1a000-7f1a66d33000 r--s 00134000 08:07 4467305                    /home/rubn/.m2/repository/xerces/xercesImpl/2.10.0/xercesImpl-2.10.0.jar
7f1a66d33000-7f1a66d4c000 r--s 002fd000 08:07 4467303                    /home/rubn/.m2/repository/com/ibm/icu/icu4j/3.4.4/icu4j-3.4.4.jar
7f1a66d4c000-7f1a66d71000 r--s 002dc000 08:07 4466569                    /home/rubn/.m2/repository/xalan/xalan/2.6.0/xalan-2.6.0.jar
7f1a66d71000-7f1a66d77000 r--s 00019000 08:07 4466567                    /home/rubn/.m2/repository/xerces/xmlParserAPIs/2.6.2/xmlParserAPIs-2.6.2.jar
7f1a66d77000-7f1a66d7a000 r--s 00018000 08:07 4466565                    /home/rubn/.m2/repository/xom/xom/1.0/xom-1.0.jar
7f1a66d7a000-7f1a66d82000 r--s 00028000 08:07 4466563                    /home/rubn/.m2/repository/xml-apis/xml-apis/1.3.02/xml-apis-1.3.02.jar
7f1a66d82000-7f1a66d85000 r--s 00023000 08:07 3548394                    /home/rubn/.m2/repository/jdom/jdom/1.0/jdom-1.0.jar
7f1a66d85000-7f1a66d8a000 r--s 00048000 08:07 3548391                    /home/rubn/.m2/repository/dom4j/dom4j/1.6.1/dom4j-1.6.1.jar
7f1a66d8a000-7f1a66d90000 r--s 00032000 08:07 4466561                    /home/rubn/.m2/repository/jaxen/jaxen/1.1.1/jaxen-1.1.1.jar
7f1a66d90000-7f1a66d92000 r--s 00023000 08:07 4467301                    /home/rubn/.m2/repository/org/jdom/jdom/1.1.3/jdom-1.1.3.jar
7f1a66d92000-7f1a66d97000 r--s 00041000 08:07 8012079                    /home/rubn/.m2/repository/commons-lang/commons-lang/2.6/commons-lang-2.6.jar
7f1a66d97000-7f1a66d9b000 r--s 0002a000 08:07 8538083                    /home/rubn/.m2/repository/commons-io/commons-io/2.4/commons-io-2.4.jar
7f1a66d9b000-7f1a66da4000 r--s 00075000 08:07 4466553                    /home/rubn/.m2/repository/org/apache/maven/surefire/surefire-api/2.4.3/surefire-api-2.4.3.jar
7f1a66da4000-7f1a66daa000 r--s 0003c000 08:07 4466551                    /home/rubn/.m2/repository/org/apache/maven/surefire/surefire-booter/2.4.3/surefire-booter-2.4.3.jar
7f1a66daa000-7f1a66dac000 r--s 00009000 08:07 3557134                    /home/rubn/.m2/repository/org/hamcrest/hamcrest-core/1.3/hamcrest-core-1.3.jar
7f1a66dac000-7f1a66db2000 r--s 00036000 08:07 3557119                    /home/rubn/.m2/repository/junit/junit/4.11/junit-4.11.jar
7f1a66db2000-7f1a66db4000 r--s 00004000 08:07 4465824                    /home/rubn/.m2/repository/org/apache/maven/maven-archiver/2.5/maven-archiver-2.5.jar
7f1a66db4000-7f1a66dbb000 r--s 00053000 08:07 3557104                    /home/rubn/.m2/repository/org/apache/commons/commons-compress/1.8.1/commons-compress-1.8.1.jar
7f1a66dbb000-7f1a66dbe000 r--s 0000e000 08:07 4467299                    /home/rubn/.m2/repository/org/codehaus/plexus/plexus-io/2.1.3/plexus-io-2.1.3.jar
7f1a66dbe000-7f1a66dc2000 r--s 0001d000 08:07 4467297                    /home/rubn/.m2/repository/org/codehaus/plexus/plexus-archiver/2.6.3/plexus-archiver-2.6.3.jar
7f1a66dc2000-7f1a66dc3000 r--s 00007000 08:07 12479965                   /home/rubn/.m2/repository/com/fasterxml/jackson/module/jackson-module-jaxb-annotations/2.4.1/jackson-module-jaxb-annotations-2.4.1.jar
7f1a66dc3000-7f1a66dc4000 r--s 00006000 08:07 12479963                   /home/rubn/.m2/repository/com/fasterxml/jackson/jaxrs/jackson-jaxrs-base/2.4.1/jackson-jaxrs-base-2.4.1.jar
7f1a66dc4000-7f1a66dc6000 r--s 00003000 08:07 12479961                   /home/rubn/.m2/repository/com/fasterxml/jackson/jaxrs/jackson-jaxrs-json-provider/2.4.1/jackson-jaxrs-json-provider-2.4.1.jar
7f1a66dc6000-7f1a66dc9000 r--s 00007000 08:07 12479958                   /home/rubn/.m2/repository/com/fasterxml/jackson/core/jackson-annotations/2.4.1/jackson-annotations-2.4.1.jar
7f1a66dc9000-7f1a66dda000 r--s 000f6000 08:07 12479956                   /home/rubn/.m2/repository/com/fasterxml/jackson/core/jackson-databind/2.4.1/jackson-databind-2.4.1.jar
7f1a66dda000-7f1a66dde000 r--s 00034000 08:07 12479955                   /home/rubn/.m2/repository/com/fasterxml/jackson/core/jackson-core/2.4.1/jackson-core-2.4.1.jar
7f1a66dde000-7f1a66ddf000 r--s 00002000 08:07 12479952                   /home/rubn/.m2/repository/org/jboss/resteasy/resteasy-jackson2-provider/3.0.10.Final/resteasy-jackson2-provider-3.0.10.Final.jar
7f1a66ddf000-7f1a66de1000 r--s 0000b000 08:07 12479951                   /home/rubn/.m2/repository/javax/xml/bind/jsr173_api/1.0/jsr173_api-1.0.jar
7f1a66de1000-7f1a66de6000 r--s 00043000 08:07 12479948                   /home/rubn/.m2/repository/com/sun/xml/fastinfoset/FastInfoset/1.2.12/FastInfoset-1.2.12.jar
7f1a66de6000-7f1a66de7000 r--s 00005000 08:07 12479947                   /home/rubn/.m2/repository/com/sun/istack/istack-commons-runtime/2.16/istack-commons-runtime-2.16.jar
7f1a66de7000-7f1a66deb000 r--s 00015000 08:07 12479944                   /home/rubn/.m2/repository/javax/xml/bind/jaxb-api/2.2.7/jaxb-api-2.2.7.jar
7f1a66deb000-7f1a66df1000 r--s 00031000 08:07 12479942                   /home/rubn/.m2/repository/com/sun/xml/bind/jaxb-core/2.2.7/jaxb-core-2.2.7.jar
7f1a66df1000-7f1a66e02000 r--s 000d0000 08:07 12479940                   /home/rubn/.m2/repository/com/sun/xml/bind/jaxb-impl/2.2.7/jaxb-impl-2.2.7.jar
7f1a66e02000-7f1a66e04000 r--s 00010000 08:07 12479938                   /home/rubn/.m2/repository/org/jboss/resteasy/resteasy-jaxb-provider/3.0.10.Final/resteasy-jaxb-provider-3.0.10.Final.jar
7f1a66e04000-7f1a66e05000 r--s 00000000 08:07 12479936                   /home/rubn/.m2/repository/net/jcip/jcip-annotations/1.0/jcip-annotations-1.0.jar
7f1a66e05000-7f1a66e0b000 r--s 00032000 08:07 12479932                   /home/rubn/.m2/repository/org/apache/httpcomponents/httpcore/4.2.5/httpcore-4.2.5.jar
7f1a66e0b000-7f1a66e15000 r--s 00061000 08:07 12479930                   /home/rubn/.m2/repository/org/apache/httpcomponents/httpclient/4.2.6/httpclient-4.2.6.jar
7f1a66e15000-7f1a66e17000 r--s 0000e000 08:07 12608125                   /home/rubn/.m2/repository/javax/activation/activation/1.1/activation-1.1.jar
7f1a66e17000-7f1a66e18000 r--s 00004000 08:07 12479926                   /home/rubn/.m2/repository/org/jboss/spec/javax/annotation/jboss-annotations-api_1.1_spec/1.0.1.Final/jboss-annotations-api_1.1_spec-1.0.1.Final.jar
7f1a66e18000-7f1a66e1c000 r--s 00017000 08:07 12479924                   /home/rubn/.m2/repository/org/jboss/resteasy/jaxrs-api/3.0.10.Final/jaxrs-api-3.0.10.Final.jar
7f1a66e1c000-7f1a66e2d000 r--s 000ba000 08:07 12479922                   /home/rubn/.m2/repository/org/jboss/resteasy/resteasy-jaxrs/3.0.10.Final/resteasy-jaxrs-3.0.10.Final.jar
7f1a66e2d000-7f1a66e31000 r--s 0001f000 08:07 12479920                   /home/rubn/.m2/repository/org/jboss/resteasy/resteasy-client/3.0.10.Final/resteasy-client-3.0.10.Final.jar
7f1a66e31000-7f1a66e38000 r--s 0003f000 08:07 8142839                    /home/rubn/.m2/repository/commons-codec/commons-codec/1.10/commons-codec-1.10.jar
7f1a66e38000-7f1a66e39000 r--s 00003000 08:07 3680982                    /home/rubn/.m2/repository/com/vaadin/wscdn/wscdn-client/0.9.1/wscdn-client-0.9.1.jar
7f1a66e39000-7f1a66e4a000 r--s 000e8000 08:07 3557102                    /home/rubn/.m2/repository/org/freemarker/freemarker/2.3.20/freemarker-2.3.20.jar
7f1a66e4a000-7f1a66e4e000 r--s 00028000 08:07 4467289                    /home/rubn/.m2/repository/com/thoughtworks/qdox/qdox/1.12.1/qdox-1.12.1.jar
7f1a66e4e000-7f1a66e52000 r--s 00038000 08:07 3557112                    /home/rubn/.m2/repository/org/codehaus/plexus/plexus-utils/3.0.18/plexus-utils-3.0.18.jar
7f1a66e52000-7f1a66e54000 r--s 0000d000 08:07 12608150                   /home/rubn/.m2/repository/commons-logging/commons-logging/1.1.1/commons-logging-1.1.1.jar
7f1a66e54000-7f1a66e55000 r--s 0000c000 08:07 4466531                    /home/rubn/.m2/repository/org/springframework/spring-asm/3.0.5.RELEASE/spring-asm-3.0.5.RELEASE.jar
7f1a66e55000-7f1a66e5e000 r--s 00055000 08:07 4466529                    /home/rubn/.m2/repository/org/springframework/spring-core/3.0.5.RELEASE/spring-core-3.0.5.RELEASE.jar
7f1a66e5e000-7f1a66e6c000 r--s 0007f000 08:07 12608153                   /home/rubn/.m2/repository/commons-collections/commons-collections/3.2.1/commons-collections-3.2.1.jar
7f1a66e6c000-7f1a66e6f000 r--s 0001b000 08:07 3557109                    /home/rubn/.m2/repository/org/apache/struts/struts-tiles/1.3.8/struts-tiles-1.3.8.jar
7f1a66e6f000-7f1a66e74000 r--s 00039000 08:07 3557108                    /home/rubn/.m2/repository/org/apache/struts/struts-taglib/1.3.8/struts-taglib-1.3.8.jar
7f1a66e74000-7f1a66e79000 r--s 00053000 08:07 3680980                    /home/rubn/.m2/repository/antlr/antlr/2.7.2/antlr-2.7.2.jar
7f1a66e79000-7f1a66e7f000 r--s 0004b000 08:07 3557105                    /home/rubn/.m2/repository/org/apache/struts/struts-core/1.3.8/struts-core-1.3.8.jar
7f1a66e7f000-7f1a66e81000 r--s 00005000 08:07 3557103                    /home/rubn/.m2/repository/sslext/sslext/1.2-0/sslext-1.2-0.jar
7f1a66e81000-7f1a66e83000 r--s 00014000 08:07 3557101                    /home/rubn/.m2/repository/commons-chain/commons-chain/1.1/commons-chain-1.1.jar
7f1a66e83000-7f1a66e89000 r--s 0004f000 08:07 3557091                    /home/rubn/.m2/repository/org/apache/velocity/velocity-tools/2.0/velocity-tools-2.0.jar
7f1a66e89000-7f1a66e91000 r--s 00058000 08:07 3548408                    /home/rubn/.m2/repository/org/apache/velocity/velocity/1.5/velocity-1.5.jar
7f1a66e91000-7f1a66e92000 r--s 00001000 08:07 4466525                    /home/rubn/.m2/repository/org/codehaus/plexus/plexus-velocity/1.1.7/plexus-velocity-1.1.7.jar
7f1a66e92000-7f1a66e93000 r--s 00002000 08:07 4466523                    /home/rubn/.m2/repository/org/codehaus/plexus/plexus-i18n/1.0-beta-7/plexus-i18n-1.0-beta-7.jar
7f1a66e93000-7f1a66e95000 r--s 00008000 08:07 4467294                    /home/rubn/.m2/repository/org/apache/maven/doxia/doxia-module-fml/1.6/doxia-module-fml-1.6.jar
7f1a66e95000-7f1a66e96000 r--s 00003000 08:07 4467292                    /home/rubn/.m2/repository/org/apache/maven/doxia/doxia-module-xhtml/1.6/doxia-module-xhtml-1.6.jar
7f1a66e96000-7f1a66e98000 r--s 0000c000 08:07 4467290                    /home/rubn/.m2/repository/org/apache/maven/doxia/doxia-decoration-model/1.6/doxia-decoration-model-1.6.jar
7f1a66e98000-7f1a66e9a000 r--s 0000c000 08:07 4467282                    /home/rubn/.m2/repository/org/apache/maven/doxia/doxia-site-renderer/1.6/doxia-site-renderer-1.6.jar
7f1a66e9a000-7f1a66e9b000 r--s 00002000 08:07 3557097                    /home/rubn/.m2/repository/org/apache/maven/doxia/doxia-logging-api/1.6/doxia-logging-api-1.6.jar
7f1a66e9b000-7f1a66e9c000 r--s 00002000 08:07 3557089                    /home/rubn/.m2/repository/org/apache/maven/doxia/doxia-sink-api/1.6/doxia-sink-api-1.6.jar
7f1a66e9c000-7f1a66eaa000 r--s 0008f000 08:07 4465444                    /home/rubn/.m2/repository/com/google/collections/google-collections/1.0/google-collections-1.0.jar
7f1a66eaa000-7f1a66eab000 r--s 0000a000 08:07 4465442                    /home/rubn/.m2/repository/commons-logging/commons-logging-api/1.1/commons-logging-api-1.1.jar
7f1a66eab000-7f1a66eb2000 r--s 00051000 08:07 4465440                    /home/rubn/.m2/repository/log4j/log4j/1.2.12/log4j-1.2.12.jar
7f1a66eb2000-7f1a66eb6000 r--s 0001d000 08:07 4465438                    /home/rubn/.m2/repository/org/apache/xbean/xbean-reflect/3.4/xbean-reflect-3.4.jar
7f1a66eb6000-7f1a66eba000 r--s 00026000 08:07 4466509                    /home/rubn/.m2/repository/commons-digester/commons-digester/1.6/commons-digester-1.6.jar
7f1a66eba000-7f1a66ebf000 r--s 0002a000 08:07 4466507                    /home/rubn/.m2/repository/commons-beanutils/commons-beanutils/1.7.0/commons-beanutils-1.7.0.jar
7f1a66ebf000-7f1a66ec2000 r--s 00014000 08:07 4466505                    /home/rubn/.m2/repository/commons-validator/commons-validator/1.2.0/commons-validator-1.2.0.jar
7f1a66ec2000-7f1a66ec8000 r--s 00045000 08:07 4466501                    /home/rubn/.m2/repository/commons-httpclient/commons-httpclient/3.1/commons-httpclient-3.1.jar
7f1a66ec8000-7f1a66ecc000 r--s 00023000 08:07 4466499                    /home/rubn/.m2/repository/org/apache/maven/doxia/doxia-core/1.1.2/doxia-core-1.1.2.jar
7f1a66ecc000-7f1a66ed3000 r--s 00000000 08:06 7345213                    /usr/lib/x86_64-linux-gnu/gconv/gconv-modules.cache
7f1a66ed3000-7f1a66ee4000 r-xp 00000000 08:06 11143505                   /opt/java/jdk1.8.0_92/jre/lib/amd64/libnio.so
7f1a66ee4000-7f1a670e3000 ---p 00011000 08:06 11143505                   /opt/java/jdk1.8.0_92/jre/lib/amd64/libnio.so
7f1a670e3000-7f1a670e4000 rw-p 00010000 08:06 11143505                   /opt/java/jdk1.8.0_92/jre/lib/amd64/libnio.so
7f1a670e4000-7f1a673e5000 rw-p 00000000 00:00 0 
7f1a673e5000-7f1a673fb000 r-xp 00000000 08:06 11143504                   /opt/java/jdk1.8.0_92/jre/lib/amd64/libnet.so
7f1a673fb000-7f1a675fb000 ---p 00016000 08:06 11143504                   /opt/java/jdk1.8.0_92/jre/lib/amd64/libnet.so
7f1a675fb000-7f1a675fc000 rw-p 00016000 08:06 11143504                   /opt/java/jdk1.8.0_92/jre/lib/amd64/libnet.so
7f1a675fc000-7f1a677fc000 rw-p 00000000 00:00 0 
7f1a677fc000-7f1a679fc000 rw-p 00000000 00:00 0 
7f1a679fc000-7f1a67bfc000 rw-p 00000000 00:00 0 
7f1a67bfc000-7f1a67bfd000 ---p 00000000 00:00 0 
7f1a67bfd000-7f1a67cfd000 rw-p 00000000 00:00 0 
7f1a67cfd000-7f1a67d00000 ---p 00000000 00:00 0 
7f1a67d00000-7f1a67dfe000 rw-p 00000000 00:00 0 
7f1a67dfe000-7f1a67e01000 ---p 00000000 00:00 0 
7f1a67e01000-7f1a67eff000 rw-p 00000000 00:00 0 
7f1a67eff000-7f1a67f02000 ---p 00000000 00:00 0 
7f1a67f02000-7f1a68000000 rw-p 00000000 00:00 0 
7f1a68000000-7f1a68021000 rw-p 00000000 00:00 0 
7f1a68021000-7f1a6c000000 ---p 00000000 00:00 0 
7f1a6c000000-7f1a6c002000 r--s 0000e000 08:07 3548411                    /home/rubn/.m2/repository/oro/oro/2.0.8/oro-2.0.8.jar
7f1a6c002000-7f1a6c028000 r--p 00000000 08:06 8785835                    /usr/share/locale-langpack/es/LC_MESSAGES/libc.mo
7f1a6c028000-7f1a6c02a000 r--s 00003000 08:07 4466497                    /home/rubn/.m2/repository/org/apache/maven/reporting/maven-reporting-impl/2.1/maven-reporting-impl-2.1.jar
7f1a6c02a000-7f1a6c02b000 r--s 00002000 08:07 4466495                    /home/rubn/.m2/repository/org/apache/maven/reporting/maven-reporting-api/3.0/maven-reporting-api-3.0.jar
7f1a6c02b000-7f1a6c02d000 r--s 00002000 08:07 3677309                    /home/rubn/.m2/repository/org/sonatype/plexus/plexus-cipher/1.4/plexus-cipher-1.4.jar
7f1a6c02d000-7f1a6c02e000 r--s 00006000 08:07 3677307                    /home/rubn/.m2/repository/org/sonatype/plexus/plexus-sec-dispatcher/1.3/plexus-sec-dispatcher-1.3.jar
7f1a6c02e000-7f1a6c032000 r--s 0001c000 08:07 8012114                    /home/rubn/.m2/repository/org/sonatype/aether/aether-util/1.13.1/aether-util-1.13.1.jar
7f1a6c032000-7f1a6c034000 r--s 00000000 08:07 3548387                    /home/rubn/.m2/repository/org/codehaus/plexus/plexus-component-annotations/1.5.5/plexus-component-annotations-1.5.5.jar
7f1a6c034000-7f1a6c053000 r--s 00152000 08:07 8012046                    /home/rubn/.m2/repository/org/sonatype/sisu/sisu-guava/0.9.9/sisu-guava-0.9.9.jar
7f1a6c053000-7f1a6c05b000 r--s 00050000 08:07 8012040                    /home/rubn/.m2/repository/org/sonatype/sisu/sisu-guice/3.1.0/sisu-guice-3.1.0-no_aop.jar
7f1a6c05b000-7f1a6c062000 r--s 00040000 08:07 8012036                    /home/rubn/.m2/repository/org/sonatype/sisu/sisu-inject-bean/2.3.0/sisu-inject-bean-2.3.0.jar
7f1a6c062000-7f1a6c064000 r--s 0000d000 08:07 4074238                    /home/rubn/.m2/repository/org/codehaus/plexus/plexus-interpolation/1.14/plexus-interpolation-1.14.jar
7f1a6c064000-7f1a6c067000 r--s 00035000 08:07 3680923                    /home/rubn/.m2/repository/com/vaadin/vaadin-maven-plugin/7.7.3/vaadin-maven-plugin-7.7.3.jar
7f1a6c067000-7f1a6c06b000 r--s 00097000 08:06 11143447                   /opt/java/jdk1.8.0_92/jre/lib/jsse.jar
7f1a6c06b000-7f1a6c075000 r--s 00116000 08:06 11143646                   /opt/java/jdk1.8.0_92/jre/lib/ext/localedata.jar
7f1a6c075000-7f1a6c076000 r--s 00002000 08:07 4074255                    /home/rubn/Documentos/java/eclipse-jee-mars-2-linux-gtk-x86 64/eclipse/plugins/org.eclipse.m2e.maven.runtime.slf4j.simple_1.7.0.20160603-1931/jars/slf4j-simple-1.7.5.jar
7f1a6c076000-7f1a6c07b000 r--s 00041000 08:07 4074479                    /home/rubn/Documentos/java/eclipse-jee-mars-2-linux-gtk-x86 64/eclipse/plugins/org.eclipse.m2e.maven.runtime_1.7.0.20160603-1931/jars/commons-lang-2.6.jar
7f1a6c07b000-7f1a6c07c000 r--s 00002000 08:07 4074514                    /home/rubn/Documentos/java/eclipse-jee-mars-2-linux-gtk-x86 64/eclipse/plugins/org.eclipse.m2e.maven.runtime_1.7.0.20160603-1931/jars/wagon-file-2.10.jar
7f1a6c07c000-7f1a6c07e000 r--s 00005000 08:07 4074475                    /home/rubn/Documentos/java/eclipse-jee-mars-2-linux-gtk-x86 64/eclipse/plugins/org.eclipse.m2e.maven.runtime_1.7.0.20160603-1931/jars/aether-transport-wagon-1.0.2.v20150114.jar
7f1a6c07e000-7f1a6c07f000 r--s 00008000 08:07 4074471                    /home/rubn/Documentos/java/eclipse-jee-mars-2-linux-gtk-x86 64/eclipse/plugins/org.eclipse.m2e.maven.runtime_1.7.0.20160603-1931/jars/aether-connector-basic-1.0.2.v20150114.jar
7f1a6c07f000-7f1a6c081000 r--s 0000f000 08:07 4074497                    /home/rubn/Documentos/java/eclipse-jee-mars-2-linux-gtk-x86 64/eclipse/plugins/org.eclipse.m2e.maven.runtime_1.7.0.20160603-1931/jars/okio-1.6.0.jar
7f1a6c081000-7f1a6c086000 r--s 00049000 08:07 4074496                    /home/rubn/Documentos/java/eclipse-jee-mars-2-linux-gtk-x86 64/eclipse/plugins/org.eclipse.m2e.maven.runtime_1.7.0.20160603-1931/jars/okhttp-2.5.0.jar
7f1a6c086000-7f1a6c088000 r--s 0000b000 08:07 4074472                    /home/rubn/Documentos/java/eclipse-jee-mars-2-linux-gtk-x86 64/eclipse/plugins/org.eclipse.m2e.maven.runtime_1.7.0.20160603-1931/jars/aether-connector-okhttp-0.16.0.jar
7f1a6c088000-7f1a6c08a000 r--s 00006000 08:07 4074474                    /home/rubn/Documentos/java/eclipse-jee-mars-2-linux-gtk-x86 64/eclipse/plugins/org.eclipse.m2e.maven.runtime_1.7.0.20160603-1931/jars/aether-spi-1.0.2.v20150114.jar
7f1a6c08a000-7f1a6c08e000 r--s 00027000 08:07 4074473                    /home/rubn/Documentos/java/eclipse-jee-mars-2-linux-gtk-x86 64/eclipse/plugins/org.eclipse.m2e.maven.runtime_1.7.0.20160603-1931/jars/aether-impl-1.0.2.v20150114.jar
7f1a6c08e000-7f1a6c091000 ---p 00000000 00:00 0 
7f1a6c091000-7f1a6c18f000 rw-p 00000000 00:00 0 
7f1a6c18f000-7f1a6c192000 ---p 00000000 00:00 0 
7f1a6c192000-7f1a70000000 rw-p 00000000 00:00 0 
7f1a70000000-7f1a70021000 rw-p 00000000 00:00 0 
7f1a70021000-7f1a74000000 ---p 00000000 00:00 0 
7f1a74000000-7f1a7402b000 r--s 001fc000 08:07 4074481                    /home/rubn/Documentos/java/eclipse-jee-mars-2-linux-gtk-x86 64/eclipse/plugins/org.eclipse.m2e.maven.runtime_1.7.0.20160603-1931/jars/guava-18.0.jar
7f1a7402b000-7f1a74033000 r--s 00055000 08:07 4074498                    /home/rubn/Documentos/java/eclipse-jee-mars-2-linux-gtk-x86 64/eclipse/plugins/org.eclipse.m2e.maven.runtime_1.7.0.20160603-1931/jars/org.eclipse.sisu.inject-0.3.2.jar
7f1a74033000-7f1a74034000 r--s 00001000 08:07 4074483                    /home/rubn/Documentos/java/eclipse-jee-mars-2-linux-gtk-x86 64/eclipse/plugins/org.eclipse.m2e.maven.runtime_1.7.0.20160603-1931/jars/jsr250-api-1.0.jar
7f1a74034000-7f1a74037000 r--s 00008000 08:07 4074477                    /home/rubn/Documentos/java/eclipse-jee-mars-2-linux-gtk-x86 64/eclipse/plugins/org.eclipse.m2e.maven.runtime_1.7.0.20160603-1931/jars/cdi-api-1.0.jar
7f1a74037000-7f1a7403d000 r--s 0002d000 08:07 4074505                    /home/rubn/Documentos/java/eclipse-jee-mars-2-linux-gtk-x86 64/eclipse/plugins/org.eclipse.m2e.maven.runtime_1.7.0.20160603-1931/jars/org.eclipse.sisu.plexus-0.3.2.jar
7f1a7403d000-7f1a74040000 r--s 0000b000 08:07 4074515                    /home/rubn/Documentos/java/eclipse-jee-mars-2-linux-gtk-x86 64/eclipse/plugins/org.eclipse.m2e.maven.runtime_1.7.0.20160603-1931/jars/wagon-provider-api-2.10.jar
7f1a74040000-7f1a74046000 r--s 00041000 08:07 4074487                    /home/rubn/Documentos/java/eclipse-jee-mars-2-linux-gtk-x86 64/eclipse/plugins/org.eclipse.m2e.maven.runtime_1.7.0.20160603-1931/jars/maven-compat-3.3.9.jar
7f1a74046000-7f1a74048000 r--s 00009000 08:07 4074478                    /home/rubn/Documentos/java/eclipse-jee-mars-2-linux-gtk-x86 64/eclipse/plugins/org.eclipse.m2e.maven.runtime_1.7.0.20160603-1931/jars/commons-cli-1.2.jar
7f1a74048000-7f1a7404a000 r--s 00002000 08:07 4074507                    /home/rubn/Documentos/java/eclipse-jee-mars-2-linux-gtk-x86 64/eclipse/plugins/org.eclipse.m2e.maven.runtime_1.7.0.20160603-1931/jars/plexus-cipher-1.7.jar
7f1a7404a000-7f1a7404d000 r--s 00013000 08:07 4074489                    /home/rubn/Documentos/java/eclipse-jee-mars-2-linux-gtk-x86 64/eclipse/plugins/org.eclipse.m2e.maven.runtime_1.7.0.20160603-1931/jars/maven-embedder-3.3.9.jar
7f1a7404d000-7f1a74054000 r--s 00064000 08:07 4074480                    /home/rubn/Documentos/java/eclipse-jee-mars-2-linux-gtk-x86 64/eclipse/plugins/org.eclipse.m2e.maven.runtime_1.7.0.20160603-1931/jars/commons-lang3-3.4.jar
7f1a74054000-7f1a74057000 ---p 00000000 00:00 0 
7f1a74057000-7f1a74155000 rw-p 00000000 00:00 0 
7f1a74155000-7f1a74837000 r--p 00000000 08:06 6954089                    /usr/lib/locale/locale-archive
7f1a74837000-7f1a7483a000 ---p 00000000 00:00 0 
7f1a7483a000-7f1a74938000 rw-p 00000000 00:00 0 
7f1a74938000-7f1a7493b000 ---p 00000000 00:00 0 
7f1a7493b000-7f1a74a39000 rw-p 00000000 00:00 0 
7f1a74a39000-7f1a74a3a000 ---p 00000000 00:00 0 
7f1a74a3a000-7f1a7675d000 rw-p 00000000 00:00 0 
7f1a7675d000-7f1a76936000 r--s 03d24000 08:06 11143457                   /opt/java/jdk1.8.0_92/jre/lib/rt.jar
7f1a76936000-7f1a77583000 rw-p 00000000 00:00 0 
7f1a77583000-7f1a77584000 ---p 00000000 00:00 0 
7f1a77584000-7f1a77684000 rw-p 00000000 00:00 0 
7f1a77684000-7f1a77685000 ---p 00000000 00:00 0 
7f1a77685000-7f1a77785000 rw-p 00000000 00:00 0 
7f1a77785000-7f1a77786000 ---p 00000000 00:00 0 
7f1a77786000-7f1a77886000 rw-p 00000000 00:00 0 
7f1a77886000-7f1a77887000 ---p 00000000 00:00 0 
7f1a77887000-7f1a77987000 rw-p 00000000 00:00 0 
7f1a77987000-7f1a77988000 ---p 00000000 00:00 0 
7f1a77988000-7f1a77a88000 rw-p 00000000 00:00 0 
7f1a77a88000-7f1a77a89000 ---p 00000000 00:00 0 
7f1a77a89000-7f1a77b89000 rw-p 00000000 00:00 0 
7f1a77b89000-7f1a77b8a000 ---p 00000000 00:00 0 
7f1a77b8a000-7f1a77c8a000 rw-p 00000000 00:00 0 
7f1a77c8a000-7f1a77c8b000 ---p 00000000 00:00 0 
7f1a77c8b000-7f1a77daa000 rw-p 00000000 00:00 0 
7f1a77daa000-7f1a7801b000 ---p 00000000 00:00 0 
7f1a7801b000-7f1a7803a000 rw-p 00000000 00:00 0 
7f1a7803a000-7f1a782aa000 ---p 00000000 00:00 0 
7f1a782aa000-7f1a78334000 rw-p 00000000 00:00 0 
7f1a78334000-7f1a783f2000 ---p 00000000 00:00 0 
7f1a783f2000-7f1a7842f000 rw-p 00000000 00:00 0 
7f1a7842f000-7f1a787b3000 ---p 00000000 00:00 0 
7f1a787b3000-7f1a79693000 rwxp 00000000 00:00 0 
7f1a79693000-7f1a877b3000 ---p 00000000 00:00 0 
7f1a877b3000-7f1a877cd000 r-xp 00000000 08:06 11143519                   /opt/java/jdk1.8.0_92/jre/lib/amd64/libzip.so
7f1a877cd000-7f1a879cd000 ---p 0001a000 08:06 11143519                   /opt/java/jdk1.8.0_92/jre/lib/amd64/libzip.so
7f1a879cd000-7f1a879ce000 rw-p 0001a000 08:06 11143519                   /opt/java/jdk1.8.0_92/jre/lib/amd64/libzip.so
7f1a879ce000-7f1a879d8000 r-xp 00000000 08:06 16520399                   /lib/x86_64-linux-gnu/libnss_files-2.21.so
7f1a879d8000-7f1a87bd8000 ---p 0000a000 08:06 16520399                   /lib/x86_64-linux-gnu/libnss_files-2.21.so
7f1a87bd8000-7f1a87bd9000 r--p 0000a000 08:06 16520399                   /lib/x86_64-linux-gnu/libnss_files-2.21.so
7f1a87bd9000-7f1a87bda000 rw-p 0000b000 08:06 16520399                   /lib/x86_64-linux-gnu/libnss_files-2.21.so
7f1a87bda000-7f1a87be5000 r-xp 00000000 08:06 16520425                   /lib/x86_64-linux-gnu/libnss_nis-2.21.so
7f1a87be5000-7f1a87de4000 ---p 0000b000 08:06 16520425                   /lib/x86_64-linux-gnu/libnss_nis-2.21.so
7f1a87de4000-7f1a87de5000 r--p 0000a000 08:06 16520425                   /lib/x86_64-linux-gnu/libnss_nis-2.21.so
7f1a87de5000-7f1a87de6000 rw-p 0000b000 08:06 16520425                   /lib/x86_64-linux-gnu/libnss_nis-2.21.so
7f1a87de6000-7f1a87dfd000 r-xp 00000000 08:06 16520428                   /lib/x86_64-linux-gnu/libnsl-2.21.so
7f1a87dfd000-7f1a87ffc000 ---p 00017000 08:06 16520428                   /lib/x86_64-linux-gnu/libnsl-2.21.so
7f1a87ffc000-7f1a87ffd000 r--p 00016000 08:06 16520428                   /lib/x86_64-linux-gnu/libnsl-2.21.so
7f1a87ffd000-7f1a87ffe000 rw-p 00017000 08:06 16520428                   /lib/x86_64-linux-gnu/libnsl-2.21.so
7f1a87ffe000-7f1a88000000 rw-p 00000000 00:00 0 
7f1a88000000-7f1a89c5e000 rw-p 00000000 00:00 0 
7f1a89c5e000-7f1a8c000000 ---p 00000000 00:00 0 
7f1a8c000000-7f1a8c002000 r--s 00000000 08:07 4074509                    /home/rubn/Documentos/java/eclipse-jee-mars-2-linux-gtk-x86 64/eclipse/plugins/org.eclipse.m2e.maven.runtime_1.7.0.20160603-1931/jars/plexus-component-annotations-1.6.jar
7f1a8c002000-7f1a8c006000 r--s 00038000 08:07 4074512                    /home/rubn/Documentos/java/eclipse-jee-mars-2-linux-gtk-x86 64/eclipse/plugins/org.eclipse.m2e.maven.runtime_1.7.0.20160603-1931/jars/plexus-utils-3.0.22.jar
7f1a8c006000-7f1a8c009000 r--s 0000d000 08:07 4074510                    /home/rubn/Documentos/java/eclipse-jee-mars-2-linux-gtk-x86 64/eclipse/plugins/org.eclipse.m2e.maven.runtime_1.7.0.20160603-1931/jars/plexus-interpolation-1.21.jar
7f1a8c009000-7f1a8c012000 r--s 0005f000 08:07 4074482                    /home/rubn/Documentos/java/eclipse-jee-mars-2-linux-gtk-x86 64/eclipse/plugins/org.eclipse.m2e.maven.runtime_1.7.0.20160603-1931/jars/guice-4.0-no_aop.jar
7f1a8c012000-7f1a8c016000 r--s 00020000 08:07 4074476                    /home/rubn/Documentos/java/eclipse-jee-mars-2-linux-gtk-x86 64/eclipse/plugins/org.eclipse.m2e.maven.runtime_1.7.0.20160603-1931/jars/aether-util-1.0.2.v20150114.jar
7f1a8c016000-7f1a8c01b000 r--s 0001d000 08:07 4074470                    /home/rubn/Documentos/java/eclipse-jee-mars-2-linux-gtk-x86 64/eclipse/plugins/org.eclipse.m2e.maven.runtime_1.7.0.20160603-1931/jars/aether-api-1.0.2.v20150114.jar
7f1a8c01b000-7f1a8c06a000 rw-p 00000000 00:00 0 
7f1a8c06a000-7f1a8c072000 r-xp 00000000 08:06 16520407                   /lib/x86_64-linux-gnu/libnss_compat-2.21.so
7f1a8c072000-7f1a8c271000 ---p 00008000 08:06 16520407                   /lib/x86_64-linux-gnu/libnss_compat-2.21.so
7f1a8c271000-7f1a8c272000 r--p 00007000 08:06 16520407                   /lib/x86_64-linux-gnu/libnss_compat-2.21.so
7f1a8c272000-7f1a8c273000 rw-p 00008000 08:06 16520407                   /lib/x86_64-linux-gnu/libnss_compat-2.21.so
7f1a8c273000-7f1a8c29d000 r-xp 00000000 08:06 11143483                   /opt/java/jdk1.8.0_92/jre/lib/amd64/libjava.so
7f1a8c29d000-7f1a8c49d000 ---p 0002a000 08:06 11143483                   /opt/java/jdk1.8.0_92/jre/lib/amd64/libjava.so
7f1a8c49d000-7f1a8c49f000 rw-p 0002a000 08:06 11143483                   /opt/java/jdk1.8.0_92/jre/lib/amd64/libjava.so
7f1a8c49f000-7f1a8c4ac000 r-xp 00000000 08:06 11143518                   /opt/java/jdk1.8.0_92/jre/lib/amd64/libverify.so
7f1a8c4ac000-7f1a8c6ac000 ---p 0000d000 08:06 11143518                   /opt/java/jdk1.8.0_92/jre/lib/amd64/libverify.so
7f1a8c6ac000-7f1a8c6ae000 rw-p 0000d000 08:06 11143518                   /opt/java/jdk1.8.0_92/jre/lib/amd64/libverify.so
7f1a8c6ae000-7f1a8c6b5000 r-xp 00000000 08:06 16520404                   /lib/x86_64-linux-gnu/librt-2.21.so
7f1a8c6b5000-7f1a8c8b4000 ---p 00007000 08:06 16520404                   /lib/x86_64-linux-gnu/librt-2.21.so
7f1a8c8b4000-7f1a8c8b5000 r--p 00006000 08:06 16520404                   /lib/x86_64-linux-gnu/librt-2.21.so
7f1a8c8b5000-7f1a8c8b6000 rw-p 00007000 08:06 16520404                   /lib/x86_64-linux-gnu/librt-2.21.so
7f1a8c8b6000-7f1a8c9bd000 r-xp 00000000 08:06 16520414                   /lib/x86_64-linux-gnu/libm-2.21.so
7f1a8c9bd000-7f1a8cbbc000 ---p 00107000 08:06 16520414                   /lib/x86_64-linux-gnu/libm-2.21.so
7f1a8cbbc000-7f1a8cbbd000 r--p 00106000 08:06 16520414                   /lib/x86_64-linux-gnu/libm-2.21.so
7f1a8cbbd000-7f1a8cbbe000 rw-p 00107000 08:06 16520414                   /lib/x86_64-linux-gnu/libm-2.21.so
7f1a8cbbe000-7f1a8d881000 r-xp 00000000 08:06 11143524                   /opt/java/jdk1.8.0_92/jre/lib/amd64/server/libjvm.so
7f1a8d881000-7f1a8da80000 ---p 00cc3000 08:06 11143524                   /opt/java/jdk1.8.0_92/jre/lib/amd64/server/libjvm.so
7f1a8da80000-7f1a8db59000 rw-p 00cc2000 08:06 11143524                   /opt/java/jdk1.8.0_92/jre/lib/amd64/server/libjvm.so
7f1a8db59000-7f1a8dba4000 rw-p 00000000 00:00 0 
7f1a8dba4000-7f1a8dd64000 r-xp 00000000 08:06 16520431                   /lib/x86_64-linux-gnu/libc-2.21.so
7f1a8dd64000-7f1a8df64000 ---p 001c0000 08:06 16520431                   /lib/x86_64-linux-gnu/libc-2.21.so
7f1a8df64000-7f1a8df68000 r--p 001c0000 08:06 16520431                   /lib/x86_64-linux-gnu/libc-2.21.so
7f1a8df68000-7f1a8df6a000 rw-p 001c4000 08:06 16520431                   /lib/x86_64-linux-gnu/libc-2.21.so
7f1a8df6a000-7f1a8df6e000 rw-p 00000000 00:00 0 
7f1a8df6e000-7f1a8df71000 r-xp 00000000 08:06 16520418                   /lib/x86_64-linux-gnu/libdl-2.21.so
7f1a8df71000-7f1a8e170000 ---p 00003000 08:06 16520418                   /lib/x86_64-linux-gnu/libdl-2.21.so
7f1a8e170000-7f1a8e171000 r--p 00002000 08:06 16520418                   /lib/x86_64-linux-gnu/libdl-2.21.so
7f1a8e171000-7f1a8e172000 rw-p 00003000 08:06 16520418                   /lib/x86_64-linux-gnu/libdl-2.21.so
7f1a8e172000-7f1a8e187000 r-xp 00000000 08:06 11143764                   /opt/java/jdk1.8.0_92/lib/amd64/jli/libjli.so
7f1a8e187000-7f1a8e387000 ---p 00015000 08:06 11143764                   /opt/java/jdk1.8.0_92/lib/amd64/jli/libjli.so
7f1a8e387000-7f1a8e388000 rw-p 00015000 08:06 11143764                   /opt/java/jdk1.8.0_92/lib/amd64/jli/libjli.so
7f1a8e388000-7f1a8e3a0000 r-xp 00000000 08:06 16520415                   /lib/x86_64-linux-gnu/libpthread-2.21.so
7f1a8e3a0000-7f1a8e5a0000 ---p 00018000 08:06 16520415                   /lib/x86_64-linux-gnu/libpthread-2.21.so
7f1a8e5a0000-7f1a8e5a1000 r--p 00018000 08:06 16520415                   /lib/x86_64-linux-gnu/libpthread-2.21.so
7f1a8e5a1000-7f1a8e5a2000 rw-p 00019000 08:06 16520415                   /lib/x86_64-linux-gnu/libpthread-2.21.so
7f1a8e5a2000-7f1a8e5a6000 rw-p 00000000 00:00 0 
7f1a8e5a6000-7f1a8e5ca000 r-xp 00000000 08:06 16520429                   /lib/x86_64-linux-gnu/ld-2.21.so
7f1a8e5ca000-7f1a8e5cb000 r--s 00006000 08:07 4074511                    /home/rubn/Documentos/java/eclipse-jee-mars-2-linux-gtk-x86 64/eclipse/plugins/org.eclipse.m2e.maven.runtime_1.7.0.20160603-1931/jars/plexus-sec-dispatcher-1.3.jar
7f1a8e5cb000-7f1a8e5cd000 r--s 0000f000 08:07 4074484                    /home/rubn/Documentos/java/eclipse-jee-mars-2-linux-gtk-x86 64/eclipse/plugins/org.eclipse.m2e.maven.runtime_1.7.0.20160603-1931/jars/maven-aether-provider-3.3.9.jar
7f1a8e5cd000-7f1a8e5d2000 r--s 00027000 08:07 4074491                    /home/rubn/Documentos/java/eclipse-jee-mars-2-linux-gtk-x86 64/eclipse/plugins/org.eclipse.m2e.maven.runtime_1.7.0.20160603-1931/jars/maven-model-builder-3.3.9.jar
7f1a8e5d2000-7f1a8e5d4000 r--s 0000a000 08:07 4074492                    /home/rubn/Documentos/java/eclipse-jee-mars-2-linux-gtk-x86 64/eclipse/plugins/org.eclipse.m2e.maven.runtime_1.7.0.20160603-1931/jars/maven-plugin-api-3.3.9.jar
7f1a8e5d4000-7f1a8e5d6000 r--s 0000c000 08:07 4074485                    /home/rubn/Documentos/java/eclipse-jee-mars-2-linux-gtk-x86 64/eclipse/plugins/org.eclipse.m2e.maven.runtime_1.7.0.20160603-1931/jars/maven-artifact-3.3.9.jar
7f1a8e5d6000-7f1a8e5d7000 r--s 00006000 08:07 4074493                    /home/rubn/Documentos/java/eclipse-jee-mars-2-linux-gtk-x86 64/eclipse/plugins/org.eclipse.m2e.maven.runtime_1.7.0.20160603-1931/jars/maven-repository-metadata-3.3.9.jar
7f1a8e5d7000-7f1a8e5d8000 r--s 00003000 08:07 4074486                    /home/rubn/Documentos/java/eclipse-jee-mars-2-linux-gtk-x86 64/eclipse/plugins/org.eclipse.m2e.maven.runtime_1.7.0.20160603-1931/jars/maven-builder-support-3.3.9.jar
7f1a8e5d8000-7f1a8e5da000 r--s 00009000 08:07 4074495                    /home/rubn/Documentos/java/eclipse-jee-mars-2-linux-gtk-x86 64/eclipse/plugins/org.eclipse.m2e.maven.runtime_1.7.0.20160603-1931/jars/maven-settings-builder-3.3.9.jar
7f1a8e5da000-7f1a8e5dd000 r--s 00026000 08:07 4074490                    /home/rubn/Documentos/java/eclipse-jee-mars-2-linux-gtk-x86 64/eclipse/plugins/org.eclipse.m2e.maven.runtime_1.7.0.20160603-1931/jars/maven-model-3.3.9.jar
7f1a8e5dd000-7f1a8e6a8000 rw-p 00000000 00:00 0 
7f1a8e6a8000-7f1a8e6ab000 ---p 00000000 00:00 0 
7f1a8e6ab000-7f1a8e7ad000 rw-p 00000000 00:00 0 
7f1a8e7ad000-7f1a8e7ae000 r--s 0000a000 08:07 4074494                    /home/rubn/Documentos/java/eclipse-jee-mars-2-linux-gtk-x86 64/eclipse/plugins/org.eclipse.m2e.maven.runtime_1.7.0.20160603-1931/jars/maven-settings-3.3.9.jar
7f1a8e7ae000-7f1a8e7bb000 r--s 0008f000 08:07 4074488                    /home/rubn/Documentos/java/eclipse-jee-mars-2-linux-gtk-x86 64/eclipse/plugins/org.eclipse.m2e.maven.runtime_1.7.0.20160603-1931/jars/maven-core-3.3.9.jar
7f1a8e7bb000-7f1a8e7bd000 r--s 0000b000 08:07 4074508                    /home/rubn/Documentos/java/eclipse-jee-mars-2-linux-gtk-x86 64/eclipse/plugins/org.eclipse.m2e.maven.runtime_1.7.0.20160603-1931/jars/plexus-classworlds-2.5.2.jar
7f1a8e7bd000-7f1a8e7c5000 rw-s 00000000 08:06 24117275                   /tmp/hsperfdata_rubn/21921
7f1a8e7c5000-7f1a8e7c6000 rw-p 00000000 00:00 0 
7f1a8e7c6000-7f1a8e7c7000 ---p 00000000 00:00 0 
7f1a8e7c7000-7f1a8e7c9000 rw-p 00000000 00:00 0 
7f1a8e7c9000-7f1a8e7ca000 r--p 00023000 08:06 16520429                   /lib/x86_64-linux-gnu/ld-2.21.so
7f1a8e7ca000-7f1a8e7cb000 rw-p 00024000 08:06 16520429                   /lib/x86_64-linux-gnu/ld-2.21.so
7f1a8e7cb000-7f1a8e7cc000 rw-p 00000000 00:00 0 
7ffe0313a000-7ffe0315b000 rw-p 00000000 00:00 0                          [stack]
7ffe0316c000-7ffe0316e000 r--p 00000000 00:00 0                          [vvar]
7ffe0316e000-7ffe03170000 r-xp 00000000 00:00 0                          [vdso]
ffffffffff600000-ffffffffff601000 r-xp 00000000 00:00 0                  [vsyscall]

VM Arguments:
jvm_args: -Dmaven.home=EMBEDDED -Dclassworlds.conf=/home/rubn/workspace/.metadata/.plugins/org.eclipse.m2e.launching/launches/m2conf8779248498219852981.tmp -Dmaven.multiModuleProjectDirectory=/home/rubn/Documentos/java/aplicaciones/maven/MVP -Dfile.encoding=UTF-8 
java_command: org.codehaus.plexus.classworlds.launcher.Launcher -B jetty:run
java_class_path (initial): /home/rubn/Documentos/java/eclipse-jee-mars-2-linux-gtk-x86 64/eclipse/plugins/org.eclipse.m2e.maven.runtime_1.7.0.20160603-1931/jars/plexus-classworlds-2.5.2.jar
Launcher Type: SUN_STANDARD

Environment Variables:
JAVA_HOME=/opt/java/jdk1.8.0_92
PATH=/opt/maven/apache-maven-3.3.9/bin:/usr/local/sbin:/usr/local/bin:/usr/sbin:/usr/bin:/sbin:/bin:/usr/games:/usr/local/games:/home/rubn/bin:/opt/java/jdk1.8.0_92/bin
SHELL=/bin/bash
DISPLAY=:0.0

Signal Handlers:
SIGSEGV: [libjvm.so+0xabdee0], sa_mask[0]=11111111011111111101111111111110, sa_flags=SA_RESTART|SA_SIGINFO
SIGBUS: [libjvm.so+0xabdee0], sa_mask[0]=11111111011111111101111111111110, sa_flags=SA_RESTART|SA_SIGINFO
SIGFPE: [libjvm.so+0x91a580], sa_mask[0]=11111111011111111101111111111110, sa_flags=SA_RESTART|SA_SIGINFO
SIGPIPE: [libjvm.so+0x91a580], sa_mask[0]=11111111011111111101111111111110, sa_flags=SA_RESTART|SA_SIGINFO
SIGXFSZ: [libjvm.so+0x91a580], sa_mask[0]=11111111011111111101111111111110, sa_flags=SA_RESTART|SA_SIGINFO
SIGILL: [libjvm.so+0x91a580], sa_mask[0]=11111111011111111101111111111110, sa_flags=SA_RESTART|SA_SIGINFO
SIGUSR1: SIG_DFL, sa_mask[0]=00000000000000000000000000000000, sa_flags=none
SIGUSR2: [libjvm.so+0x91bbb0], sa_mask[0]=00100000000000000000000000000000, sa_flags=SA_RESTART|SA_SIGINFO
SIGHUP: [libjvm.so+0x91cfb0], sa_mask[0]=11111111011111111101111111111110, sa_flags=SA_RESTART|SA_SIGINFO
SIGINT: [libjvm.so+0x91cfb0], sa_mask[0]=11111111011111111101111111111110, sa_flags=SA_RESTART|SA_SIGINFO
SIGTERM: [libjvm.so+0x91cfb0], sa_mask[0]=11111111011111111101111111111110, sa_flags=SA_RESTART|SA_SIGINFO
SIGQUIT: [libjvm.so+0x91cfb0], sa_mask[0]=11111111011111111101111111111110, sa_flags=SA_RESTART|SA_SIGINFO


---------------  S Y S T E M  ---------------

OS:DISTRIB_ID=Ubuntu
DISTRIB_RELEASE=15.10
DISTRIB_CODENAME=wily
DISTRIB_DESCRIPTION="Ubuntu 15.10"

uname:Linux 4.2.0-42-generic #49-Ubuntu SMP Tue Jun 28 21:26:26 UTC 2016 x86_64
libc:glibc 2.21 NPTL 2.21 
rlimit: STACK 8192k, CORE 0k, NPROC 31302, NOFILE 65536, AS infinity
load average:0,96 0,66 0,74

/proc/meminfo:
MemTotal:        8050100 kB
MemFree:          564964 kB
MemAvailable:    1046064 kB
Buffers:          149684 kB
Cached:           674788 kB
SwapCached:         7952 kB
Active:          5664160 kB
Inactive:        1506620 kB
Active(anon):    5297952 kB
Inactive(anon):  1251548 kB
Active(file):     366208 kB
Inactive(file):   255072 kB
Unevictable:         248 kB
Mlocked:             248 kB
SwapTotal:      15901692 kB
SwapFree:       15731648 kB
Dirty:               688 kB
Writeback:             0 kB
AnonPages:       6343284 kB
Mapped:           514540 kB
Shmem:            203192 kB
Slab:             108956 kB
SReclaimable:      57492 kB
SUnreclaim:        51464 kB
KernelStack:       13680 kB
PageTables:        64012 kB
NFS_Unstable:          0 kB
Bounce:                0 kB
WritebackTmp:          0 kB
CommitLimit:    19926740 kB
Committed_AS:   10776304 kB
VmallocTotal:   34359738367 kB
VmallocUsed:      397880 kB
VmallocChunk:   34358947836 kB
HardwareCorrupted:     0 kB
AnonHugePages:   3960832 kB
CmaTotal:              0 kB
CmaFree:               0 kB
HugePages_Total:       0
HugePages_Free:        0
HugePages_Rsvd:        0
HugePages_Surp:        0
Hugepagesize:       2048 kB
DirectMap4k:      303612 kB
DirectMap2M:     7960576 kB


CPU:total 8 (4 cores per cpu, 2 threads per core) family 6 model 42 stepping 7, cmov, cx8, fxsr, mmx, sse, sse2, sse3, ssse3, sse4.1, sse4.2, popcnt, avx, aes, clmul, ht, tsc, tscinvbit

/proc/cpuinfo:
processor	: 0
vendor_id	: GenuineIntel
cpu family	: 6
model		: 42
model name	: Intel(R) Core(TM) i7-2600K CPU @ 3.40GHz
stepping	: 7
microcode	: 0x28
cpu MHz		: 3501.601
cache size	: 8192 KB
physical id	: 0
siblings	: 8
core id		: 0
cpu cores	: 4
apicid		: 0
initial apicid	: 0
fpu		: yes
fpu_exception	: yes
cpuid level	: 13
wp		: yes
flags		: fpu vme de pse tsc msr pae mce cx8 apic sep mtrr pge mca cmov pat pse36 clflush dts acpi mmx fxsr sse sse2 ss ht tm pbe syscall nx rdtscp lm constant_tsc arch_perfmon pebs bts rep_good nopl xtopology nonstop_tsc aperfmperf eagerfpu pni pclmulqdq dtes64 monitor ds_cpl vmx est tm2 ssse3 cx16 xtpr pdcm pcid sse4_1 sse4_2 popcnt tsc_deadline_timer aes xsave avx lahf_lm ida arat epb pln pts dtherm tpr_shadow vnmi flexpriority ept vpid xsaveopt
bugs		:
bogomips	: 6784.79
clflush size	: 64
cache_alignment	: 64
address sizes	: 36 bits physical, 48 bits virtual
power management:

processor	: 1
vendor_id	: GenuineIntel
cpu family	: 6
model		: 42
model name	: Intel(R) Core(TM) i7-2600K CPU @ 3.40GHz
stepping	: 7
microcode	: 0x28
cpu MHz		: 3389.640
cache size	: 8192 KB
physical id	: 0
siblings	: 8
core id		: 1
cpu cores	: 4
apicid		: 2
initial apicid	: 2
fpu		: yes
fpu_exception	: yes
cpuid level	: 13
wp		: yes
flags		: fpu vme de pse tsc msr pae mce cx8 apic sep mtrr pge mca cmov pat pse36 clflush dts acpi mmx fxsr sse sse2 ss ht tm pbe syscall nx rdtscp lm constant_tsc arch_perfmon pebs bts rep_good nopl xtopology nonstop_tsc aperfmperf eagerfpu pni pclmulqdq dtes64 monitor ds_cpl vmx est tm2 ssse3 cx16 xtpr pdcm pcid sse4_1 sse4_2 popcnt tsc_deadline_timer aes xsave avx lahf_lm ida arat epb pln pts dtherm tpr_shadow vnmi flexpriority ept vpid xsaveopt
bugs		:
bogomips	: 6784.79
clflush size	: 64
cache_alignment	: 64
address sizes	: 36 bits physical, 48 bits virtual
power management:

processor	: 2
vendor_id	: GenuineIntel
cpu family	: 6
model		: 42
model name	: Intel(R) Core(TM) i7-2600K CPU @ 3.40GHz
stepping	: 7
microcode	: 0x28
cpu MHz		: 3501.734
cache size	: 8192 KB
physical id	: 0
siblings	: 8
core id		: 2
cpu cores	: 4
apicid		: 4
initial apicid	: 4
fpu		: yes
fpu_exception	: yes
cpuid level	: 13
wp		: yes
flags		: fpu vme de pse tsc msr pae mce cx8 apic sep mtrr pge mca cmov pat pse36 clflush dts acpi mmx fxsr sse sse2 ss ht tm pbe syscall nx rdtscp lm constant_tsc arch_perfmon pebs bts rep_good nopl xtopology nonstop_tsc aperfmperf eagerfpu pni pclmulqdq dtes64 monitor ds_cpl vmx est tm2 ssse3 cx16 xtpr pdcm pcid sse4_1 sse4_2 popcnt tsc_deadline_timer aes xsave avx lahf_lm ida arat epb pln pts dtherm tpr_shadow vnmi flexpriority ept vpid xsaveopt
bugs		:
bogomips	: 6784.79
clflush size	: 64
cache_alignment	: 64
address sizes	: 36 bits physical, 48 bits virtual
power management:

processor	: 3
vendor_id	: GenuineIntel
cpu family	: 6
model		: 42
model name	: Intel(R) Core(TM) i7-2600K CPU @ 3.40GHz
stepping	: 7
microcode	: 0x28
cpu MHz		: 3449.937
cache size	: 8192 KB
physical id	: 0
siblings	: 8
core id		: 3
cpu cores	: 4
apicid		: 6
initial apicid	: 6
fpu		: yes
fpu_exception	: yes
cpuid level	: 13
wp		: yes
flags		: fpu vme de pse tsc msr pae mce cx8 apic sep mtrr pge mca cmov pat pse36 clflush dts acpi mmx fxsr sse sse2 ss ht tm pbe syscall nx rdtscp lm constant_tsc arch_perfmon pebs bts rep_good nopl xtopology nonstop_tsc aperfmperf eagerfpu pni pclmulqdq dtes64 monitor ds_cpl vmx est tm2 ssse3 cx16 xtpr pdcm pcid sse4_1 sse4_2 popcnt tsc_deadline_timer aes xsave avx lahf_lm ida arat epb pln pts dtherm tpr_shadow vnmi flexpriority ept vpid xsaveopt
bugs		:
bogomips	: 6784.79
clflush size	: 64
cache_alignment	: 64
address sizes	: 36 bits physical, 48 bits virtual
power management:

processor	: 4
vendor_id	: GenuineIntel
cpu family	: 6
model		: 42
model name	: Intel(R) Core(TM) i7-2600K CPU @ 3.40GHz
stepping	: 7
microcode	: 0x28
cpu MHz		: 3500.007
cache size	: 8192 KB
physical id	: 0
siblings	: 8
core id		: 0
cpu cores	: 4
apicid		: 1
initial apicid	: 1
fpu		: yes
fpu_exception	: yes
cpuid level	: 13
wp		: yes
flags		: fpu vme de pse tsc msr pae mce cx8 apic sep mtrr pge mca cmov pat pse36 clflush dts acpi mmx fxsr sse sse2 ss ht tm pbe syscall nx rdtscp lm constant_tsc arch_perfmon pebs bts rep_good nopl xtopology nonstop_tsc aperfmperf eagerfpu pni pclmulqdq dtes64 monitor ds_cpl vmx est tm2 ssse3 cx16 xtpr pdcm pcid sse4_1 sse4_2 popcnt tsc_deadline_timer aes xsave avx lahf_lm ida arat epb pln pts dtherm tpr_shadow vnmi flexpriority ept vpid xsaveopt
bugs		:
bogomips	: 6784.79
clflush size	: 64
cache_alignment	: 64
address sizes	: 36 bits physical, 48 bits virtual
power management:

processor	: 5
vendor_id	: GenuineIntel
cpu family	: 6
model		: 42
model name	: Intel(R) Core(TM) i7-2600K CPU @ 3.40GHz
stepping	: 7
microcode	: 0x28
cpu MHz		: 3505.453
cache size	: 8192 KB
physical id	: 0
siblings	: 8
core id		: 1
cpu cores	: 4
apicid		: 3
initial apicid	: 3
fpu		: yes
fpu_exception	: yes
cpuid level	: 13
wp		: yes
flags		: fpu vme de pse tsc msr pae mce cx8 apic sep mtrr pge mca cmov pat pse36 clflush dts acpi mmx fxsr sse sse2 ss ht tm pbe syscall nx rdtscp lm constant_tsc arch_perfmon pebs bts rep_good nopl xtopology nonstop_tsc aperfmperf eagerfpu pni pclmulqdq dtes64 monitor ds_cpl vmx est tm2 ssse3 cx16 xtpr pdcm pcid sse4_1 sse4_2 popcnt tsc_deadline_timer aes xsave avx lahf_lm ida arat epb pln pts dtherm tpr_shadow vnmi flexpriority ept vpid xsaveopt
bugs		:
bogomips	: 6784.79
clflush size	: 64
cache_alignment	: 64
address sizes	: 36 bits physical, 48 bits virtual
power management:

processor	: 6
vendor_id	: GenuineIntel
cpu family	: 6
model		: 42
model name	: Intel(R) Core(TM) i7-2600K CPU @ 3.40GHz
stepping	: 7
microcode	: 0x28
cpu MHz		: 3391.234
cache size	: 8192 KB
physical id	: 0
siblings	: 8
core id		: 2
cpu cores	: 4
apicid		: 5
initial apicid	: 5
fpu		: yes
fpu_exception	: yes
cpuid level	: 13
wp		: yes
flags		: fpu vme de pse tsc msr pae mce cx8 apic sep mtrr pge mca cmov pat pse36 clflush dts acpi mmx fxsr sse sse2 ss ht tm pbe syscall nx rdtscp lm constant_tsc arch_perfmon pebs bts rep_good nopl xtopology nonstop_tsc aperfmperf eagerfpu pni pclmulqdq dtes64 monitor ds_cpl vmx est tm2 ssse3 cx16 xtpr pdcm pcid sse4_1 sse4_2 popcnt tsc_deadline_timer aes xsave avx lahf_lm ida arat epb pln pts dtherm tpr_shadow vnmi flexpriority ept vpid xsaveopt
bugs		:
bogomips	: 6784.79
clflush size	: 64
cache_alignment	: 64
address sizes	: 36 bits physical, 48 bits virtual
power management:

processor	: 7
vendor_id	: GenuineIntel
cpu family	: 6
model		: 42
model name	: Intel(R) Core(TM) i7-2600K CPU @ 3.40GHz
stepping	: 7
microcode	: 0x28
cpu MHz		: 3280.468
cache size	: 8192 KB
physical id	: 0
siblings	: 8
core id		: 3
cpu cores	: 4
apicid		: 7
initial apicid	: 7
fpu		: yes
fpu_exception	: yes
cpuid level	: 13
wp		: yes
flags		: fpu vme de pse tsc msr pae mce cx8 apic sep mtrr pge mca cmov pat pse36 clflush dts acpi mmx fxsr sse sse2 ss ht tm pbe syscall nx rdtscp lm constant_tsc arch_perfmon pebs bts rep_good nopl xtopology nonstop_tsc aperfmperf eagerfpu pni pclmulqdq dtes64 monitor ds_cpl vmx est tm2 ssse3 cx16 xtpr pdcm pcid sse4_1 sse4_2 popcnt tsc_deadline_timer aes xsave avx lahf_lm ida arat epb pln pts dtherm tpr_shadow vnmi flexpriority ept vpid xsaveopt
bugs		:
bogomips	: 6784.79
clflush size	: 64
cache_alignment	: 64
address sizes	: 36 bits physical, 48 bits virtual
power management:



Memory: 4k page, physical 8050100k(564964k free), swap 15901692k(15731648k free)

vm_info: Java HotSpot(TM) 64-Bit Server VM (25.92-b14) for linux-amd64 JRE (1.8.0_92-b14), built on Mar 31 2016 21:08:29 by "java_re" with gcc 4.3.0 20080428 (Red Hat 4.3.0-8)

time: Thu Dec  8 23:16:57 2016
elapsed time: 36 seconds (0d 0h 0m 36s)

